0-0 1-1
0-0 1-1
3-3 0-0 1-1 2-2
3-3 0-0 1-1 2-2
3-3 0-0 1-1 2-2
5-6 15-20 13-17 16-21 11-14 15-19 1-2 18-23 6-7 3-3 4-4 14-18 0-0 8-11 10-13 19-24 17-22 12-15 2-0 7-8 9-12
0-0 3-1
0-0 3-1
1-2 7-8 12-15 0-0 6-7 4-5 5-6 10-12 8-9 9-10 2-3 11-14 3-4
0-1 1-2 4-7 6-9 9-13 11-17 8-11 10-14 13-18 7-10 12-16 2-4 5-8 3-5
0-0 1-1
14-11 15-12 16-13 10-7 11-8 17-14 3-1 18-15 8-5 20-16 6-3 2-0 12-9 9-6 21-17 4-1 0-2 13-10
1-2 6-4 11-10 0-0 13-12 3-3 16-13 19-17 9-9 21-18 23-20 18-16 12-11 20-19 8-6 7-8 17-15
15-12 6-4 12-2 23-16 4-6 5-5 3-3 9-1 18-15 8-0 21-8 20-7 10-1 16-14 22-10 11-13
0-2 3-3
0-0 1-1
5-4 0-0 19-18 11-11 21-20 6-6 4-5 10-10 21-21 12-12 22-22 7-7 9-9 14-13 17-16 18-17 8-8 16-15 15-14
0-0 4-6 2-2 1-1 3-5
12-15 0-0 10-11 3-3 5-5 6-6 13-14 14-16 4-4 7-7 9-9 8-8 2-2 11-12 1-1
5-4 0-0 10-11 6-8 12-14 17-23 3-1 13-15 8-9 9-10 14-22 4-3 8-7 15-18 16-20 11-13
1-2 8-14 6-9 0-0 9-13 10-11 11-16 4-5 15-20 5-7 16-22 2-3 7-10 14-21 3-4
1-2 0-0 6-6 4-5 7-7 9-9 8-8 3-4 1-1
1-2 0-0 3-3 11-11 10-10 13-13 7-6 4-4 12-12 9-9 8-8 6-5
1-3 0-2
6-9 22-23 18-19 11-14 5-8 1-2 20-21 13-16 7-10 0-0 26-26 4-5 8-11 10-13 2-3 19-20 23-24 15-17 17-18 12-15 21-22 25-24 24-25 3-4 9-12
1-3 0-2 2-4
1-2 4-7 0-0 7-14 4-6 9-14 8-12 10-10 12-13 9-5 2-3 14-15 6-12 3-5
0-0 6-7 3-3 5-6 4-4 2-2 1-1
11-10 21-20 9-8 12-12 19-17 6-0 14-13 18-18 23-22 22-21 8-7 16-15 20-19 15-14 7-2 10-9
5-9 4-7 9-14 6-11 7-12 3-1 10-15 2-3 0-4 1-0
16-17 17-18 5-4 1-3 0-0 11-11 13-13 10-10 18-22 12-12 7-7 9-9 15-16 8-8 14-15 2-2 19-23 4-1 6-5
8-1 3-11 5-13 2-10 11-3 12-6 4-12 13-18 1-9 7-17 9-5 0-8 10-2
5-4 11-11 13-13 6-6 10-10 0-2 12-12 19-17 7-7 9-9 18-16 8-8 14-15 4-3 20-18 15-14 1-1
14-17 5-6 22-26 17-20 11-14 6-7 4-4 8-10 10-12 13-16 9-11 15-18 1-1 0-0 2-3 18-21 16-19 7-9 3-5 21-25 20-24 19-23
12-15 0-0 3-3 5-5 6-6 14-16 10-13 4-4 7-7 16-18 9-10 13-17 8-8 11-14 2-2 1-1
3-2 0-0 10-11 5-5 12-14 6-6 4-4 13-15 8-9 9-10 2-3 7-8 11-13
0-2 1-4 3-5
1-2 0-0 9-14 11-17 15-23 4-5 10-16 5-7 8-10 3-8 2-3 13-18 14-20 7-9
13-12 0-0 6-7 10-11 12-14 5-6 7-9 4-4 9-10 8-8 14-15 11-13 2-2 1-1 3-5
1-2 2-7 12-15 0-0 4-9 16-17 21-21 22-22 14-19 10-13 20-20 19-5 13-18 11-14 15-16 9-12 23-25
9-7 10-8 0-0 13-11 11-9 7-4 2-2 12-10 8-5 1-1 5-3
20-25 10-17 4-8 7-12 19-26 21-27 17-23 2-2 1-1 8-15 15-22 0-0 6-11 18-24 9-16 3-5 5-10 12-19 11-20 13-18 14-21
3-0 5-7 2-3 1-6 0-4 4-1
11-16 14-11 15-12 0-0 16-16 19-10 6-6 20-20 7-7 9-9 12-18 8-8 10-14 2-2 2-5 3-4 17-17 18-10 5-3
0-0 3-1
0-0 3-1
19-18 0-0 6-7 10-10 5-6 3-1 12-12 9-9 14-13 17-16 18-17 4-3 2-2 16-15 15-14 7-8 1-1 13-11
22-23 5-6 8-9 23-26 6-7 19-25 3-4 18-20 16-18 1-1 0-0 17-19 12-14 4-5 10-13 13-15 9-10 2-3 11-12 15-17 14-16 20-24 7-8
11-16 6-6 3-0 7-7 8-9 10-15 12-17 4-1 5-3
20-13 0-0 9-14 3-3 5-5 6-8 17-10 4-4 11-9 14-18 10-15 12-16 19-12 2-2 21-19 18-11 1-1 15-17
10-6 20-20 14-9 19-18 15-11 18-16 5-0 3-4 17-14 22-21 7-1 4-5 2-3 13-10 11-7 9-2 21-22 6-1 23-23 16-13 12-8
5-9 12-15 0-0 8-6 13-23 4-8 7-6 6-10 14-24 13-17 11-14 2-2 3-7 1-1 9-12 8-4
7-21 2-19 11-4 16-10 20-22 9-2 18-14 0-17 6-20 1-18 12-5 13-7 19-15 15-9 17-13 10-3 14-8
1-2 0-0 4-6 6-8 12-13 13-14 5-7 8-10 9-11 2-3 14-15 11-12 7-9
1-2 12-15 10-11 20-25 15-19 21-26 3-0 18-24 14-18 7-7 10-12 9-10 13-17 16-22 8-8 2-3 11-14 17-23 5-1 6-5
0-0 4-6 2-3 3-4 1-1 5-8
11-16 6-9 4-8 10-15 8-14 5-5 18-27 12-17 7-10 2-2 16-25 23-6 1-1 25-29 15-22 0-0 19-28 16-23 21-4 14-20 9-13 3-12 13-18 17-26
6-4 10-11 13-14 9-8 3-1 2-0 14-12 7-5 8-7 4-2 17-16 16-13
4-7 6-9 12-15 14-17 8-11 10-13 2-1 1-4 13-16 9-12 0-5 3-6 7-10 11-14 15-18 5-8
16-16 21-21 3-0 20-20 14-13 5-1 2-5 0-3 7-2 26-25 13-12 19-18 12-10 4-1 15-15 10-9 1-4 9-6 11-7 22-22 25-24 18-14 23-23 17-17
1-2 10-8 0-0 6-6 4-5 2-3 3-4 9-7
0-0 6-7 5-6 4-4 10-12 8-8 2-3 9-11 7-10 1-1 3-5
0-0 8-13 9-14 4-5 5-7 6-10 2-1 10-15 7-11 3-4 1-1
1-2 4-10 6-9 0-0 7-14 13-23 19-28 16-25 15-21 10-19 5-13 11-22 12-24 18-27 3-6 9-18 2-5 17-27 8-15
0-1 1-2
26-24 21-21 6-6 20-20 22-19 24-22 16-14 28-26 12-9 25-23 15-12 17-15 27-25 18-16 2-2 3-4 1-1 0-0 4-5 19-17 13-10 14-11 7-8
0-0 1-1
10-11 7-7 2-1 8-9 16-17 27-25 18-20 19-21 11-13 5-4 3-2 0-0 17-19 9-10 14-15 23-24 6-5 13-14 21-22 25-24 4-3 15-16
22-23 24-26 2-1 8-9 12-13 10-12 18-20 16-18 19-21 23-25 3-2 17-19 13-15 9-10 1-0 15-17 4-6 6-8 14-16 21-22 27-27 25-24 5-7 20-11 0-2
3-2 0-0 5-4 12-14 16-11 13-14 9-9 2-1 17-15 4-3 8-6 7-8 1-1 6-5 11-13
1-2 5-9 0-0 10-17 4-8 7-12 6-10 12-19 9-16 2-3 3-6 11-18 8-15
26-24 2-1 15-19 25-23 7-6 27-25 16-15 12-10 4-1 13-11 0-0 8-7 6-5 27-27 3-22 19-16 28-28 11-3 14-12 17-21 8-8 16-20 10-2
0-1 1-2 7-8 14-17 6-7 4-5 5-6 13-16 8-9 9-10 10-14 2-3 11-15 3-4
1-2 0-0 10-11 6-8 16-19 4-5 5-6 12-13 11-12 13-15 8-10 14-18 2-3 15-14 3-4 7-9
0-1 1-2 8-13 14-5 4-8 5-12 15-6 10-14 12-11 16-15 3-7 2-4
6-4 10-8 3-1 2-0 7-5 4-3 8-6 5-2 9-7
0-0 3-3 4-4 2-2 1-1
2-7 0-0 7-9 3-8 1-1 5-3
0-0 1-1
1-2 5-9 11-15 0-0 8-13 15-22 17-19 18-23 7-12 6-5 13-17 10-14 2-3 14-21 12-16 3-7 16-18 4-11
1-2 0-0 5-5 6-6 4-5 8-10 10-12 9-11 2-3 11-13 3-4 7-9
10-8 5-4 3-2 0-0 15-15 13-11 7-6 11-9 20-21 21-22 16-18 14-12 18-19 4-3 12-10 17-16 19-20 1-1 6-5 9-7
7-3 9-13 3-12 15-24 17-28 19-29 2-10 6-2 10-14 1-9 11-20 12-17 16-25 5-1 0-8 18-11 8-4
0-0 10-7 11-8 16-12 19-17 26-23 22-19 15-11 18-16 23-21 17-15 9-6 2-2 3-4 20-18 24-20 25-22 8-5 1-1 13-10
1-2 5-9 10-11 13-13 4-8 8-10 2-3 3-4 9-12
4-7 0-0 8-13 7-15 7-12 2-11 12-18 9-17 3-6 13-19 1-10 14-20 5-8 6-14
5-9 9-13 1-3 0-0 11-15 4-8 8-12 6-10 10-14 12-16 7-11 2-4
2-7 5-10 4-9 8-13 9-14 10-18 10-15 1-8 0-5 11-20 7-11 12-17 6-12 13-21
4-7 19-19 10-15 12-16 1-2 5-5 20-21 11-18 6-4 2-6 22-24 17-10 18-11 15-14 5-3 0-1 7-8 21-22 9-9 23-23 24-25 14-12 8-8 16-13
1-2 7-14 0-0 5-10 13-20 10-17 4-4 12-19 9-16 2-3 14-21 6-12 11-18 8-15 3-5
5-9 1-3 0-0 4-6 13-14 10-13 11-2 14-15 7-11 2-4 9-12 3-5
4-10 10-8 0-0 14-14 5-5 13-13 19-18 7-6 18-17 15-11 16-15 2-4 17-16 12-9 1-1 9-7
7-3 5-4 8-6 15-13 11-11 12-14 19-18 10-7 21-20 13-15 18-17 17-16 6-3 9-10 20-19 14-14 4-2 2-5 22-21 4-0
12-15 0-0 3-3 5-5 6-6 21-22 8-11 4-4 10-13 7-7 13-17 11-14 2-2 24-23 20-18 19-20 1-1 22-21
0-1 11-10 10-9 13-12 7-6 9-8 14-13 15-14 8-7 12-11 16-15 0-3 5-2 6-5 4-0
0-1 1-2 7-8 6-7 4-5 5-6 8-10 10-12 9-11 2-3 3-4 11-13
20-13 21-14 6-7 3-3 5-5 14-16 16-9 7-6 4-4 17-11 2-1 10-15 12-18 8-8 19-12 13-19 1-0 22-21 18-10
0-1 1-2 6-6 4-5 10-10 12-13 5-7 13-14 17-21 2-3 14-15 16-20 15-17 3-4 9-12 7-9
0-0 3-3 4-4 2-2 1-1
4-7 1-3 16-16 11-11 22-23 29-28 0-2 5-8 12-13 20-21 25-26 3-6 14-14 17-17 15-15 19-20 23-24 7-0 26-27 10-10 21-22 6-1 9-9 24-25 18-18 2-4
4-7 1-3 6-1 8-8 3-6 2-2 0-2
6-9 1-3 0-0 4-6 10-11 5-7 12-12 14-13 12-11 13-10 2-4 3-5
13-22 21-14 1-3 6-6 16-9 0-2 7-7 12-20 5-5 17-11 9-17 11-18 8-16 14-23 4-1 10-19 18-10 22-25 15-24 19-12 20-15 2-4
2-6 10-11 6-8 3-0 12-13 8-9 1-5 9-10 5-1 0-3 11-12
0-0 7-15 2-8 3-11 5-13 4-2 8-16 1-1 6-14
1-2 0-0 6-7 4-6 9-15 12-10 10-12 13-16 8-9 2-3 7-11 3-4 5-8 11-13
1-2 4-7 0-0 6-9 11-17 15-23 10-16 8-11 19-26 21-29 12-18 20-28 17-25 3-6 7-10 14-21 2-5 16-24 13-19 5-8
3-2 0-0 14-17 5-5 6-8 10-10 9-2 11-11 7-6 12-12 13-13 17-20 20-23 4-3 19-22 18-21 16-19 1-1 15-15
12-15 0-0 14-17 3-3 6-8 18-22 5-6 4-4 10-12 13-16 8-9 9-10 17-21 11-14 2-2 15-18 16-19 1-1
3-2 0-0 5-4 7-6 2-1 4-3 1-1 6-5
0-0 6-7 4-6 10-11 12-14 3-1 9-9 1-5 8-8 7-10 2-4 11-13
4-7 14-17 20-25 6-6 22-26 17-20 11-14 19-22 1-2 8-10 13-16 9-11 15-18 10-13 2-3 18-21 16-19 3-5 0-1 12-15 7-8 21-24
1-2 0-0 3-3 5-5 4-4 2-0
22-23 6-6 7-7 16-17 3-3 5-5 4-4 2-2 18-20 10-9 19-21 11-13 20-19 15-14 23-24 0-1 17-18 21-22 24-25 8-8 15-16 9-12
1-2 0-0 6-7 5-6 4-4 8-9 2-3 7-8 3-5
0-0 4-5 2-2 3-4 1-1
1-2 7-8 16-17 0-0 6-7 17-18 10-10 4-5 5-6 12-13 11-12 13-14 20-21 8-9 9-11 2-3 18-19 19-20 3-4 15-15
3-2 0-0 12-15 5-5 11-11 6-6 7-7 2-1 8-10 9-9 4-3 1-1
24-26 25-27 6-7 12-17 15-18 2-2 3-4 18-20 10-9 19-21 11-13 1-1 23-25 0-0 20-22 22-24 8-11 21-23 16-19 3-5 4-6 14-16 13-14 5-7 7-8 9-12
1-2 0-0 3-3 5-5 6-6 4-4 7-7 8-9
14-11 11-7 15-13 22-17 3-1 10-6 18-14 19-15 9-4 5-0 13-8 12-10 0-3 17-12 8-5 21-16
1-2 5-9 9-13 0-0 5-10 12-20 4-8 6-11 8-12 13-17 10-14 2-3 14-15 3-6 11-25 15-26
16-16 19-19 10-8 13-12 21-20 20-21 7-6 2-2 12-10 1-1 15-15 5-4 0-0 11-9 8-7 6-5 14-11 22-22 4-3 18-18 17-17
0-0 1-1
6-9 11-11 23-22 13-17 12-16 21-6 15-19 8-14 3-3 9-15 20-21 4-4 14-18 10-12 24-23 2-2 18-20 1-1 0-0 10-10 25-24 5-7 7-13
4-7 1-3 11-10 7-1 6-1 12-12 9-9 14-13 8-8 3-6 2-4 5-0 0-2 13-11
5-6 9-8 14-13 22-19 20-17 25-23 1-2 17-15 13-12 6-7 8-10 0-0 4-5 11-9 2-3 12-11 15-14 21-18 24-20 19-16 3-4
6-9 0-0 12-15 4-6 18-24 10-13 14-18 8-10 13-17 19-25 2-3 11-14 17-23 7-11 16-19 15-16 1-1 5-8 3-5
1-2 17-18 11-10 14-16 13-11 9-8 16-12 2-3 12-11 0-4 16-14 15-17 10-9 3-5
8-2 6-8 10-4 5-7 9-3 7-7 11-9 2-0
0-0 14-10 20-17 10-7 18-15 16-12 3-1 5-2 17-14 19-16 6-3 15-11 9-6 13-9 8-5 23-18 12-8
0-0 6-6 10-10 7-7 9-9 8-8 5-2 1-1
0-1 5-9 4-8 6-10 2-5 3-4
1-2 0-0 4-6 6-8 8-11 5-7 10-15 2-3 11-14 12-16 3-4 9-12 7-9
0-0 4-6 6-11 2-10 2-3 3-7 1-1
11-7 0-0 14-10 15-13 17-14 10-6 5-2 7-4 13-9 9-5 4-1
1-2 18-13 0-0 3-3 5-5 6-6 10-10 14-16 4-4 12-12 7-7 2-1 9-9 13-15 15-11 19-17 8-8 11-14
6-9 2-6 1-5 0-4 3-7 5-8
11-15 3-2 9-9 2-0 10-14 12-17 4-3 5-1 8-4
1-2 11-10 0-0 3-3 5-6 9-8 4-4 7-7 10-9
1-2 16-17 17-18 0-0 5-5 4-5 12-13 7-6 11-12 15-16 9-11 2-3 14-15 3-4 6-14
4-7 0-0 5-10 12-15 15-19 18-22 6-11 10-13 14-18 2-1 13-16 3-8 1-5 8-9 17-21 11-14 16-20 7-11 9-12
0-0 3-3 5-6 4-4 7-7 8-8 2-2 1-1 6-5
7-8 21-19 22-20 16-16 6-7 5-5 11-11 10-10 13-14 25-24 12-12 9-9 23-23 2-3 17-17 20-18 3-4 0-2 26-25 15-15
1-2 0-0 2-3 3-4
0-1 1-2 6-9 8-11 10-12 7-10 3-4 5-8 9-7
6-4 10-7 3-1 7-5 12-8 0-2 11-6 5-3
11-11 6-6 12-12 7-7 14-13 3-3 5-5 4-4 19-25 15-18 2-2 18-20 1-1 22-21 0-0 17-19 13-15 23-29 10-10 21-22 9-9 8-8 20-28
1-2 5-9 9-13 0-0 11-17 4-6 12-15 8-12 6-10 10-14 2-3 13-18 7-11 3-4
15-13 10-11 16-16 5-6 24-26 2-1 26-28 6-7 8-10 18-20 22-21 21-19 3-2 0-0 4-5 14-15 11-12 17-18 13-14 25-24 9-9 23-23 7-8
0-0 10-7 11-8 3-1 7-13 9-5 12-16 5-15 1-9 4-3 2-2 6-12 8-4
5-9 8-12 4-5 6-10 0-7 1-8 3-6 7-11
14-14 0-0 3-3 5-5 6-6 12-13 16-10 18-12 4-4 13-15 7-7 9-9 17-11 8-8 21-16 2-2 1-1
11-16 16-17 3-5 0-0 12-14 5-7 8-10 10-12 9-11 11-13 2-4 7-9
8-24 9-15 12-7 16-8 17-11 1-17 19-26 7-25 0-16 3-19 5-21 6-22 11-6 10-2
0-0 2-3 4-2 3-4 1-1 5-8
14-11 6-4 8-3 15-12 3-0 10-7 11-8 10-6 5-2 16-12 7-5 17-22 12-9 9-6 4-1 13-10
0-1 6-7 3-3 5-6 4-4 2-2 7-8
5-4 0-0 3-3 11-11 10-10 12-12 9-9 2-2 8-6 7-8 1-1 6-5
0-2 3-3
0-0 4-6 3-3 6-8 12-14 5-7 13-15 8-10 2-1 10-12 9-11 11-13 1-0 7-9
16-17 17-19 10-11 19-21 20-22 6-6 3-0 13-14 21-23 7-7 9-9 8-9 1-5 9-10 11-13 0-4 4-2 15-16 18-20 5-3
11-10 0-0 6-7 8-9 12-11 2-4 7-8 1-1 3-5
10-8 20-23 13-13 24-28 22-27 11-9 12-12 17-20 7-4 14-15 18-21 5-3 19-22 23-26 8-6 16-19 15-16 21-24 9-7
14-11 15-12 16-13 0-0 3-3 20-17 6-6 4-5 19-16 9-8 7-7 8-9 2-2 13-10 1-1 17-15
16-17 17-18 4-7 2-6 0-0 19-21 22-24 10-13 6-10 21-23 23-25 24-26 9-12 18-19 14-14 7-11 15-16 1-1 5-8 3-5
2-6 1-3 2-4 3-7 0-2
11-16 8-13 26-28 23-26 7-11 0-3 25-23 1-2 9-15 20-21 24-27 4-4 12-6 13-7 16-18 17-19 22-24 19-20 6-5 7-9 15-17 5-3 21-22 3-1 2-0 10-14 14-8
3-2 15-22 5-5 6-6 9-15 14-19 19-26 21-27 7-7 13-17 8-8 17-25 4-3 16-24 12-9 1-1
0-0 3-3 5-5 6-6 4-4 7-7 2-2 1-1
5-11 9-15 1-13 15-3 6-12 16-2 8-9 14-1 0-16 17-22 3-7 2-5 7-8 13-0 11-13
16-17 9-0 13-2 7-15 2-9 21-6 18-24 5-12 3-10 23-25 17-20 12-3 22-19 6-13 10-1 15-4 20-18 14-8 4-11 19-21
6-4 9-7 0-0 10-8 11-10 7-6 2-1 12-11 4-2 8-5 1-1 5-3
7-8 16-17 12-15 0-0 6-7 18-20 5-6 13-14 8-10 10-12 9-11 17-22 4-3 2-2 15-18 19-23 3-4 1-1 11-13
0-0 4-5 5-6 5-7 2-3 3-4 1-1
20-27 4-7 0-0 6-9 15-22 8-12 10-16 16-23 18-26 17-24 19-25 2-3 9-17 11-14 14-21 12-10 13-20 1-1 5-8 3-5
10-8 5-4 0-0 11-10 3-3 4-5 7-6 9-9 8-7 2-2 1-1
1-2 7-8 6-9 0-0 12-15 4-6 5-7 8-10 10-12 13-16 9-11 2-3 3-4 11-13
0-0 3-1 8-5 6-3 2-0 7-4 5-2
0-0 6-7 4-6 3-3 5-5 2-2 1-1
0-0 10-7 12-13 7-6 4-4 8-11 6-5 9-12 2-3 1-1 5-8
4-7 0-0 12-14 14-16 4-5 13-15 9-9 10-12 8-8 15-18 2-2 16-19 3-4 1-1 11-13
4-5 0-0 3-4 1-1
3-2 0-0 2-1 1-4 6-3 7-5
1-2 0-0 5-5 6-6 7-7 8-8 2-3 3-4
3-2 0-0 4-6 6-8 8-11 5-7 10-13 7-10 2-4 11-14 1-1 9-12
0-0 6-7 14-16 4-4 13-15 18-17 8-9 11-13 2-2 12-10 17-16 7-8 1-1 9-12 5-3
5-11 2-8 4-15 10-16 1-10 9-4 0-9 3-14
1-2 7-8 16-17 0-0 17-19 5-5 12-14 14-16 13-15 8-10 10-12 9-11 2-3 15-18 3-4 11-13
4-7 6-8 14-19 8-11 3-1 10-13 13-15 1-5 12-18 7-10 11-14 0-3 9-12
0-0 3-3 4-4 2-2 1-1
1-2 7-8 6-7 10-11 5-6 4-5 8-10 9-9 2-3 3-4
10-11 6-6 15-20 21-28 7-7 8-9 16-21 5-5 12-13 4-4 19-25 17-23 20-27 3-2 0-0 18-24 13-15 9-10 2-3 14-15 11-12
0-0 3-3 5-5 6-6 11-11 4-4 7-7 9-10 8-8 2-2 1-1 10-9
2-6 10-11 10-10 3-0 6-1 12-12 7-7 1-4 9-9 14-13 17-16 8-8 16-15 4-2 15-14 11-12 5-3
4-7 0-0 12-15 14-10 19-18 10-13 2-1 18-17 9-11 11-14 15-9 20-19 17-16 1-1 5-8 3-5
17-18 5-4 3-2 12-15 14-17 16-19 20-23 15-20 8-10 2-1 10-12 13-16 9-11 11-14 19-22 18-21 1-0 0-2 6-5 7-9
5-9 9-13 0-0 8-13 4-6 12-14 14-16 6-10 13-15 10-12 7-11 3-4 1-1
3-2 1-4 5-1 0-3 2-4
6-4 10-8 0-0 5-2 7-5 2-12 11-13 8-6 1-11 4-1 9-7
1-3 7-0 4-6 11-8 5-7 10-1 2-4 3-4 0-2
19-19 5-6 18-15 20-20 2-1 12-9 8-5 16-17 22-21 3-2 0-0 14-10 1-0 17-18 6-8 21-22 23-23 7-4 14-12 4-3 15-16
10-4 11-5 9-3 3-1 16-8 2-0 6-2 15-7
5-4 0-0 6-6 10-16 8-10 13-17 9-11 4-3 2-2 11-15 1-1 7-9
7-3 11-7 13-13 1-12 3-0 10-6 9-5 6-2 0-10 12-8 5-1 8-4
1-2 10-8 0-0 6-6 4-5 2-3 3-4 9-7
0-0 6-7 4-6 5-5 2-4 1-1
16-17 15-22 2-6 0-0 10-11 4-5 14-19 17-14 18-15 6-3 9-10 5-20 19-23 13-18 12-16 3-7 11-12 1-1 5-8
1-2 4-7 0-0 9-14 8-12 6-5 7-10 1-1 5-8
0-0 4-5 10-7 7-6 11-8 5-3 2-4 1-1 3-5
7-3 11-11 3-1 10-6 1-10 2-0 6-2 0-9 9-5 8-4
5-4 0-0 11-10 6-6 7-7 8-8 4-3 2-2 12-11 1-1 10-9
0-1 1-2
1-2 6-9 0-0 5-5 13-13 4-5 8-11 2-3 7-10 3-4 9-12
5-4 11-10 18-20 13-13 20-22 22-24 7-6 3-1 21-23 9-9 18-17 2-0 14-12 8-8 12-11 4-2 15-16 16-18 6-5 19-21
6-1 13-4 17-14 15-10 12-5 8-6 16-13 14-8 7-2 9-7
10-11 6-6 7-7 3-3 5-5 4-4 13-16 25-26 2-2 18-20 16-18 1-1 19-21 0-0 17-19 20-22 21-23 23-24 12-15 9-9 24-25 8-8
0-0 1-1 4-3 2-2
11-16 5-9 2-6 0-0 8-13 9-14 4-8 7-12 6-10 1-4 10-15 12-17 13-18 3-7
7-8 0-0 6-7 11-11 13-13 10-10 4-5 5-6 16-16 12-12 19-19 18-18 8-9 2-3 14-14 17-17 3-4 1-1 15-15
1-2 0-0 8-13 6-8 9-14 11-17 4-5 5-6 7-12 12-20 2-3 3-4
7-3 21-21 18-15 10-6 6-2 13-8 5-1 22-27 18-16 20-13 25-29 1-24 16-11 24-28 3-23 15-10 19-20 2-25 17-12 9-5 8-4
0-0 4-8 2-1 1-4 3-7
11-16 8-13 7-12 15-20 10-15 21-6 16-24 26-25 1-2 4-9 0-0 9-14 6-11 25-7 2-3 13-19 19-20 5-10 22-22 17-21 20-6 18-18 3-4 12-8
1-2 5-4 0-0 3-3 10-10 7-6 9-8 2-1 8-7
0-0 17-19 3-3 13-13 14-16 18-20 4-4 10-12 16-18 9-10 7-5 8-7 2-2 12-11 1-1 15-17
20-26 10-11 14-16 16-19 6-6 22-27 18-24 23-28 12-12 24-29 7-7 8-5 9-10 2-0 19-25 13-18 17-22 15-17 4-1 11-13
1-2 0-0 4-6 12-14 6-11 7-12 14-19 5-7 13-16 13-17 17-21 2-3 15-18 16-20 3-4
16-16 7-0 13-20 18-25 4-8 18-24 19-26 15-21 1-4 12-19 8-9 11-18 2-5 9-11 17-22 3-6 0-3
10-8 22-20 0-0 15-13 21-17 20-21 13-11 3-1 11-9 12-10 18-14 23-23 6-3 7-4 14-12 16-21 4-2 8-5 9-7
10-11 2-1 25-27 19-22 23-26 15-19 18-23 3-3 5-5 12-13 26-29 4-4 8-10 14-14 24-28 13-15 1-0 11-12 7-9 22-25 6-8 0-6 17-21 16-20 21-24
0-0 4-9 8-13 5-11 7-12 6-10 2-1 1-4 10-15 2-3 9-18 11-19 3-5
6-6 7-7 22-19 15-16 14-22 20-26 19-18 5-5 21-27 18-16 14-14 27-28 1-1 3-2 0-0 25-25 23-20 10-10 4-15 26-22 9-9 8-8 24-21 17-17
6-9 16-16 4-6 13-14 10-13 5-7 8-10 9-11 11-20 14-15 2-4 18-21 0-3 7-8 1-1 3-5
14-14 11-10 0-0 15-13 19-18 22-24 23-17 25-29 7-6 18-17 24-21 8-8 16-15 2-2 17-16 10-9 1-1 6-5 13-11
13-12 10-11 3-3 5-5 6-6 21-21 4-4 7-7 14-13 9-10 8-8 2-3 15-14 16-15 18-18 20-19 17-17 1-0 19-20 0-2
16-17 20-23 3-3 5-5 6-6 10-10 13-14 4-4 7-7 9-9 17-20 8-8 14-15 19-22 2-2 18-21 15-16 1-1 21-24 11-13
0-0 10-11 4-6 3-3 7-15 5-13 11-22 9-10 8-18 2-2 1-1 6-14
14-11 15-12 5-4 16-13 9-8 3-1 11-9 7-7 12-10 4-3 10-0 8-5 1-1
19-10 4-6 6-8 8-2 5-7 15-21 22-15 20-11 24-16 25-19 23-14 21-12 10-1 14-20 0-3 12-9 2-4 27-22 3-5
16-17 3-2 0-0 11-11 13-13 10-10 4-4 12-12 7-7 9-9 8-9 8-8 15-16 1-1 6-5
14-14 11-10 16-11 5-5 13-13 6-6 9-8 12-12 7-7 2-4 0-3 1-1 10-9 17-15
2-6 0-0 10-10 1-13 11-9 5-2 6-3 1-5 7-4 8-8 12-11 14-14 4-1 15-15
0-0 5-5 6-6 7-7 2-3 4-2 3-4
10-6 8-5 21-13 4-9 23-21 16-15 14-14 1-1 6-4 3-2 0-0 11-9 2-3 20-19 19-20 13-10 11-8 22-12 5-7 18-18 15-16 17-17
0-1 1-2 4-6 6-8 12-13 13-14 7-9 5-7 8-10 10-12 2-3 14-15 15-16 3-5
0-1 4-10 1-2 5-7 2-3 3-6 6-14
4-7 0-0 5-5 6-6 8-8 2-3 7-11 3-4 1-1 9-12
1-2 7-3 15-22 0-0 20-26 11-11 21-27 23-28 18-24 10-13 4-4 19-26 8-9 9-10 17-25 13-19 14-20 3-5
16-17 20-23 0-0 6-7 10-11 12-14 18-22 5-6 11-12 14-13 8-9 9-10 2-3 15-18 19-20 7-8 1-1 3-5
0-0 5-6 1-0 4-1 3-5
6-8 9-15 8-11 4-14 5-14 7-10 2-4 0-3 1-1 3-5
4-10 2-6 6-7 11-5 8-1 9-2 1-6 3-6 12-11 0-9 10-3 5-8
5-4 0-0 11-17 21-21 22-22 10-7 3-1 24-25 12-18 20-10 19-12 23-15 4-3 2-2 18-9 13-20 8-5 19-11 6-14
8-13 20-3 7-12 16-2 13-21 11-19 5-8 14-22 12-20 4-9 18-5 6-10 10-18 14-1 9-17 3-6 24-23 2-16 22-4 17-4 15-2
0-0 3-3 5-5 6-6 7-12 4-4 2-2 1-1
4-6 3-0 1-5 2-3 0-2
11-11 5-6 8-9 18-19 26-25 6-7 3-3 12-13 10-12 2-2 1-1 0-0 4-5 13-15 9-10 15-17 7-8 14-16 25-24 24-21 23-18
7-8 14-17 10-11 3-0 12-13 11-12 17-20 8-9 1-5 9-10 15-18 0-4 19-22 18-21 16-19 4-1 5-3
16-13 6-4 3-2 0-0 11-11 10-10 19-16 12-12 18-14 2-1 21-18 23-20 24-21 7-5 4-3 20-19 14-9 9-6 17-15
7-8 0-0 6-7 4-5 5-6 8-9 9-10 2-2 3-4 1-1
0-1 5-4 4-3 1-2
2-7 4-10 5-11 5-12 12-24 11-23 3-9 1-6 7-16 6-13 0-4 8-17 10-1 9-19
12-15 4-6 6-8 14-16 7-9 5-7 8-11 10-13 2-0 11-14 0-4 9-12 3-5
14-14 8-3 11-10 4-9 13-12 15-13 7-1 19-18 21-20 10-6 6-0 18-17 3-8 9-4 1-7 12-11 20-19 17-15
16-11 0-0 9-3 15-9 12-5 6-20 19-23 13-7 18-19 14-8 2-2 17-17 7-22 1-1 11-6
11-16 9-13 18-23 0-0 6-8 4-5 14-19 8-11 5-7 15-20 10-15 17-24 19-25 12-17 13-18 7-10 2-2 16-21 3-4
1-3 21-26 3-3 5-5 6-6 20-24 10-13 4-4 8-9 2-0 17-21 19-23 18-11 12-16 11-15 16-19 7-8 0-2 15-17
14-14 11-10 0-0 10-11 3-3 5-5 6-6 13-13 16-16 19-19 4-4 12-12 7-7 9-9 18-18 8-8 2-2 17-17 1-1 15-15
16-17 4-7 1-3 0-0 14-16 13-14 6-1 10-13 12-12 8-10 9-11 3-6 2-5 15-15 5-8 7-9
1-2 7-3 2-6 0-0 4-8 10-10 9-9 8-9 3-7 6-5
9-8 14-13 18-19 1-2 16-17 13-12 21-20 7-6 3-16 15-15 11-9 19-24 8-7 12-11 6-5 0-1 17-18 20-23 22-25 10-10 2-0 4-3
0-1 1-2 4-7 10-11 5-6 8-9 9-10 7-8 2-4
14-17 6-6 7-7 17-20 11-14 12-16 19-22 15-19 16-18 13-11 3-2 5-4 10-13 21-23 0-5 22-29 18-21 9-9 2-0 8-8 20-28 4-3
11-11 8-9 19-15 5-8 13-12 6-7 3-3 7-6 4-4 2-2 1-1 24-19 0-0 22-17 18-17 9-10 6-5 28-21 25-20 23-18 20-16
14-14 13-12 0-0 18-22 3-3 5-5 6-6 10-10 11-11 9-8 4-4 12-13 7-7 8-9 2-2 17-16 1-1 15-15
11-16 8-14 16-17 14-19 5-12 6-10 7-13 10-15 6-2 13-18 3-6 15-9 18-20 4-11
18-23 0-0 6-8 12-14 15-19 5-7 13-15 8-10 2-1 10-12 14-18 9-11 17-22 11-13 3-6 16-20 4-2 7-9
10-15 11-14 12-16 16-17 18-23 20-26 21-27 14-18 8-10 17-2 9-11 22-28 1-1 0-0 10-13 19-24 7-9 3-5 4-6 5-7 15-21 5-2 2-4
8-3 10-4 2-8 5-7 12-12 6-0 1-5 3-9 11-1 7-2
1-2 19-18 0-0 11-11 26-23 27-24 9-8 12-12 26-22 14-13 18-17 25-21 24-20 8-7 20-19 16-14 17-16 4-1 10-9 3-5
1-2 0-0 5-5 4-4 2-3 3-4
11-11 5-6 20-20 7-7 18-19 23-26 16-17 13-12 1-1 22-21 6-4 12-14 14-15 17-18 21-25 10-10 9-9 8-8 4-3 15-16 0-2
0-0 3-3 4-6 5-7 1-5 2-2
14-14 0-0 15-13 6-8 10-10 13-11 4-16 7-4 16-18 9-6 3-17 8-5 1-1 5-3
15-12 16-13 8-3 0-0 11-5 17-10 12-7 10-6 18-14 6-3 9-4 2-2 13-8 14-9 4-1
21-16 16-14 12-9 17-15 15-12 24-18 26-20 23-17 10-7 25-19 6-3 4-1 0-0 7-5 13-10 9-6 14-11 11-8 20-15 5-2 8-4
16-17 8-14 5-10 6-11 7-12 14-9 1-4 10-15 9-16 13-8 3-7 2-5 11-6
11-16 5-9 0-0 18-22 3-3 5-5 16-19 4-4 10-15 15-17 17-21 13-18 6-13 2-2 1-0 9-7
10-8 12-15 0-0 22-24 21-22 19-17 23-23 2-1 13-16 5-14 1-5 3-9 29-25 6-13 7-10 20-19 8-6 25-20 4-11 9-7
11-10 15-22 9-14 17-23 10-17 2-8 6-1 4-4 14-20 1-5 12-18 16-21 5-0 7-11 3-7 0-3 13-19 0-2 8-15
12-14 5-7 8-10 2-1 10-12 9-11 0-4 4-3 3-6 1-0 7-8 11-13
10-8 5-4 3-2 0-0 14-16 17-19 18-20 21-21 7-6 12-12 13-15 16-18 9-11 4-3 8-7 1-1 6-5 15-17
5-9 4-6 6-8 2-1 1-4 7-10 0-3 3-5
4-7 0-0 6-8 6-10 2-2 7-11 1-1 3-5
14-11 15-12 16-17 0-0 6-6 8-7 3-16 13-9 10-3 12-8
0-0 6-7 4-5 5-6 9-9 2-3 3-4 1-1
7-8 0-0 6-7 5-5 6-6 9-9 4-3 2-2 3-4 1-1
6-4 3-2 0-0 6-3 7-5 8-6 1-1 9-7
6-9 1-3 4-5 0-6 2-2 3-7 5-8
1-2 12-21 13-22 4-6 8-15 10-16 9-9 0-4 3-7 11-18 6-15 5-8
9-13 10-11 4-8 6-6 7-7 8-10 1-5 11-14 5-1 0-3 2-4
1-2 15-12 0-0 11-5 10-7 18-14 20-16 3-9 2-3 8-8 17-15 21-17 16-13 13-11
18-23 4-7 0-0 12-14 20-24 5-6 6-11 7-12 13-15 14-19 1-4 17-21 8-18 9-17 16-20 2-5
6-8 4-4 0-7 1-6 2-2
7-3 10-5 3-12 8-4 3-11 6-2 0-10 11-13 1-7 5-1 9-6 4-0
0-1 1-2 4-7 6-9 9-13 8-12 13-16 2-3 3-6 11-14 7-11 5-8
0-0 3-3 4-4 2-2 1-1
0-0 3-3 4-4 2-2 1-1
0-0 3-3 5-5 6-6 10-10 11-11 4-4 7-7 9-9 8-8 2-2 15-14 1-1
7-8 11-10 0-0 6-7 9-14 12-15 4-5 5-6 10-13 8-9 2-2 3-4 1-1
6-4 7-3 2-0 9-6 4-2 8-5 1-1
16-17 12-15 8-13 9-14 11-8 6-10 16-18 18-19 0-4 2-2 7-11 14-9 15-16 1-1 3-5
14-11 6-4 15-12 0-0 3-13 9-8 7-7 8-7 16-14 13-10 10-9
0-1 1-2 7-8 6-7 10-11 12-14 14-16 4-5 5-6 13-15 8-9 9-10 17-21 2-3 16-20 15-17 3-4 11-13
2-6 10-11 13-13 16-16 3-0 5-7 12-12 8-9 1-5 17-21 19-23 17-22 14-14 17-17 0-3 4-1 15-15
11-10 1-3 0-0 13-11 6-1 10-6 12-12 14-13 7-4 8-9 9-5 5-2 9-7
14-14 5-4 3-2 0-0 11-10 13-13 18-15 9-8 12-12 19-17 4-3 8-7 17-16 10-9 1-1 6-5
0-0 6-7 4-6 3-3 5-5 2-2 1-1
5-4 0-0 6-7 7-15 10-17 16-10 4-5 18-12 14-9 15-9 17-11 19-14 20-20 3-6 2-2 11-19 8-16 1-1 12-8
13-13 6-6 12-12 18-19 27-29 16-17 11-10 24-27 14-14 4-1 15-15 10-9 9-7 19-21 23-25 0-0 20-22 22-24 21-23 7-5 25-28 17-18 5-2 8-4
8-9 7-2 22-20 12-13 9-11 23-21 1-1 0-0 18-17 14-15 16-19 11-12 3-5 4-6 6-8 10-10 13-14 5-7 26-22 15-16 2-4
18-22 7-12 22-26 13-17 11-14 12-16 15-19 3-7 6-7 14-18 2-2 1-1 8-15 25-29 0-0 5-11 10-13 20-23 23-28 17-21 16-20 21-24
6-9 8-13 3-3 1-4 0-6 9-11 10-14 7-10 4-1 5-8
6-9 0-0 5-5 8-11 4-4 15-21 3-8 10-15 7-5 16-26 12-16 13-20 1-1 9-12 11-13
14-11 15-12 18-13 0-0 3-3 10-7 4-4 11-9 13-10 17-12 2-2 9-6 1-1 12-8
1-2 6-9 0-0 4-5 5-6 8-11 11-12 13-25 7-7 12-19 10-18 2-3 16-26 17-27 3-4 14-22
9-13 11-17 6-7 3-3 4-5 5-6 0-2 8-10 12-18 10-14 13-19 14-20 7-8 1-1
3-2 0-0 6-8 4-5 5-6 2-3 7-9
0-0 6-7 3-3 7-15 4-5 5-6 10-16 9-9 8-8 2-2 1-1
14-13 16-21 7-6 19-25 17-23 2-2 16-18 13-11 5-4 0-0 21-26 20-22 18-24 11-9 9-10 8-7 12-11 20-19 6-5 15-17 10-10 3-1 4-3
0-0 4-4 5-7 2-3 3-6 1-1
3-2 6-7 5-5 2-1 8-8 4-3 0-4 1-0 10-9
14-11 15-12 0-0 3-3 20-17 12-7 10-6 7-4 2-0 9-10 8-8 18-16 19-13 13-9 17-14
3-2 3-3 5-5 6-6 10-10 12-14 13-11 4-4 7-7 2-1 9-9 8-8 16-15 1-0 11-13
5-9 1-3 8-13 10-4 4-8 6-11 11-5 3-1 0-12 2-0 13-7 7-10 14-14
3-2 0-0 6-7 5-6 2-0 4-3 8-7 10-9
14-11 8-3 15-13 16-16 10-4 2-18 11-5 6-1 6-0 1-17 12-6 17-20 13-7 3-19 7-2
0-1 1-2 5-5 15-19 6-6 13-14 21-17 8-11 4-4 23-22 20-16 17-21 22-18 2-3 14-15 16-20 3-7 7-8 9-12 11-13
6-9 12-15 4-6 15-19 7-1 20-24 10-13 14-18 8-10 1-4 13-17 2-5 9-11 11-14 17-23 19-22 3-7 0-3 5-8
6-4 3-2 0-0 2-1 4-3 8-5 1-1
19-18 0-0 15-13 5-5 6-6 11-8 2-1 14-12 18-16 13-10 4-3 12-11 16-15 3-4 1-1 7-9
0-0 4-6 6-8 5-7 2-5 3-4 1-1
0-1 4-7 2-6 1-3 5-8
1-3 0-0
0-1 6-4 3-10 7-6 2-11 9-9 17-14 18-26 21-28 10-21 19-25 8-7 1-10 16-24 14-23 11-19 20-27 5-3
3-2 0-0 4-6 10-7 2-3 8-5 1-1 6-5
6-4 3-2 12-20 8-13 5-5 14-17 2-1 13-16 10-15 16-18 17-21 1-6 4-3 7-10 0-8 11-19 9-12
3-2 11-5 2-1 6-3 13-7 9-5 1-0 14-8 7-2 8-4
1-2 4-10 0-0 15-24 17-23 8-1 22-27 7-6 11-22 14-13 12-16 6-5 9-11 16-26 2-2 3-4 19-11 5-8 7-9
15-13 26-23 10-6 19-15 18-19 28-25 14-9 13-12 3-3 5-5 4-4 2-2 1-1 12-8 0-0 27-24 23-20 25-21 11-7 22-18 21-17 24-21 20-16
5-4 0-0 6-3 7-5 4-2 1-1
0-0 3-3 5-5 6-6 10-16 4-4 8-10 17-21 9-11 12-17 11-13 13-18 2-2 15-19 16-20 1-1 7-9
14-11 17-13 3-2 0-0 10-7 16-12 11-9 2-1 7-4 9-6 12-10 8-5 5-3
0-0 5-5 6-6 4-4 3-1 7-7 2-3 1-1
0-0 12-14 4-5 5-6 14-19 3-1 6-10 7-7 10-12 15-20 8-8 9-11 13-18 2-4 1-1 11-13
11-10 13-12 12-14 7-6 9-8 1-4 2-5 6-2 14-15 8-7 5-1 0-3 5-2 10-9 4-0
14-17 0-0 9-14 6-8 8-11 5-7 13-16 10-15 3-6 2-4 7-10 15-18 16-19 1-1
0-1 15-22 12-20 5-16 13-25 4-15 10-12 7-18 9-10 2-0 1-8 8-19 18-28 6-17 17-27 11-13
10-8 0-0 15-13 3-3 21-15 7-6 4-4 11-9 14-12 20-10 2-2 16-14 1-1 9-7
6-4 3-2 0-0 7-6 9-8 11-9 12-12 2-1 13-16 8-7 5-3
6-9 14-17 19-26 21-28 7-7 16-24 3-3 5-5 4-4 8-10 2-2 1-1 20-27 11-13 0-0 15-25 12-15 17-21 10-14 13-18 9-12
0-1 9-0 2-9 8-12 3-10 11-3 0-7 13-5 14-13 1-8 12-4 10-1 7-11
9-7 3-2 2-1 7-5 4-3 8-6 1-0 0-3
4-6 6-8 7-9 5-7 8-10 2-1 9-11 1-0 0-2 3-5
2-6 10-11 3-0 12-13 13-14 11-12 8-10 9-9 6-3 1-5 0-4 4-2 7-8
0-0 5-5 6-6 4-4 7-7 2-3 3-4 1-1
7-14 4-9 2-8 5-12 1-4 6-13 0-3
1-2 6-4 16-13 0-0 11-17 3-3 14-19 15-20 10-12 7-5 8-8 13-18 12-16 18-21 9-6 17-15
1-2 0-0 6-7 10-10 5-6 4-4 3-1 9-9 8-8 2-3
4-7 1-3 0-0 6-9 8-12 7-11 2-4 5-8 3-5
0-0 1-1
0-0 4-5 2-2 3-4 1-1 7-9
3-2 0-0 5-4 6-7 12-14 14-19 10-12 2-1 13-21 16-22 9-11 4-3 15-16 1-1 11-13
15-20 10-15 13-17 11-14 12-16 7-11 1-2 6-10 22-21 0-0 17-19 26-26 14-19 25-25 24-24 2-3 3-5 4-6 27-27 5-7 23-23 8-8 9-12
14-17 6-7 3-3 12-13 10-12 13-16 8-9 9-10 12-18 9-11 11-20 16-21 15-14 4-1
0-0 10-9 4-5 5-6 11-8 7-7 9-12 2-3 12-16 3-4 1-1 8-15
6-7 5-5 3-3 4-2 7-8
1-2 0-0 4-5 5-7 3-6 2-4
17-18 9-7 11-10 1-3 0-0 13-12 21-20 22-22 5-6 23-23 14-13 18-16 12-11 16-15 15-14 2-4 10-9 3-5
2-7 5-10 4-9 9-14 8-12 6-11 13-2 15-3 18-5 3-8 10-15 14-1 22-19 20-6 11-18 17-4
5-9 4-7 9-13 12-15 8-12 6-10 11-3 2-1 10-14 3-4 7-2
1-3 2-6 3-3 9-1 4-5 5-7 8-0 0-11 10-14 7-10 1-10 6-12
1-2 12-15 0-0 6-7 4-5 5-6 8-11 10-13 2-3 11-14 3-4 9-12
4-8 6-1 6-0 1-4 8-9 3-6 2-5 7-2 5-3
0-0 4-6 3-3 2-2 1-1
27-26 6-6 18-15 8-0 7-7 26-25 1-2 10-8 15-12 5-5 24-23 3-4 17-14 19-17 23-20 2-3 13-10 0-1 14-11 25-24 9-9 16-13
11-16 9-13 4-7 17-23 8-12 5-6 14-19 15-21 18-26 10-15 16-22 19-24 6-2 13-18 2-4 7-11 0-3 1-1 20-27 3-5
5-4 0-0 6-7 3-3 12-15 15-19 7-6 10-13 9-9 13-16 8-8 16-21 11-14 2-2 14-20 1-1
17-18 3-2 0-0 5-5 6-8 15-15 8-10 10-12 13-17 9-11 14-15 11-13 4-3 2-4 16-15 18-19 19-20 1-1 7-9
1-2 7-14 0-0 19-28 4-6 15-25 9-9 11-22 18-26 8-19 17-27 2-3 10-20 6-13 8-17 12-10 16-24 5-8 3-5
1-2 0-0 6-7 4-6 5-7 13-15 10-12 8-9 9-10 2-3 11-14 7-8 3-5
0-0 6-7 3-3 4-5 5-6 8-11 10-13 13-15 11-14 2-2 15-18 16-19 1-1 9-12 7-9
8-14 1-12 5-7 10-6 9-5 2-13 11-20 0-4 4-2 3-17 7-8 6-16
11-11 13-13 6-6 7-7 19-15 1-2 5-5 28-23 10-12 3-4 23-20 2-3 27-22 0-1 18-14 9-9 8-8 22-18 29-24 21-17 24-21 20-16
16-17 9-13 6-9 0-0 4-6 17-28 8-12 12-26 13-27 10-14 14-15 7-10 2-4 11-18 15-16 1-1 5-8 3-5
10-8 5-4 3-2 5-5 6-6 7-7 2-1 4-3 1-0 9-7
9-13 3-2 0-0 6-7 5-5 10-11 12-14 7-6 4-4 13-15 2-1 8-8
5-9 4-7 0-0 4-8 6-10 2-1 1-5 3-6
3-0 2-8 7-7 17-20 11-14 19-22 8-5 12-13 10-12 6-3 9-11 1-10 16-18 26-26 13-15 25-25 18-21 20-23 14-16 27-27 28-28 0-9 21-24
0-0 4-9 5-10 6-11 7-12 3-8 1-6 2-4
5-4 3-2 0-0 10-11 17-19 19-21 20-25 18-24 7-6 12-12 13-15 2-1 8-9 9-10 17-22 4-3 15-14 16-18 6-5 11-13
5-9 6-9 1-3 0-0 4-8 10-12 11-13 7-11 2-4 3-5
7-8 12-15 0-0 6-7 4-5 5-6 10-13 8-10 13-16 11-14 2-2 3-4 1-1 9-12
0-1 3-2 6-7 5-6 4-5 1-0 7-8
1-3 0-0 4-6 6-8 10-13 5-7 8-10 12-16 13-17 9-11 16-21 15-18 2-4 11-15 14-20 0-2 7-9
1-5 2-0 3-6 0-4
0-0 7-6 5-2 2-3 4-2 4-1 6-5
11-7 0-0 14-10 5-6 16-12 10-6 15-11 19-15 2-3 12-8 13-9 17-14 1-1 3-5
1-2 22-20 11-10 0-0 13-12 4-5 5-6 9-8 14-13 2-3 8-7 12-11 16-15 20-18 15-14 3-4 17-17 10-9 21-19
20-25 15-20 18-26 7-6 18-27 13-16 16-22 17-23 1-1 0-0 3-13 14-19 9-10 12-18 19-24 8-7 6-5 7-9 2-7 23-28 10-14 11-15 5-2
5-5 7-15 15-25 12-13 2-8 13-14 4-4 6-10 10-19 14-24 3-9 1-7 9-18 8-16 11-12 0-2
16-17 17-18 22-20 0-0 4-6 11-11 10-10 8-1 13-13 2-21 12-12 20-22 9-9 21-22 23-23 18-19 14-14 15-15 5-8 3-5
0-1 5-9 4-7 6-4 3-12 10-6 2-2 9-5 11-13
12-2 7-15 5-11 3-0 8-22 10-16 16-8 0-13 1-14 13-5 2-10 14-6 17-24 15-9 6-12 9-19 4-1
13-12 0-0 6-7 5-5 3-3 11-11 12-13 4-4 8-10 2-1 16-14 7-8
20-26 6-9 0-0 10-11 15-24 17-28 21-20 12-13 22-23 26-29 5-7 11-12 8-10 13-16 23-21 2-3 16-25 9-19 7-8
14-11 10-8 12-15 11-17 15-12 17-19 18-20 19-21 16-9 0-2 7-6 20-22 22-25 10-14 2-4 13-10 1-1 21-24 9-7
14-14 0-0 5-10 3-3 6-8 19-19 12-13 13-15 20-20 16-18 18-16 7-5 2-2 17-16 11-12 1-1 15-17
9-13 3-2 0-0 5-4 6-9 8-12 10-14 4-3 7-10 11-15 2-5 1-1
5-6 7-12 19-26 21-28 10-8 6-7 8-10 16-22 1-1 11-13 3-2 0-0 17-19 12-14 4-5 18-24 13-15 2-3 22-29 14-20 15-21 9-9
3-2 0-0 5-4 13-12 10-7 11-9 2-1 14-13 7-5 4-3 12-10 1-0 9-6
1-2 4-7 0-0 6-9 5-5 8-11 10-13 2-3 7-10 12-16 11-15 3-4 9-12
1-2 7-14 0-0 5-11 4-4 2-3 3-6 6-13
5-9 14-17 4-8 22-26 12-16 2-5 20-26 26-29 10-12 9-11 3-6 7-10 15-18 18-20 11-13 17-19 24-28 25-25 1-4 19-24 23-27 0-2
20-23 0-0 6-7 4-6 3-3 18-22 19-21 16-18 8-9 9-10 14-12 16-15 2-2 15-14 7-8 1-1 13-11
14-11 0-0 17-19 4-6 3-3 19-21 5-6 10-7 7-6 11-8 18-16 13-9 2-2 12-10 16-20 8-5 1-1 15-15
0-0 5-6 4-4 2-3 1-1 3-5
13-22 3-15 8-3 10-5 11-7 14-10 1-13 6-1 0-18 15-11 5-0 9-4 16-24 7-2 12-8
0-0 3-3 5-5 6-8 4-4 12-16 10-14 2-2 11-15 1-1 9-12
1-2 0-0 15-13 3-3 5-5 6-6 10-10 13-14 4-4 12-11 14-14 16-15 7-9
6-7 4-6 8-8 9-11 0-4 5-2 7-9
3-2 0-0 2-1 4-3
0-0 10-11 7-6 4-4 12-6 8-9 9-10 13-17 14-15 15-7 11-14 2-2 16-19 1-1 6-5 5-3
6-9 17-20 11-14 19-22 23-26 5-8 3-3 9-12 7-10 2-2 15-18 1-1 12-14 8-11 10-13 13-15 18-21 16-19 20-23 22-25 4-6 14-16 21-24
0-1 1-2 5-9 2-6 11-15 21-25 4-8 8-12 20-24 6-10 17-20 13-17 19-23 10-14 18-21 7-11 12-16 15-18 3-7 16-19
16-16 6-7 11-11 13-13 12-12 8-9 9-10 14-15 3-6 0-4 2-5 7-8
1-2 7-8 16-17 0-0 6-7 10-11 17-18 4-5 5-6 12-13 11-12 13-14 8-9 9-10 15-16 2-3 14-15 3-4
6-4 13-13 3-1 7-5 4-3 2-2 8-6 1-0 10-9 12-8
9-13 3-2 0-0 6-9 14-17 8-11 2-1 13-16 10-14 1-6 4-3 7-10 15-18 11-15 5-8
1-2 11-7 10-5 0-0 26-15 3-11 5-13 4-12 2-3 13-10 12-8 8-4 19-12 14-9 9-6 6-14
1-2 17-18 0-0 3-3 11-11 5-6 12-13 13-14 7-7 8-9 9-10 18-19 16-15 6-5
1-2 14-14 0-0 10-7 7-5 2-3 9-6 13-9 3-4 15-15 12-8
19-19 21-21 9-8 14-13 11-10 13-12 3-3 7-6 4-4 16-15 2-2 18-20 10-9 1-1 0-0 26-26 25-25 24-24 8-7 12-11 19-20 6-5 27-27 22-22 28-28 23-23 15-16 17-17
15-13 16-14 10-8 22-20 3-3 4-4 18-16 23-21 24-23 2-2 12-10 8-6 20-18 1-1 21-19 13-11 9-7 0-0 11-9 19-17 6-5 25-24 14-12
3-2 0-0 6-9 8-13 9-15 4-5 7-12 2-3 1-1 5-8
4-7 0-0 5-5 6-8 3-4 1-1
