16-11 0-0 11-4 21-15 3-0 18-14 8-10 13-5 14-6 27-16 15-6 6-2 17-12 20-15 4-1 7-9
0-1 1-2 5-4 6-4 3-3 10-12 2-3 7-11 9-12
1-3 2-6 0-0 4-4
0-1 0-0 2-3 1-2
1-2 10-8 5-4 13-12 16-16 12-10 14-13 7-5 4-3 8-6 15-14 17-17 9-7
26-24 6-6 16-35 32-19 7-7 17-34 15-36 1-2 3-10 14-18 29-22 33-40 22-38 18-31 23-39 2-10 21-37 25-28 0-1 18-32 5-16 4-15 11-3 24-25 28-21 8-8 12-4 13-18 31-20
7-20 18-13 0-0 26-21 24-7 13-3 14-4 8-10 17-16 9-11 16-15 2-2 20-5 21-6 1-0 12-9 23-7 25-8
22-26 18-19 2-12 7-11 10-3 1-2 15-23 22-32 11-5 22-27 8-10 25-35 6-15 19-21 21-26 20-22 3-13 24-28 16-30 4-14 12-18 26-37 5-15 23-24 0-1 9-9 6-16
8-14 0-0 27-1 4-19 10-13 18-4 7-18 5-19 19-5 6-20 14-12 15-11 16-0 23-2 24-3 28-21 20-5 21-6 2-17
4-8 6-6 3-11 7-7 29-23 12-16 39-17 17-16 22-33 23-30 4-9 27-20 31-18 33-26 16-3 40-38 1-1 11-13 0-0 2-10 15-14 12-15 21-32 28-21 9-5 26-19
12-2 13-1 1-3 14-5 0-4 13-0
4-7 12-1 1-12 2-8 7-6 8-5 11-3 14-13 0-11 3-9 9-4 13-0 5-2 6-5
16-6 26-24 34-38 10-17 32-44 13-8 30-37 4-0 1-2 40-46 23-30 14-5 9-15 21-27 10-12 29-22 9-11 19-32 12-10 22-28 18-20 11-13 27-23 17-19 12-14 45-47 2-3 22-29 35-39 0-1 5-10 20-33 24-36 5-14 31-45 28-25 8-4
21-14 62-33 69-42 17-7 60-35 12-5 66-32 35-18 61-34 14-9 8-1 36-18 49-29 12-6 22-16 33-17 37-19 58-37 32-16 38-24 50-30 57-41 14-10 11-4 56-40 7-1 41-21 9-3 6-0 39-22 40-20 46-27 54-36 38-25 59-38 19-13 68-31 44-28 14-11 9-2 16-8 20-15 38-26 63-32
1-3 51-51 10-17 56-60 18-4 50-49 57-57 44-37 43-38 46-47 13-8 9-18 34-39 14-5 31-36 6-10 47-53 35-40 30-28 25-35 20-27 26-33 3-13 37-38 21-23 55-61 4-14 23-34 32-39 49-52 5-15 2-3 8-7 63-62 19-20 41-38 7-9 0-1 22-25 29-29 5-16 54-54 27-30 60-59 45-41 0-2 21-24
0-1 22-23 5-5 24-18 26-19 19-26 4-4 28-28 23-23 18-26 6-3 14-12 1-6 17-25 25-20 11-15 13-10 21-24 7-9
12-1 33-12 32-13 14-3 16-7 12-2 17-6 26-20 0-9 18-5 35-21 20-4 17-5 23-10 28-16 31-15 11-0 24-11 27-18 1-8 29-14
0-1 19-8 35-12 37-10 14-5 17-7 13-4 33-14 11-3 34-13 18-9 1-0 38-15 12-3
11-11 1-6 7-16 19-0 12-9 5-18 16-22 8-15 24-28 0-5 15-7 14-20 11-12 13-10 23-24 9-13 6-8 4-17 21-29 26-31 10-14 2-25 0-2 22-30
16-16 8-13 24-17 32-31 7-11 5-1 29-27 21-20 25-26 19-25 17-23 2-2 20-18 27-28 22-21 21-19 0-0 9-14 18-24 3-9 26-30 11-12 4-6 3-4
3-15 16-6 17-8 25-16 26-23 4-18 14-4 33-27 21-2 1-17 11-14 15-5 6-14 35-25 37-31 10-12 13-7 18-9 19-10 34-26 36-0 24-19 9-14 12-7 29-21 23-20 31-24 22-0 0-1 28-21 32-30
0-1 12-2 17-9 20-3 11-2 19-4 13-5 14-6 15-6 21-10 1-0 16-7
37-16 5-6 42-16 45-14 31-26 3-7 35-37 21-20 25-30 18-12 34-32 22-21 41-15 4-5 35-32 9-10 11-0 1-9 10-1 20-19 32-35 30-25 43-13 24-29 36-41 23-28 39-18 7-4 32-36 40-17 33-31
0-1 29-6 25-11 24-7 18-2 31-5 19-4 27-12 21-8 23-9 17-2 32-13 26-11 22-8 1-0
1-3 32-32 23-22 20-20 7-15 13-7 10-9 19-28 22-24 14-19 8-11 21-23 17-31 15-29 0-5 18-28 4-2 16-31 11-8 3-1 2-0 24-21 9-12
5-9 59-27 50-25 10-6 35-29 61-48 39-41 34-39 31-43 4-9 43-37 3-10 16-3 30-42 49-25 40-38 48-24 45-34 42-36 47-23 1-13 32-46 27-19 0-12 33-47 28-32 17-4 13-1 52-22 15-2 12-0 58-26 29-41 55-20 22-18 2-15 32-30 7-8
45-23 19-15 48-32 63-35 24-31 70-5 61-38 2-19 25-30 49-41 69-7 41-29 40-28 1-10 62-39 16-18 46-22 18-13 80-42 25-18 75-2 23-20 42-27 64-36 22-11 50-40 59-34 65-33 16-12 0-1 68-9 67-3 71-6 18-14 79-0 3-18 43-26 21-17 20-16
21-14 51-40 41-33 16-9 40-31 28-8 50-38 30-4 21-13 34-29 48-37 18-12 17-11 12-6 50-39 37-26 52-41 2-16 14-10 45-34 22-15 38-25 25-21 1-0 13-10 24-20 0-1 23-19 33-24 36-28 31-7 26-22 11-3 43-35 42-34 47-36 29-5 10-2
0-1 17-13 3-2 2-6 1-3 12-14 16-16 7-1 10-7 21-17 6-3 1-5 7-4 5-0 13-9 19-10 18-11 15-15
26-24 63-61 55-63 6-6 14-13 59-80 73-82 52-68 20-17 17-15 32-33 53-64 39-45 60-60 72-53 25-26 21-31 60-78 68-54 14-14 52-69 66-56 61-79 42-41 13-11 27-23 56-62 51-73 40-43 23-29 33-47 47-51 54-65 8-3 34-51 37-37 30-21 49-71 9-2 23-28 67-55 38-42 7-4 28-21 58-75 47-50 16-20 0-9 50-72 22-30
19-8 14-13 20-7 22-6 12-17 4-24 0-4 2-2 29-26 16-18 1-1 6-23 7-22 18-10 3-5 10-10 13-14 9-9 2-0 14-12 11-15
53-25 44-15 22-23 57-50 42-16 11-2 18-4 23-41 30-31 35-29 12-2 20-12 28-30 29-31 46-13 40-19 43-14 38-17 48-45 32-34 13-11 17-5 26-21 33-35 64-53 1-0 49-48 24-20 0-1 14-11 41-20 21-22 25-24 16-8 39-18 63-44 15-6 37-28 49-46 31-33
14-17 17-7 18-4 15-19 9-37 12-9 3-10 6-32 13-16 23-2 22-38 1-1 11-13 17-5 0-0 19-28 2-31 8-33 24-35 15-17 16-8 19-27 20-6 25-40 7-34
40-55 25-31 27-21 48-36 20-20 10-15 28-26 39-54 41-57 15-12 12-2 29-18 46-48 21-8 18-9 32-41 49-58 17-5 47-45 44-46 41-52 16-4 22-17 45-47 2-10 13-6 19-24 14-53 1-0 0-1 43-49 24-29 31-41 23-28 37-44 48-35
107-98 136-128 70-63 63-76 143-124 90-89 121-106 76-66 56-61 78-69 19-29 52-53 111-95 16-22 98-86 59-62 144-113 99-84 106-91 0-1 42-57 82-71 79-70 48-47 141-126 43-57 49-46 39-55 13-26 23-3 86-39 27-11 120-107 28-12 57-60 89-87 12-2 113-93 27-16 124-111 140-125 41-56 102-78 36-4 44-57 64-76 25-14 1-0 61-59 119-105 15-28 60-72 45-50 118-104 13-9 40-55 145-135 30-8 81-67 38-55 65-75 22-20 66-73 117-123 130-114 33-6 138-128 34-5 93-36 14-23 47-48 103-79 91-88 83-37 110-96 137-134 62-76 58-61 31-9 13-8 55-58 26-15 108-98 66-61 37-42 118-103 122-106 132-129 125-101 109-98 27-13 77-70 105-81 52-51 112-94 139-131 13-27 71-68 85-41 114-92 133-130
4-7 39-26 28-29 46-25 68-47 49-30 41-23 67-50 48-32 24-13 9-4 54-38 70-45 26-16 2-5 59-41 28-19 63-42 31-18 71-44 6-10 62-43 14-1 51-35 16-15 53-37 15-4 38-17 52-36 17-14 67-49 40-24 11-4 13-2 5-11 56-27 55-33 61-26 7-9 66-48 29-20 26-22 68-46 0-6 58-40 8-8 12-4 72-51
0-1 1-3 10-4 5-12 2-11 3-11 7-7 9-6 6-12 11-19 8-5 0-2
0-1 1-3 10-4 7-6 6-12 8-10 9-5 11-13 3-7 0-2 5-8 3-5
16-42 14-37 49-9 58-1 32-19 13-37 53-3 37-14 1-6 36-34 29-4 2-5 33-21 5-36 25-30 43-11 4-19 17-42 35-33 7-37 0-4 56-0 27-28 41-25 54-2 21-33 5-39 1-4 13-39 59-43 15-41 35-16 38-15 14-40 46-10 24-29 41-10 8-8 50-10
0-1 1-2 16-8 14-6 7-4 12-5 2-3 15-7 21-10 21-11 18-11 26-12 4-0
0-1 26-15 11-10 8-2 28-16 16-9 10-12 24-4 18-7 23-3 9-11 25-14 22-6 1-0 14-8 7-2
28-18 38-36 53-53 14-13 47-42 33-30 7-2 13-12 29-39 32-27 45-44 41-47 44-45 18-16 9-11 24-23 39-49 36-31 37-34 46-40 19-21 29-17 8-2 20-22 35-32 12-7 34-33 49-52 9-10 52-51 15-14 1-0 17-4 0-1 31-28 10-5 24-25 42-46 11-6
26-24 67-40 45-18 23-7 17-15 16-17 3-3 6-10 27-25 57-27 20-9 64-42 25-22 1-1 32-28 18-13 0-0 31-29 26-26 4-5 5-2 52-33 7-18 53-31 8-38 30-25 62-36 54-32 49-38 11-8 48-30 9-9 68-43 19-12 65-41 61-35 24-21 2-4 45-32
23-37 31-40 9-29 37-64 34-56 36-52 1-2 40-46 46-43 22-55 35-54 7-24 42-44 4-23 44-42 8-25 18-13 29-61 21-33 36-50 43-41 27-44 32-39 37-51 20-10 24-35 3-9 0-5 27-62 11-21 25-34 10-32 38-49 0-8 41-45 49-38 39-47 13-14 26-67 50-59 51-68 2-0 9-30 19-12 5-27
26-47 13-33 45-23 42-43 37-49 40-22 34-11 24-26 36-17 17-34 22-31 39-21 6-7 8-55 18-38 2-2 7-54 46-9 1-1 0-0 32-15 4-5 19-39 41-21 25-25 44-24 20-41 33-10 48-56 35-13 23-28 14-36 16-34 21-29 9-48 4-3 30-50
18-15 16-14 11-19 13-16 12-17 31-42 3-2 0-0 34-50 33-49 1-4 27-39 24-35 32-48 2-3 7-31 20-5 39-52 36-51 25-37 3-1 27-38 19-12 10-20 23-33 29-36
49-51 65-67 55-63 25-31 50-49 52-61 36-26 35-18 4-12 57-64 37-27 7-11 59-65 0-15 11-5 10-7 23-17 38-28 6-10 1-14 12-6 15-0 40-42 14-1 31-25 30-38 51-53 2-16 24-19 56-62 53-58 3-13 35-20 22-4 31-24 45-29 60-64 39-43 51-52 48-49 32-22 53-57 33-23 42-42 20-2 43-35 58-66 8-8 40-40 47-50 41-37 66-68
9-26 54-66 50-69 2-1 0-7 27-48 11-23 13-17 32-37 15-19 45-31 5-8 4-0 24-9 31-43 34-39 39-32 64-85 51-70 14-18 7-24 60-60 68-77 1-5 10-27 48-52 73-88 35-36 26-50 8-25 3-2 40-34 49-73 57-63 47-30 41-35 24-15 52-72 28-47 65-83 33-38 55-64 63-84 12-22 25-28 59-61 61-59 30-44 19-16 22-12 17-21 21-10 29-45 16-20 66-79 23-13
10-6 22-19 26-16 2-5 30-18 19-11 7-2 9-0 60-49 23-17 20-21 13-25 15-30 12-24 31-12 46-44 11-27 53-37 0-4 28-13 44-42 43-45 14-28 38-7 8-2 34-9 51-38 15-29 29-15 21-18 47-44 40-35 22-22 41-34 12-26 42-48 34-10 54-40 4-3 59-37
15-20 26-23 0-2 7-7 38-32 19-15 42-29 21-13 5-8 4-0 32-33 19-18 20-12 2-2 36-31 27-28 12-21 17-19 23-10 26-26 34-30 30-29 31-34 20-14 6-5 43-35 10-20 25-9
52-23 11-11 59-27 24-4 56-25 35-18 12-9 45-22 38-21 22-14 30-28 9-12 13-7 42-21 21-5 25-15 8-2 10-13 14-6 31-34 20-5 32-35 1-0 64-3 28-24 0-1 58-26 53-23 65-36 35-19 62-16 43-21 34-17
13-22 10-17 20-7 22-9 0-3 12-20 21-8 11-18 14-23 8-15 12-21 7-14 15-25 4-5 24-6 14-24 1-4 30-29 9-16 16-26 18-28 17-27 5-10 3-1 2-0 6-13 29-5
0-1 18-15 19-16 21-18 22-19 15-11 8-8 12-4 8-7 16-14 1-0 9-6 7-2
0-1 1-2 0-0 3-3 5-5 6-6 4-4 2-3
35-45 53-65 56-69 31-26 8-9 50-60 22-31 16-17 30-27 11-10 32-33 25-30 35-44 55-62 51-61 59-87 62-78 26-29 64-79 34-43 65-80 37-46 0-4 2-2 33-39 40-38 1-1 54-64 11-13 6-18 4-5 47-52 57-70 13-6 73-74 74-88 48-53 5-21 75-89 29-25 58-57 66-81 7-8 60-82 12-15 20-23 67-76 68-75 10-10 21-22 41-34 28-28 14-7 46-50 2-0 5-20 48-54 61-77 49-55 24-32 15-16
15-27 32-19 5-13 0-7 34-42 28-34 23-32 33-41 42-20 36-43 10-8 12-2 31-43 14-18 16-29 54-48 27-45 40-19 37-26 28-27 22-38 17-36 2-6 18-35 6-11 20-31 51-49 39-22 4-16 55-52 21-37 30-44 26-46 8-12 9-9 11-3 44-51 45-50 25-40 3-4 19-30
11-16 12-15 15-13 24-19 4-6 7-1 8-1 16-12 6-0 20-11 10-18 6-3 9-10 23-9 1-7 3-4 3-5
9-13 4-7 32-29 9-14 10-11 20-25 8-12 14-19 22-22 21-24 26-26 27-27 23-23 7-18 0-4 12-10 19-20 17-17 5-8 7-9
3-2 0-0 25-16 6-8 18-12 10-10 13-15 7-7 14-15 15-14 4-3 8-6 2-5 16-13 1-1
32-26 2-18 12-5 10-3 23-7 7-2 27-29 30-27 19-14 0-17 15-11 24-14 36-22 18-9 31-25 3-16 14-10 11-4 29-30 13-6 34-23 16-12 42-31 33-24 6-1 4-15 28-28 22-8 25-20 26-19
32-26 35-45 7-12 36-46 25-32 46-47 9-18 26-39 24-31 2-9 19-25 43-24 17-14 1-1 15-15 12-21 5-4 18-13 23-29 10-19 21-40 41-42 14-15 8-17 39-43 27-35 6-5 20-23 13-14 21-22 37-44 26-34 31-27 11-20 28-33 4-3 45-41 0-2 22-30
4-8 3-11 16-21 18-19 9-4 8-5 26-15 12-2 6-7 24-18 7-6 30-23 11-1 28-13 15-22 17-19 23-16 2-10 7-5 25-14 1-9 5-7 14-12 21-17
33-22 10-17 75-37 5-6 7-12 64-51 74-39 68-49 76-38 14-13 40-31 39-30 34-25 37-27 57-47 44-34 3-3 29-8 45-35 49-41 66-50 78-36 4-4 48-40 63-48 13-16 27-10 43-33 2-2 59-40 42-32 50-43 1-1 35-24 18-13 0-0 25-11 9-20 38-29 26-9 36-23 73-44 12-15 13-14 5-7 8-18 83-54 41-31 9-19
36-60 56-82 15-31 31-79 43-86 49-88 37-64 28-45 35-58 12-9 9-25 26-44 39-41 46-87 57-93 8-24 16-36 44-89 52-83 7-23 1-1 29-48 0-0 30-47 11-30 5-11 24-39 47-92 48-91 5-15 34-54 19-35 29-46 6-12 23-38 4-2 13-10 25-41 41-59 33-57 32-56 45-90 27-43 1-7 20-37 10-29 2-4
51-51 47-35 13-4 10-6 20-20 3-11 24-26 45-49 25-27 43-46 44-48 17-16 46-34 36-30 9-15 52-32 34-22 15-18 1-10 54-31 12-3 23-25 37-30 27-23 7-14 50-54 18-2 55-61 16-19 47-37 51-55 0-1 11-17 49-60 6-38 7-13 21-29 28-21 29-24 43-47
38-36 9-8 40-32 31-44 19-22 42-29 32-40 26-25 25-23 8-14 47-27 4-9 7-15 39-32 44-27 40-33 3-10 45-26 24-23 50-50 43-24 17-19 30-47 5-17 12-7 34-40 28-47 35-39 18-21 14-11 9-13 45-2 21-22 41-34 49-1 0-6 32-43 31-45 25-20 41-31 33-42 6-16
33-22 40-32 5-1 17-16 2-5 11-19 44-34 3-3 9-21 14-18 36-27 43-33 28-6 8-15 18-13 23-10 6-0 1-4 26-9 34-23 12-18 37-25 4-2 18-14 20-11 38-30 27-7 42-24 10-20 17-12 39-31
13-13 5-6 15-20 30-3 25-12 10-15 15-19 20-17 16-10 8-20 2-2 6-18 4-5 5-17 34-23 9-16 7-22 33-1 32-0 22-8 21-7 3-4 29-5
25-32 27-37 10-26 29-35 6-17 18-30 35-4 28-38 51-50 11-22 24-34 49-44 8-6 32-3 47-48 1-1 0-0 30-20 45-47 2-10 16-33 33-5 3-9 34-2 37-40 48-49 19-31 23-19 5-16 4-15 7-13 2-11 20-28 46-46 12-23
1-3 42-43 45-23 46-20 19-26 44-40 10-15 11-14 14-9 31-32 16-7 32-33 49-8 43-37 12-13 6-10 54-48 9-17 7-10 53-6 45-41 17-19 41-46 37-38 48-22 25-28 11-17 24-29 34-31 38-42 33-37 30-36 3-4 0-2 22-30
8-14 12-20 31-29 22-24 17-28 5-11 2-8 10-18 4-13 0-6 6-3 3-9 0-5 9-17 19-25 1-7 15-19 13-21
5-9 35-34 34-38 50-45 4-8 25-31 22-26 33-36 48-1 7-11 18-30 26-44 18-12 11-5 10-7 19-29 28-42 6-10 31-36 44-16 22-28 20-27 21-19 40-14 0-0 16-4 2-3 8-7 47-18 27-40 17-13 22-42 9-6 30-35 24-16 37-32 36-33
7-3 26-35 19-22 13-21 18-23 20-26 4-4 3-6 14-14 2-2 22-28 16-18 1-1 10-9 27-32 28-31 0-0 17-19 14-19 23-34 19-24 24-35 21-29 22-36 33-37 32-30
6-9 22-23 13-13 19-19 28-29 20-20 25-27 3-7 5-8 26-29 37-39 8-10 23-21 0-0 35-32 8-11 39-39 34-33 24-24 14-15 29-25 25-28 40-36 21-22 43-40 18-14 11-3 1-18 12-4 27-30 42-34 41-37 15-16 9-12 33-31
19-19 2-18 20-20 31-26 3-14 30-27 10-8 34-29 18-5 28-27 1-1 0-0 33-25 5-11 16-4 26-26 12-7 4-16 9-10 24-24 6-12 25-28 22-22 11-8 4-15 7-13 14-3 13-9
16-11 0-0 22-2 13-13 5-16 16-10 19-6 8-22 4-15 3-1 9-21 26-23 21-3 10-20 17-12 15-9 20-5 6-17 14-8
28-18 30-12 26-14 9-8 42-25 29-13 37-27 36-21 19-0 12-9 21-1 49-29 17-2 41-25 23-16 44-24 48-22 25-14 22-11 39-28 46-23 10-10 14-7 15-6 43-26 40-26
19-8 24-41 7-21 3-0 9-22 11-23 42-53 17-25 20-38 22-40 13-30 32-62 37-60 21-39 39-54 48-51 15-26 33-63 12-33 27-56 14-27 1-5 0-4 23-44 4-1 41-52 6-11 49-64 44-50 2-3 28-57 12-35 5-7 18-36 45-50 26-48 29-59
7-14 4-19 5-17 19-7 17-11 1-5 9-12 20-6 6-13 25-20 18-10 0-3 3-4 0-2 8-15 12-8
0-0 2-2 3-4 1-1 3-5
3-2 24-8 23-6 28-9 22-4 2-0 26-5 0-3 4-1
0-0 20-2 2-1 24-4 26-8 21-5 25-3 23-7
1-2 3-2 0-0 10-4 14-5 12-6 2-1 15-7 11-6
3-2 27-13 18-7 2-0 21-4 21-9 22-7 25-14 26-12 0-3 29-15 4-1 24-10
3-2 24-7 25-5 2-0 21-4 26-8 22-6 0-3 4-1 23-7
3-2 24-8 30-15 25-9 31-14 33-16 29-10 22-4 2-0 32-11 27-5 0-3 26-6 4-1 23-7
2-7 1-5 0-5 4-3 4-2 3-4 5-8
3-2 21-7 24-6 25-5 2-0 26-8 22-7 0-3 20-4 4-1
1-5 0-4 3-7 2-5 4-0
24-9 3-2 23-8 27-6 22-4 2-0 26-7 0-3 4-1 25-9
0-0 13-2 16-4 2-1 15-10 14-8
3-2 24-7 22-4 2-0 27-5 0-3 26-6 4-1
5-6 4-4 3-4 6-0
0-0 2-1 21-8 23-9 24-4 19-2 22-9 20-8 1-0
3-2 24-7 28-8 22-4 2-0 27-5 0-3 26-6 4-1 23-7
5-6 4-4 3-4 6-0
3-2 24-6 21-8 2-0 22-8 0-3 20-4 4-1 23-7
3-0 2-0 1-6 0-4
3-2 24-8 23-8 25-7 22-4 2-0 0-3 26-6 4-1
3-0 2-0 1-6 0-4
0-0 13-2 16-4 2-1 15-11 14-9
0-0 13-2 16-5 2-1 20-10 15-6 14-9
0-0 13-2 16-10 17-4 2-1 14-9 9-6 11-6
3-2 26-14 23-11 27-15 31-17 22-4 2-0 25-13 24-12 0-3 4-1 29-16 30-6
0-0 13-2 14-5 15-3 2-1
3-2 21-7 23-5 2-0 22-9 0-3 20-4 4-1
3-2 23-10 24-7 25-5 22-4 2-0 0-3 4-1
22-2 24-8 3-0 23-11 2-0 25-3 4-1
19-10 3-2 16-9 18-4 20-7 21-5 0-3 4-1 14-8
19-8 3-2 18-7 2-0 22-9 21-5 20-8 0-3 4-1 17-4
0-0 13-2 16-5 12-12 2-1 14-6 15-6 1-0 11-12 17-4 9-7
14-11 17-5 0-0 4-6 18-5 16-2 2-1 15-11 19-3
16-11 0-0 13-2 17-8 14-5 20-12 17-10 19-7 23-16 2-1 24-15 15-6 27-17 25-14 18-9 14-3 21-13
3-2 24-8 23-10 25-6 18-4 19-5 2-0 21-12 29-13 0-3 26-6 4-1 28-7
16-6 3-2 16-5 2-0 15-4 0-3 4-1
0-0 13-2 16-5 21-21 19-17 14-7 9-9 2-1 15-11 20-19 18-18 16-14 1-0 11-12 17-15
0-0 3-3 5-6 4-4 7-7 8-8 2-2 1-1
0-0 6-7 4-5 5-6 2-2 3-4 1-1
1-2 0-0
2-0 0-0
1-0 0-0 2-1
0-0 1-1
1-0 3-1 2-1
0-0 2-2 4-2 1-1 5-3
0-1 2-3 1-2
0-0 3-3 6-8 4-4 8-9 7-5 2-2 1-1 5-8
0-0
0-0 3-3 6-8 4-4 5-7 8-9 7-5 2-2 1-1 5-8
7-8 4-7 0-0 5-10 8-13 2-2 6-12 3-4 1-1
0-1 0-0 5-5 6-6 2-2 3-4 1-1
0-0 5-5 6-6 2-2 3-4 1-1
6-4 3-2 0-0 4-3 2-2 1-1 5-3
6-9 0-0 4-5 7-6 8-10 2-2 3-4 1-1 5-8
0-0 3-3 4-4 2-2 1-1
5-4 0-0 3-3 4-3 2-2 1-1
6-9 0-0 4-5 7-6 8-10 2-2 3-4 1-1 5-8 7-9
0-0 1-1
3-2 0-0 2-2 4-2 1-1
3-2 0-0 5-4 4-3 2-2 1-1
0-0 3-4 1-1 2-2
0-0 3-4 1-1 2-2
0-0 1-1
0-0 3-3 6-8 4-4 5-7 8-9 7-5 2-2 7-8 1-1
3-2 0-0 5-4 4-3 2-2 1-1
3-2 0-0 1-1 2-2
3-2 0-0 1-1 2-2
0-0
0-0 1-1 2-1
1-2 5-4 2-6 0-0 6-9 4-5 3-8 4-1
1-0 0-0 3-1 2-1
1-0 0-0 2-1
2-0 1-0 0-0 3-1
6-4 3-2 0-0 4-3 2-2 1-1 5-3
0-0 6-6 4-5 2-4 5-2 1-1 3-5
0-0 3-3 4-6 2-5 1-1 3-5
0-0 5-7 3-6 4-3 2-5 1-1
0-0 1-1
0-0 1-1
0-0 1-1
0-1 0-0 1-1
0-0 1-1
0-0 1-1
0-0 1-1
0-0 1-1
0-0 1-1 2-1
0-0 1-1
0-0 1-1
0-0 1-1 2-1
1-2 22-20 0-0 4-9 8-12 10-13 13-5 2-10 3-8 22-19 18-6 11-14 15-4 7-11 21-18 9-12
2-7 8-14 11-16 0-0 5-10 4-9 15-19 9-15 17-5 10-16 7-13 14-18 19-4 3-8 13-17 25-21 6-12 23-6 25-22 24-20
1-2 2-7 11-16 0-0 4-9 16-5 23-19 5-11 9-15 7-13 14-18 18-4 3-8 13-17 12-17 22-6 6-12 24-21 24-20
3-15 34-28 5-13 24-26 25-27 23-26 35-29 29-4 1-2 10-8 16-17 20-21 33-6 17-23 27-5 0-0 18-24 11-9 4-14 12-18 19-20 15-17 2-7 22-25 14-16 8-12 35-30
11-16 5-9 31-6 25-5 33-36 11-14 7-11 22-33 15-26 1-2 18-23 13-25 6-10 0-0 16-30 21-33 10-19 23-34 20-32 27-4 32-35 17-27 2-7 9-13 16-31 8-12 14-25 3-8 33-37 10-20
1-2 4-10 2-7 0-0 5-9 14-5 16-4 10-13 13-4 3-11 7-4 20-6 11-14
1-2 4-10 17-18 0-0 7-15 2-8 5-12 10-13 22-5 24-4 10-15 13-17 3-9 18-19 29-23 16-20 28-6 11-13
1-2 2-7 0-0 4-9 7-15 11-17 8-12 14-16 10-16 3-10 17-19 18-5 24-6 13-18 15-17 20-4 5-8 6-14
1-2 2-7 0-0 16-5 6-8 11-11 14-5 24-6 18-4 3-8 8-9 12-11 15-5 5-8
43-17 31-19 30-8 21-9 34-15 18-1 45-26 20-9 3-6 2-6 23-10 39-24 27-13 35-16 37-22 40-25 11-7 17-0 13-5 32-18 0-6 28-15 38-23 37-21
3-0 1-3 0-2 2-1
1-0
5-9 24-17 13-4 10-6 4-9 15-0 14-1 24-23 25-15 18-20 12-3 19-21 23-16 8-11 2-10 1-9 28-24 17-18 11-7 21-22 26-22 3-8 0-9 9-12
0-1 1-2 5-5 4-4 2-3 3-4
0-1 2-3 1-2
1-2 7-8 0-0 4-5 5-6 13-14 10-12 8-9 9-10 2-3 3-4 1-1 11-13
3-3 4-6 3-1 8-10 1-4 14-13 2-5 1-0 9-7
32-54 33-22 4-8 8-9 11-19 28-38 1-2 13-12 12-20 16-10 9-15 19-36 20-37 10-18 6-3 3-6 21-48 31-25 25-53 30-24 24-52 5-4 20-44 26-59 27-40 18-43 0-1 2-7 14-16 13-14 18-47 22-49 39-60 10-14 17-26
16-6 26-19 10-7 19-16 22-12 3-1 25-18 6-0 9-9 26-22 28-23 1-5 2-3 24-13 0-4 21-17 18-11 7-2 20-16
12-2 2-9 13-3 5-17 8-11 9-3 11-2 0-7 4-16 1-8 14-0 15-18 6-5
27-23 10-4 7-1 9-2 0-19 18-14 6-0 19-14 4-16 22-10 14-12 26-8 2-22 12-9 17-13 20-15 3-17 8-5 13-11
26-24 20-25 22-23 4-8 3-0 24-17 31-19 20-8 8-28 28-5 14-1 33-29 25-22 2-16 7-27 24-15 27-4 6-26 19-20 15-2 10-14 23-18
1-3 6-8 13-13 8-12 4-5 13-14 14-9 0-7 10-18 17-2 9-16 18-21 3-6 15-9 7-11 11-19 2-4
10-11 3-3 7-6 8-10 2-1 9-9 0-4 4-2 1-0 6-5
0-1 1-2 16-6 18-20 6-8 12-14 21-21 4-18 10-13 15-10 5-19 18-7 19-5 2-3 8-17 20-4 14-9 8-16 15-15 9-12
117-110 26-24 47-54 18-22 61-49 9-1 37-16 14-30 67-79 85-85 96-96 8-0 108-90 3-11 15-31 46-56 59-51 36-26 77-81 109-91 57-53 49-59 118-109 32-33 19-18 51-50 66-83 69-69 97-97 44-45 64-46 28-23 76-77 16-29 63-48 110-89 81-66 20-39 79-68 22-28 42-41 75-77 106-105 104-98 30-14 101-102 98-104 2-10 55-52 111-88 65-60 99-103 38-15 43-44 93-101 71-73 33-34 103-98 54-57 45-55 92-100 106-106 42-13 50-59 11-3 34-20 78-71 87-87 17-21 89-108 54-50 72-72 90-107 5-2 95-95 73-76 10-2
0-1 4-4 3-3 1-2
1-1 2-2
18-22 22-23 11-14 19-22 7-2 10-7 4-13 8-6 1-1 25-29 0-0 12-14 21-23 26-30 14-15 23-24 9-6 20-23 13-14 5-14 17-21 24-25 16-20 15-16
23-4 3-2 0-0 8-3 2-1 12-5 22-4 21-4 6-2 1-0 7-2 5-3
14-28 10-5 5-11 0-14 13-4 9-3 1-14 4-13 2-22 12-8 4-2 3-27 11-6 7-9
4-10 5-4 6-4 8-3 9-0 7-6 12-12 2-11 3-11 0-11 11-1 1-11
3-2 7-1 6-0 0-5 1-6 2-3 8-7
10-8 3-2 9-8 11-9 6-0 0-5 1-6 2-3 8-7 10-1 12-10
6-7 3-6 0-4 5-1 4-0
0-0 1-1
3-2 5-5 4-5 1-5 0-5 2-3
12-15 1-3 3-3 7-1 6-1 10-12 9-10 2-3 11-13 5-0 13-8 4-2 0-3 15-5 10-9 8-4
19-8 18-0 23-22 21-9 11-14 20-8 16-7 26-25 3-3 9-15 12-17 0-4 2-2 6-11 14-19 20-10 25-21 6-5 10-16 7-13 23-23 13-18
1-0 0-0
0-0 11-4 13-3 4-5 2-1 12-4 15-7 3-6 1-0 14-2
1-0 0-0
1-0 0-0
1-0 0-0
1-0 0-0
1-0 0-0
1-0 0-0
21-14 16-9 0-2 30-22 31-23 19-11 22-14 13-7 33-6 23-15 38-24 20-13 17-10 27-19 29-21 28-20 2-3 26-18 10-5 25-17 3-1 24-16 15-9 9-5 18-11 14-8 8-4
15-13 20-8 29-12 26-17 7-28 22-3 15-22 16-11 2-31 17-10 25-18 30-20 35-32 31-17 1-9 10-23 0-30 31-21 21-18 18-10 23-19 34-16 24-7 4-26 6-27 11-25
19-6 11-8 4-18 1-16 7-13 8-10 17-1 5-14 17-2 3-18 0-16 9-11 16-0 22-19 6-12 15-5 10-9 2-17
5-9 22-26 19-22 15-12 10-7 2-2 12-10 6-4 3-2 31-29 18-17 19-24 7-5 1-0 21-18 9-6 25-28 0-1 20-23 26-27 11-8 23-28 4-3 28-25
4-7 15-13 1-12 0-15 3-0 0-14 10-7 2-11 16-2 20-16 8-8 15-9 9-5 19-10 11-12 12-3 9-7
0-1 1-2 16-16 10-11 19-19 4-19 3-13 5-6 4-18 18-5 11-12 4-17 26-20 19-5 9-10 2-0 8-8 15-7 20-4 6-15
3-3 7-1 8-7 2-2 1-0 0-3
1-3 32-26 22-13 35-22 18-15 9-8 2-1 7-11 2-5 20-17 30-27 28-30 8-10 3-6 17-14 10-9 39-20 5-4 33-25 6-11 36-23 31-28 42-31 29-29 4-6 19-16 27-18 37-21 0-2
4-10 11-7 0-0 5-11 13-3 14-4 18-2 9-5 12-5 3-9 8-8 11-1 12-4 19-13 6-12
0-1 1-2 11-4 5-11 9-8 6-10 10-6 12-7 13-4 4-13 2-0 8-9 4-12 14-3 17-14
13-22 1-3 5-6 79-53 26-28 28-34 2-12 23-26 53-48 62-57 66-69 20-17 47-16 24-31 48-13 30-27 42-40 51-50 27-33 25-30 56-61 62-56 80-74 42-39 72-65 71-70 40-42 58-63 16-25 10-0 20-18 31-35 14-23 18-20 21-19 12-21 50-47 43-41 35-43 37-45 63-58 9-10 36-44 52-51 46-14 68-66 65-64 76-55 3-5 38-46 15-24 4-6 57-62 70-72 55-60 69-71 73-73 29-32 7-4 33-37 46-15 60-59 32-36 47-14 0-2
3-0 14-13 0-10 7-11 5-1 16-7 15-12 8-14 26-20 9-15 11-18 20-4 4-1 22-3 19-6 11-17 17-9 10-16 16-8 12-19 25-2
16-16 3-13 18-15 5-12 10-6 8-10 1-4 2-10 12-5 19-5 14-1 15-14 6-13 11-14 0-3 20-17 4-11 7-9
21-21 27-17 7-11 20-18 29-26 6-15 4-10 17-19 25-25 24-24 14-2 19-20 3-5 2-7 13-1 8-12 22-22 23-23 5-14 2-4 13-0
11-16 16-16 21-21 23-22 24-22 22-20 5-12 9-12 7-10 20-18 8-16 4-1 6-4 2-6 5-11 10-13 14-15 13-14 35-23 3-8 26-19 17-17 11-6
18-13 21-20 14-5 11-8 20-21 12-7 0-24 1-14 8-10 10-12 17-16 25-25 22-4 9-11 19-3 16-15 24-2 15-4 6-17 7-9
6-4 28-17 10-2 18-14 25-12 7-4 0-6 26-11 14-0 21-16 27-8 23-13 8-5 25-9 16-7 5-3
32-26 45-14 64-12 55-35 6-24 7-42 58-45 5-23 37-2 47-16 49-17 72-48 41-32 48-16 2-19 56-39 65-12 35-0 41-8 60-22 40-9 71-30 57-41 33-25 43-5 17-1 38-3 13-28 19-2 66-12 39-10 3-36 14-29 42-4 59-46 8-43 13-27 26-31 46-15 40-7 44-11 51-13
7-3 13-12 0-0 17-6 21-19 10-17 3-0 19-4 20-5 6-2 14-8 12-11 15-9 9-18 11-15 1-1 16-7 4-0
15-12 27-23 5-4 11-10 19-18 4-6 21-17 9-8 22-15 2-1 14-13 6-3 17-21 8-7 16-14 20-19 13-9 18-21 20-18 3-5
4-4 2-3 1-1
10-8 7-14 2-6 16-5 15-2 11-9 14-7 8-10 9-11 17-3 20-15 19-1 9-12 12-8
9-13 13-12 1-3 5-16 3-0 14-18 0-7 7-19 4-3 2-2 6-17 0-8 8-15
15-13 23-3 20-8 22-6 19-11 6-14 27-20 18-12 25-4 19-7 24-5 2-2 1-1 8-15 7-14 0-0 14-19 12-18 9-16 13-19 16-12 11-17 10-16
7-8 5-1 14-17 17-10 22-0 23-22 10-19 0-6 2-3 8-18 11-20 1-7 16-14 4-2 19-12 20-9 3-4 13-21 15-15
35-34 25-31 2-8 14-4 22-26 12-5 17-3 20-17 27-33 4-9 26-32 5-12 28-35 29-22 1-1 0-0 9-14 34-19 24-28 30-20 13-6 6-12 31-21 5-10 7-13 3-8 23-27
5-9 8-1 8-0 9-10 6-2 0-5 1-6 3-4 5-8
25-16 1-15 4-12 3-14 42-17 32-20 2-13 37-23 34-26 26-21 6-11 20-1 19-2 43-18 44-28 35-27 27-22 18-10 17-9 16-8 14-7 11-3 13-5 12-4 33-19 5-2
61-49 35-34 54-45 42-38 56-47 12-5 40-41 47-28 2-12 44-30 10-3 53-45 39-41 37-31 65-22 71-53 0-15 21-1 1-16 23-11 45-26 40-42 59-44 66-21 70-20 9-17 18-9 49-25 19-10 41-39 50-23 11-4 43-36 21-0 3-13 25-18 4-14 34-33 14-6 55-46 15-7 62-50 46-28 42-37 17-9 68-19 20-2 16-8 13-5 38-35 51-24 57-47
4-7 27-26 38-43 50-49 6-2 30-31 29-35 31-32 33-30 34-29 13-3 55-26 15-4 52-48 35-36 1-1 12-3 49-49 0-0 56-20 44-39 19-17 23-20 45-38 2-14 32-29 23-19 10-5 3-12 61-50 46-37 43-40 24-16 38-42 22-18 48-47 14-3 57-21 28-25 25-9 11-6 31-33
9-13 0-0 4-9 10-11 5-16 24-22 3-10 12-7 13-6 17-2 5-20 19-3 23-1 7-11 15-5 6-15 1-1 20-4 12-8
14-13 24-22 17-15 15-12 20-26 21-27 1-5 14-14 12-10 16-11 2-6 26-21 8-2 11-9 27-19 10-1 0-8 23-24 22-25 28-17 23-23 7-4 18-29 25-20 31-31 19-30
11-23 13-21 16-17 8-10 9-24 20-13 2-6 17-19 7-1 26-26 5-2 6-0 14-20 24-11 0-8 12-22 20-14 3-5 13-23 4-6 10-25 19-12 4-3 18-18 0-9 15-16
0-0 9-4 3-3 2-1
7-21 8-13 30-31 26-25 6-7 28-30 36-38 24-27 10-12 5-0 34-36 9-14 26-26 27-24 21-23 1-4 7-18 29-33 0-5 2-3 31-34 35-39 14-11 26-27 37-37 22-22 11-8 23-28 6-1 29-32 13-9 44-40
6-9 3-0 0-2 12-5 19-11 10-7 9-7 35-24 29-17 32-15 33-14 27-19 34-13 18-11 1-0 26-18 0-1 5-3 22-22 16-8 24-21 14-8 11-6 20-16
6-9 1-3 30-26 19-19 5-8 27-14 4-4 8-10 9-11 13-7 26-17 18-20 22-21 0-0 28-16 25-14 17-13 29-15 20-24 21-22 3-1 15-6 18-18
21-14 2-29 14-13 30-4 16-7 11-10 13-12 33-3 9-21 7-24 22-14 1-1 0-0 11-9 34-30 18-17 29-2 3-19 12-11 23-5 19-16 8-22 4-26 15-6 20-15
11-16 7-3 39-26 27-21 15-20 2-1 22-9 15-19 44-23 19-11 45-22 30-33 34-29 18-12 14-18 36-31 17-14 10-4 8-2 25-7 20-10 38-25 49-35 28-32 1-0 41-24 33-34 11-17 23-5 24-7 35-30
26-24 8-13 33-27 40-32 28-22 31-26 18-19 7-11 14-9 17-16 19-18 6-7 13-3 40-33 9-11 35-36 18-20 37-34 32-28 27-23 0-0 22-17 4-14 25-25 5-15 1-0 21-18 8-12 3-1 36-36 45-37 38-35 12-4 39-31 44-29 24-21 11-6
16-16 38-1 13-17 1-6 24-13 12-9 27-10 30-19 0-5 21-11 31-3 35-2 32-0 22-12 5-7 29-10 11-3 39-18 3-8 20-15 23-13 15-16
16-16 21-21 40-12 26-23 38-32 2-1 10-8 19-18 33-29 29-26 15-15 30-24 6-4 24-19 11-9 23-20 1-0 13-10 27-22 28-24 14-11 3-5 42-31 4-6 31-27 36-25 18-18 17-17
23-4 16-16 22-13 9-8 8-9 17-15 20-12 10-7 6-10 7-10 26-17 13-11 0-0 4-5 8-7 3-5 18-14 24-3 25-2 15-16 11-6
31-6 15-13 39-46 59-56 13-17 4-22 6-24 5-23 38-37 49-50 43-42 53-52 55-62 62-53 42-39 1-36 13-16 32-7 26-8 3-31 23-21 24-10 40-47 46-40 25-11 48-48 37-38 58-55 3-33 56-58 2-32 14-15 44-43 54-61 12-29 10-28 35-2 9-27 7-26 33-4 57-58 29-1 61-54 22-18 34-3 28-0 45-41 0-35 41-44 65-63
34-7 24-30 27-26 36-6 46-16 25-31 18-37 32-13 43-3 40-4 46-17 20-35 19-36 39-25 31-12 47-1 13-29 10-22 48-38 4-28 30-14 8-21 23-34 45-2 41-3 9-23 33-9 5-27 38-5
9-26 5-19 13-17 12-16 1-2 28-5 8-24 26-8 11-27 32-28 0-0 20-10 2-3 6-23 14-15 17-13 22-25 18-14 25-6 19-12 10-20 3-4
0-0 17-6 22-2 23-16 17-7 7-13 16-8 4-14 10-12 18-4 9-11 19-3 14-9 6-15 1-1
7-3 41-33 29-40 5-6 15-20 18-15 40-32 38-31 2-5 34-39 24-27 12-10 21-12 17-14 16-18 23-25 30-38 26-26 11-0 1-9 10-1 46-41 14-11 36-28 9-2 19-16 15-21 38-30 8-4
10-5 19-9 21-20 16-10 25-18 26-21 4-5 11-8 7-6 12-7 5-2 13-14 2-1 15-3 17-11 13-17 14-12 22-19 1-0 3-4
17-13 10-10 8-1 6-1 13-15 16-12 20-16 2-3 1-9 17-12 14-14 5-1 0-8 3-4 19-11 7-2 3-5
0-1 11-16 3-2 4-7 13-13 6-6 12-13 10-16 13-14 9-9 15-10 14-12 7-5 20-18 1-0 5-8
2-7 16-17 4-4 18-14 8-10 6-2 1-6 9-11 0-9 23-18 3-5
4-10 6-9 11-17 3-12 20-18 16-4 13-15 3-11 2-13 19-3 12-16 8-6 1-0 15-5 7-8
26-24 22-13 44-26 30-22 8-9 35-18 10-8 6-7 3-3 32-20 37-19 1-5 14-1 38-17 41-15 25-25 21-11 40-16 7-9 39-14 30-21 33-23 34-20 0-6 5-2 2-4
14-17 16-16 21-21 22-26 17-20 34-35 27-11 15-19 32-33 31-31 12-13 15-18 10-9 11-13 7-1 38-38 49-39 6-0 19-24 8-7 3-5 20-23 24-29 35-35 18-25 37-37 13-14 41-34 39-38 36-36 0-6 8-8 4-3 26-10 23-27 5-2 2-4
20-25 32-26 9-8 7-7 30-22 15-16 4-12 3-14 19-18 24-23 8-6 1-1 10-9 0-0 13-2 21-23 29-21 28-20 14-15 2-14 31-21 5-10 11-3 12-4 26-19
21-14 7-3 14-17 23-31 5-6 19-26 12-12 6-2 16-21 15-19 3-7 1-11 9-0 2-9 8-1 13-16 30-28 0-11 15-18 28-27 20-13 18-24 17-22 25-34 29-29 18-25 27-30 16-20 24-32 33-33
38-36 4-7 12-12 18-26 39-37 17-25 31-30 12-13 20-21 15-11 34-32 47-38 7-10 27-28 13-11 6-4 5-4 0-0 46-31 24-6 41-35 30-29 19-24 3-9 2-3 40-39 42-33 8-17 1-0 36-32 23-5 22-22 21-22 16-20 11-15 0-2 33-31
12-15 0-0 16-9 17-10 5-7 24-16 10-12 18-17 21-3 22-5 14-12 15-8 20-6 11-14 2-2 1-1
51-31 26-14 44-33 39-26 29-13 2-2 8-6 25-22 1-1 3-2 0-0 40-34 32-15 53-27 6-11 33-16 41-35 27-19 23-20 37-25 38-25 43-27 36-24 54-28 61-36 26-18 55-37 5-10 16-5 14-7 9-9 4-3 54-29 24-21
16-16 32-32 32-13 15-1 14-0 27-37 26-39 34-29 20-21 6-10 36-27 39-25 7-19 0-22 1-23 35-32 25-38 33-28 4-11 28-36 5-10 30-35 34-31 43-40 9-9 11-3 13-5 37-24 5-20 12-4 18-18 38-26 17-17
4-7 29-28 5-6 22-26 17-20 41-30 8-5 49-36 53-33 55-43 36-12 51-35 15-18 1-10 46-40 13-11 75-49 32-15 70-61 44-39 33-14 9-5 63-58 43-32 45-38 34-13 3-9 40-29 74-52 18-21 16-19 46-41 47-37 27-22 42-31 21-25 64-62 77-45 20-24 52-34 60-55 59-57 31-16 81-63 7-4 61-54 72-51 78-47 76-48 73-50 19-23 79-46
28-37 3-0 0-14 21-28 12-5 6-2 2-12 44-48 5-1 1-11 4-0 32-33 38-40 0-15 11-5 22-45 26-29 13-16 26-41 27-36 1-10 31-35 24-43 16-18 30-38 25-42 8-2 10-4 9-3 22-46 16-19 29-37 15-17 36-32 43-39 26-43
26-24 16-16 2-1 13-17 7-11 5-8 19-7 28-23 8-10 9-11 15-18 3-2 0-0 11-9 29-21 20-5 30-25 27-22 12-15 3-1 4-3 6-13 25-20 9-12
0-1 2-6 2-0 4-3 8-7 2-5 3-4 7-2
16-6 1-3 10-7 17-10 6-1 11-9 8-8 0-5 0-4 2-2 5-1 4-0
17-5 4-7 0-0 6-9 14-10 16-10 12-13 10-12 18-4 21-3 22-14 2-0 9-11 3-6 5-8 11-13
2-6 0-0 4-4 12-12 17-11 7-4 6-2 1-9 23-13 3-7 22-10 6-5 5-3
20-8 3-5 0-0 12-7 4-4 14-9 24-11 13-10 1-0 10-3 23-1 10-2
2-6 8-2 11-11 4-8 7-1 6-0 10-12 1-5 18-9 0-4 3-7 23-13 18-10
10-5 0-0 3-3 9-2 2-4 1-1
0-0 4-4 3-6 1-1 5-3
0-0 9-1 3-3 11-5 2-4 10-2
3-2 0-0 5-4 4-5 11-3 2-1 12-6 1-0
7-21 3-0 25-5 17-20 7-25 24-4 6-24 10-26 4-0 21-8 22-14 11-27 1-1 3-2 8-30 6-23 14-15 16-19 5-3 15-17 25-6 26-31 19-12 23-13 15-16 0-2
2-16 15-2 11-8 0-14 12-7 14-4 5-13 8-10 1-15 9-9 13-6 16-2 22-5 23-18 7-11 6-12 3-17 22-0 18-1
0-1 4-10 5-9 16-11 3-3 12-7 13-5 2-2 15-4 1-0 11-6
5-4 0-0 4-6 3-10 8-11 6-3 3-9 1-1 7-2
16-11 1-3 6-7 12-14 21-21 9-8 13-15 7-7 14-13 8-9 13-17 20-10 10-20 3-6 17-12 2-5 0-2
15-13 30-32 8-23 28-34 32-31 16-14 36-43 38-37 1-2 34-29 27-33 44-45 14-18 29-31 20-9 9-24 37-41 43-36 30-34 11-26 2-3 33-28 13-19 22-11 40-39 7-22 3-5 0-1 26-27 4-6 6-8 45-46 39-38 5-7 15-21 10-25 19-12 21-10 28-33 3-4
13-22 1-3 18-22 31-19 9-8 39-13 26-35 45-36 10-21 11-24 7-11 2-5 15-26 27-33 3-10 16-29 25-35 29-17 20-32 24-35 3-9 35-6 6-12 19-31 34-16 14-25 5-7 36-14 37-15 0-2
54-25 39-30 32-37 44-30 21-49 2-5 36-43 8-14 24-51 34-29 59-21 25-50 31-36 48-28 17-2 3-6 6-15 47-26 11-13 22-52 42-30 61-18 12-14 5-11 16-4 19-17 15-10 23-53 1-9 62-19 0-8 13-10 41-38 57-22 2-7 18-3 43-30 35-42 46-29 63-54 60-20 49-27 33-33 9-12 20-16
7-12 13-4 1-29 19-33 6-14 0-28 12-6 4-13 18-31 25-35 17-10 5-17 8-11 20-32 5-21 2-24 14-2 3-22 17-0 16-1 2-25 4-3
8-3 0-0 3-25 10-5 14-10 18-13 11-8 22-26 16-20 4-22 9-4 13-9 16-14 2-24 21-12 5-23 12-9 1-1 7-2
1-3 0-0 5-5 6-8 10-11 3-1 4-4 9-10 14-14 8-6 15-14 7-8
0-0 4-5 4-4 3-7 1-1
0-0 2-3 3-1
1-3 4-1 0-0 2-3
0-1 0-0 1-2
2-6 0-0 2-2 3-7 1-1
0-0 1-1
0-0 2-1
0-0
4-7 4-8 6-1 1-4 5-0 0-3 3-5
0-0 10-11 5-5 6-8 3-1 8-9 2-0 9-10 4-2 7-9
4-10 5-4 0-0 10-11 3-10 6-3 2-2 9-5 7-8 1-1
4-7 0-0 5-4 3-3 2-2 7-8 1-1 6-5
0-0 10-4 5-6 11-8 3-1 9-3 7-7 2-1 4-2 6-5
3-2 0-0 5-5 2-1 7-4 4-3 8-6 1-0
3-2 0-0 5-5 2-1 7-4 4-3 8-6 1-1
6-4 0-0 3-3 2-1 1-0 5-2
10-10 11-8 18-15 17-14 10-6 12-12 9-9 6-0 20-2 15-16 8-8 19-3 5-0 19-13 24-22 16-19 4-1 16-18
12-2 16-6 0-0 15-2 11-5 8-1 6-0 5-0 9-4 14-2 12-3 4-0
4-7 0-0 10-11 6-8 8-10 3-6 2-5 11-12 1-1 7-9
5-4 0-0 3-3 2-2 1-1 6-5
10-5 0-0 9-1 3-1 2-1 7-4 4-2 11-6 5-3
6-4 3-2 0-0 2-1 7-5 4-3 5-3
3-3 0-2 7-6 2-0 1-1 6-5
0-0 3-3 10-6 7-4 6-5 8-9 2-2 11-12 1-1 4-11
14-14 5-11 3-0 0-2 5-12 4-4 7-6 9-8 13-15 2-0 12-17 8-7 13-10 15-18 0-3 10-9 1-1 6-5 11-13
6-9 0-0 2-6 12-20 16-16 4-8 15-15 9-21 11-19 18-13 8-10 13-18 17-12 0-4 19-22 3-7 2-5 1-1 5-8 7-9
6-1 5-2 0-5 1-6 2-3 3-4
5-9 1-3 4-8 6-6 2-1 3-4 0-2
2-1 14-13 1-6 18-19 17-16 10-3 1-5 23-21 5-0 0-4 16-15 20-18 13-11 6-4 4-2 15-14 19-20 3-1 9-9 8-8 21-17
2-7 16-17 8-12 4-5 7-6 10-13 14-7 15-0 6-3 12-16 1-8 1-9 0-10 11-14 11-15 5-2 13-11
0-1 6-7 3-3 4-6 4-5 8-10 2-2 3-4 1-1 7-9
15-13 18-15 2-1 10-8 19-18 21-20 18-16 12-10 8-6 17-14 22-21 13-11 9-7 3-2 0-0 5-4 11-9 19-17 7-5 20-19 1-0 6-5 14-12 4-3 16-13
14-5 5-11 6-11 10-7 11-8 3-1 4-4 18-15 19-16 2-0 15-6 7-10 17-13 0-3 16-12
10-5 8-12 10-6 1-14 1-4 3-8 7-4 14-15 11-13 4-3 13-10 5-3
13-12 19-0 10-7 11-8 20-2 21-1 9-9 12-6 22-16 7-4 0-11 3-9 5-0 1-10 15-14 8-5
0-1 6-7 3-3 4-6 10-11 4-5 9-8 8-10 2-2 3-4 1-1 7-9
15-13 9-8 23-22 2-1 22-19 16-14 20-17 26-25 17-15 22-20 7-6 18-16 23-21 24-23 12-10 10-9 13-11 3-2 0-0 5-4 11-9 19-17 8-7 1-0 21-18 6-5 25-24 14-12 4-3
14-5 5-11 6-11 10-7 11-8 3-1 4-4 18-15 19-16 2-0 7-10 17-13 0-3 15-5 16-12
20-25 24-17 3-7 36-30 15-26 27-20 25-19 30-23 29-22 14-14 12-3 23-16 22-15 9-10 31-24 16-26 18-28 6-12 17-27 3-5 35-23 7-13 28-21 1-8 18-29 0-9 2-4 13-0
21-14 5-9 34-38 28-29 13-17 25-23 32-33 31-31 38-40 3-10 14-18 24-27 37-39 1-1 29-30 6-0 0-5 11-21 34-37 4-11 2-7 9-13 33-34 35-35 19-16 23-28 26-22 36-36 12-19 0-6 20-15 0-2
5-9 8-14 2-6 12-13 13-11 11-12 10-19 1-4 3-8 14-22 10-21 2-5 7-16 9-18 3-7 0-3 6-15 0-2 13-10
7-14 6-8 10-13 11-9 10-12 0-7 9-11 1-6 5-0 12-16 8-15 3-5
10-3 20-23 15-13 25-11 4-6 13-14 21-22 7-7 2-1 26-2 22-19 14-15 12-9 9-4 29-2 1-0 8-5 30-24 18-10 16-12
1-3 0-2 2-1 4-0
15-13 6-6 18-15 9-8 22-19 28-25 28-26 20-17 29-27 10-8 3-3 5-5 7-6 4-4 30-28 2-2 12-10 17-14 1-1 13-11 27-23 0-0 31-29 27-24 11-9 23-20 8-7 25-21 21-18 19-16 26-22 24-21 14-12 16-13
11-7 18-13 16-5 5-11 6-11 3-1 4-4 20-16 2-0 19-15 7-10 17-12 0-3 15-5 12-8
1-2 10-5 11-8 7-6 3-1 5-7 2-0 0-3
5-9 0-0 4-9 13-13 16-4 22-17 21-2 14-6 10-14 7-16 15-7 6-13 17-3 12-10 11-12 1-1 8-15
19-8 15-13 1-15 13-17 21-9 12-16 2-5 10-8 4-4 21-8 14-14 20-10 11-7 8-3 7-0 9-2 0-6 22-18 19-12 17-12 18-11
9-14 5-5 1-13 4-4 8-0 2-10 0-12 6-3 3-9 7-2
12-21 13-22 1-3 15-23 4-5 5-6 4-14 7-7 10-18 8-8 2-3 9-11 7-10 16-25 6-12 3-4 0-2 7-9
1-3 16-16 18-22 0-2 22-26 9-4 11-14 13-8 15-19 5-0 15-18 8-6 3-2 10-13 14-15 21-25 10-5 20-24 23-28 17-21 4-3 19-23 2-4 9-12
6-9 1-3 9-14 4-6 6-8 8-11 5-7 10-14 12-17 7-10 2-4 11-15 0-2 3-5
12-15 0-0 20-25 3-3 4-8 6-6 8-12 10-13 5-7 14-18 9-10 13-17 16-21 17-22 11-14 2-2 19-23 1-1 6-5 7-9
7-8 5-9 0-0 3-3 12-14 4-5 6-10 10-12 9-11 8-7 2-2 11-14 8-6 3-4 1-1
7-8 0-0 6-7 3-3 5-5 10-12 8-9 9-10 2-2 3-4 1-1 11-13
1-2 0-0 6-7 3-3 5-5 4-4 7-8 1-1
0-0
0-0
53-46 24-30 42-72 1-3 57-43 10-17 58-58 39-50 45-49 72-38 0-3 27-60 76-35 41-71 48-37 17-28 29-62 55-43 61-42 59-39 11-1 70-34 56-44 36-53 13-20 20-27 4-10 63-38 26-59 22-24 12-7 60-40 3-9 16-26 69-32 49-48 32-66 31-65 34-51 33-57 28-61 14-25 35-52 23-23 50-48 30-63 77-73 52-47 21-24
36-29 25-16 18-22 40-26 17-20 29-18 39-32 27-14 23-11 43-33 26-17 28-13 1-1 41-25 21-19 5-4 0-0 32-24 24-15 3-5 2-7 4-6 34-31 15-21 27-12 4-3 19-23 14-8 33-31
0-0
0-1 1-2 6-9 4-4 2-3 3-6
0-1 1-2 5-4 4-6 6-8 2-3 3-5
0-1 1-2 5-4 6-9 4-6 2-3
0-1 1-2 4-7 5-4 9-13 4-6 6-8 9-14 10-11 2-3 7-10 12-9
8-13 10-11 23-26 24-22 1-2 6-7 20-27 5-4 13-15 9-10 2-3 18-21 16-19 11-12 7-9 0-1 22-25 4-6 14-16 16-20 19-23 21-24 12-8
0-1 16-17 28-31 22-11 10-7 13-4 5-7 26-22 29-32 30-29 23-20 24-24 14-3 1-0 31-21 27-28 12-3
0-1 1-2 10-8 6-3 9-4 8-4
0-1 1-2 10-8 3-3 6-3 9-4 8-4
0-1 1-2 5-16 14-5 6-11 9-2 4-15 8-11 10-13 13-6 3-9 11-14 12-10 1-0
0-1 5-9 1-2 11-16 9-14 14-17 7-13 8-10 10-15 4-3 13-19 6-12 2-5
1-2 2-0 0-4
2-6 1-3 0-5 3-1
0-0 1-1 2-1
1-0 0-0 2-1
1-0 0-0 3-1 3-3
1-0 0-2
1-0 2-1 0-4
0-0
0-0 1-1
1-2 0-0 2-3
0-0 2-1
0-3 2-1 1-4
0-0 0-2
5-9 0-0 6-6 4-4 2-3 7-10 1-1 3-5
2-0 0-2
3-0 2-5 0-2 1-4
1-2 2-0 0-4
3-0 2-5 0-2 1-4
2-0 0-2 0-4
2-0 1-3 0-2
3-0 1-3 0-2
1-2 2-0 2-3
3-0 2-3 0-2
1-3 3-1
0-0 1-1 2-2
1-2 0-0 2-3
1-2 0-0 2-3
1-0 0-2
0-0 0-2
0-0
0-0 1-1
0-0 1-1 2-1
1-0 0-0 2-1
1-0 0-0 3-1 3-3
0-0 2-1
0-0 1-1 2-2
1-3 0-2
0-0 1-1
2-0 0-0 3-1
1-2 0-0 4-6 2-3 1-0 3-4 3-5
0-0 3-1 1-1 2-1
0-0 1-1 2-2
0-1 6-0
4-8 6-1 0-6 5-0 2-2 3-7
2-7 15-13 9-1 4-5 5-6 10-7 8-0 11-9 13-16 18-17 6-3 14-12 20-7 21-8 0-4 16-14 17-16 7-2
4-6 2-8 6-1 0-7 5-0
25-16 19-19 24-12 2-1 3-7 14-22 25-30 15-23 8-6 10-9 25-29 6-0 20-10 1-9 21-11 26-13 0-8 19-20 5-3 12-26 15-21 23-9 7-4 8-8 27-30 18-18 9-5 5-2
10-5 14-10 6-7 18-13 12-0 3-1 4-4 21-18 15-11 19-15 13-9 8-5 0-2 23-18 20-16
1-0 0-2
1-0 0-2 2-1
0-1 1-3 6-7 5-5 7-6 4-4 9-8 2-0 0-2
0-1 10-8 5-4 3-0 7-7 2-3 8-6 0-2 6-5
26-14 27-15 24-12 6-7 1-5 0-4 4-1 10-31 2-6 28-16 30-20 5-2 40-10 21-25 30-21 20-24 22-22 9-9 11-29 15-28 16-27 46-33 9-30 15-9 17-26 19-23 7-8
0-1 7-0 3-3 8-5 5-2 2-4
0-0 3-3 4-4 2-2 1-1
12-21 13-22 3-2 20-13 21-15 6-8 25-24 4-4 5-7 17-11 2-1 9-10 15-17 18-16 24-14 8-6 1-0 14-23 16-18 0-3
3-2 13-13 19-6 13-14 5-17 4-4 16-8 2-1 21-18 18-7 14-15 12-9 20-5 1-0 11-12 6-16 0-3
20-25 41-33 29-19 34-42 15-5 31-32 11-10 23-30 3-3 42-44 39-36 12-10 17-17 8-15 21-26 16-4 37-38 35-43 13-6 28-20 6-12 4-2 40-35 38-39 10-10 7-13 5-14 2-0 18-18 31-31
7-15 9-20 13-13 12-13 14-9 2-1 1-4 4-23 9-16 10-14 8-18 11-13 15-8 17-25 0-3 8-16 16-7 3-5
0-0 3-3 4-4 2-2 1-1
13-13 5-6 19-26 23-8 2-1 7-16 0-3 21-13 46-8 29-27 22-20 11-10 17-11 16-29 10-12 39-7 47-31 9-14 40-10 26-9 8-17 1-0 28-24 35-30 15-28 24-25 32-5 27-8 3-4
11-15 6-9 8-12 10-7 9-8 2-1 5-14 7-11 1-0 3-4 0-3
1-21 10-3 5-10 0-20 6-11 12-25 11-1 9-4 10-22 8-5 7-23 3-5
0-1 1-2 5-4 4-7 7-3 6-3 8-8 3-6
11-16 13-22 1-3 19-26 14-26 11-19 11-10 12-20 21-27 16-29 10-18 9-17 2-2 5-4 26-9 7-5 4-2 0-1 17-30 15-28 27-8 30-7 31-31
2-16 16-11 0-0 11-11 22-13 10-7 5-13 26-18 5-14 7-4 4-12 23-15 18-9 3-17 8-5 1-1 13-10
0-0 1-1
17-5 4-7 10-11 11-11 18-3 16-4 1-13 8-9 9-10 19-2 23-14 22-1 5-8
13-23 12-1 10-10 9-2 0-13 3-20 1-8 5-15 8-18 6-22 4-21 7-11 2-4
4-2 2-0 1-3 3-1
1-3 3-0 3-1 0-5 2-2
5-1 6-2 4-3
0-0
22-20 1-3 4-9 14-19 5-7 21-13 9-16 12-17 13-18 3-6 16-14 2-5 0-2 4-11 15-15
9-13 11-10 10-11 7-1 16-8 6-0 1-4 10-12 17-16 3-6 8-7 0-9 2-5 5-3
6-27 8-14 9-18 1-3 21-28 16-8 12-19 10-18 5-25 14-12 4-25 18-9 2-2 3-16 11-15 0-2 13-11
1-2 2-7 0-0 1-3 6-8 7-6 3-1 8-10
21-25 6-9 15-22 19-19 11-5 7-12 3-10 8-0 2-11 0-13 9-3 1-15 10-6 13-17 14-24 16-21 17-23 20-18 18-20 12-8
41-58 31-40 3-0 2-8 53-72 36-48 61-43 66-32 67-30 25-27 72-73 11-24 3-7 17-16 69-28 28-38 45-53 4-0 16-17 38-51 22-2 29-39 40-56 19-7 60-60 54-68 42-59 46-53 0-0 55-69 7-1 26-26 50-47 47-63 48-65 21-4 5-15 56-67 32-42 59-43 13-19 20-5 14-20 1-0 57-66 68-31 39-52 70-29 30-35 40-54 15-21 37-50 9-23 18-7 42-61 49-46
0-0
2-1 22-19 15-8 20-17 6-3 24-14 29-12 37-23 18-20 0-0 7-27 14-6 29-11 17-22 38-22 32-29 21-18 6-5 19-16 40-30 34-24 5-2
24-8 5-13 2-1 22-19 19-15 21-16 20-17 29-18 27-14 16-3 25-19 13-7 7-10 2-2 17-5 6-11 6-12 1-0 0-1 23-19 15-6 31-20 26-19
37-36 2-1 39-37 1-6 2-5 32-40 27-29 7-20 45-44 3-3 18-12 22-16 8-20 29-34 33-39 24-1 0-0 31-39 9-20 38-38 17-10 43-31 25-7 30-43 19-13 40-35 21-15 28-33 15-9 14-8
3-0 15-20 44-26 32-6 33-8 41-5 0-3 9-25 1-2 39-21 39-12 25-19 11-22 17-24 7-10 4-1 16-11 6-11 27-13 42-4 9-23 22-18 21-17 20-15
3-2 0-0 6-6 23-22 9-9 17-16 21-3 19-15 12-4 13-7 18-21 15-18 2-2 20-14 4-2 16-19 7-8 1-1 22-1 11-13
32-26 9-8 2-1 24-22 41-5 16-24 6-14 36-7 27-33 7-15 15-23 45-35 26-32 8-10 23-21 29-34 8-16 42-3 30-29 12-18 35-6 13-19 1-0 38-4 18-25 10-10 19-27 20-28 28-33 25-20 0-2
100-93 83-83 29-40 85-85 33-45 107-98 12-12 20-20 15-31 71-80 17-25 19-22 48-58 45-9 34-46 8-5 76-73 5-8 47-49 18-23 111-91 6-7 3-3 42-17 114-99 104-97 26-32 92-87 4-4 54-68 99-92 73-81 57-52 63-67 106-96 72-80 1-1 31-42 98-90 14-28 3-2 62-66 16-33 61-65 15-29 69-79 49-57 88-88 60-64 39-43 93-89 9-6 101-93 26-18 50-55 59-61 113-50 21-15 57-62 80-69 40-44 52-56 74-74 75-72 30-40 13-27 102-94 103-95 43-47 27-34 45-10 70-80 22-30
11-7 9-1 6-11 4-15 8-0 10-6 13-5 16-8 22-16 5-14 2-12 15-9 14-2 18-10 7-9
4-7 22-23 21-21 55-63 20-20 58-67 65-79 12-31 7-16 50-60 13-8 38-27 3-7 34-46 67-78 6-7 24-18 33-44 9-15 23-17 45-66 51-61 66-83 52-62 28-35 74-76 56-57 30-42 59-68 62-74 18-82 49-58 31-42 77-75 61-70 47-59 71-52 2-6 0-0 83-85 38-38 44-57 18-28 42-55 63-84 15-14 35-49 50-62 64-65 8-3 75-81 26-1 29-41 25-24 5-7 11-32 39-51 32-43 78-76 12-30 10-33 70-77
44-33 61-72 6-6 5-6 7-12 14-30 26-23 69-39 2-1 17-20 10-15 51-47 60-66 71-49 24-22 64-67 66-69 33-30 54-63 75-45 8-14 44-34 67-57 58-59 9-15 43-37 47-31 25-26 31-25 11-18 54-64 49-40 42-36 48-41 37-12 41-35 65-68 53-62 12-18 15-29 74-52 13-19 35-16 4-2 1-0 14-29 78-75 63-70 38-39 18-25 69-43 32-25 61-73 39-38 15-28 40-30 57-58 34-3 73-50 52-47 59-60 45-32
4-7 16-16 21-21 38-1 7-11 5-8 26-20 6-10 25-19 19-25 3-6 17-23 14-14 20-18 15-15 11-13 0-0 18-24 8-12 39-27 9-9 22-18 34-3
19-8 29-28 15-13 33-22 6-6 31-26 23-32 4-31 17-16 9-21 21-5 16-15 13-11 3-2 36-39 10-19 12-18 22-4 1-0 29-37 0-1 33-24 18-25 32-25 18-7 14-12 11-20
15-13 11-11 6-6 12-12 7-7 2-1 8-1 24-27 27-25 25-26 1-5 16-15 18-20 19-21 3-2 0-0 5-4 35-32 22-17 20-23 31-16 9-9 26-31 22-18 4-3 28-25
11-11 44-0 5-6 22-26 25-23 37-31 20-21 1-14 29-43 6-3 39-29 45-47 34-33 2-10 29-25 6-12 16-19 14-20 2-17 30-44 12-15 28-28 33-37 13-18 21-43 23-27
18-15 2-8 12-12 28-41 45-27 32-31 48-20 53-48 33-32 28-38 72-57 13-12 70-60 4-4 45-26 42-44 29-43 6-3 54-46 3-6 56-44 57-52 52-50 17-14 30-24 65-65 16-11 62-58 4-5 58-55 11-9 5-2 51-49 34-33 17-31 71-56 31-24 30-25 44-28 21-15 79-66 10-10 19-16 69-56 14-12 66-64 74-53 49-22 27-30 1-7 55-45 26-19
39-46 48-31 37-43 25-5 56-47 34-42 33-41 46-34 19-11 35-37 14-22 30-0 36-38 48-33 12-17 20-9 38-45 55-26 23-6 14-23 49-28 32-24 27-13 26-4 13-19 18-10 40-44 19-16 15-21 47-32 16-20 21-7 17-17 46-29
11-15 13-12 18-0 20-3 23-17 12-16 16-1 19-2 7-5 0-10 6-13 9-6 15-4 8-6 1-11 7-8
34-28 27-21 2-1 17-3 30-27 26-20 12-13 16-3 25-19 28-23 10-12 29-22 24-19 0-0 33-25 5-11 13-14 19-5 31-27 20-6 15-9 14-8 23-18
6-9 29-28 28-1 11-24 16-14 17-16 5-8 22-20 19-18 10-12 9-11 7-10 20-18 1-1 21-19 0-0 18-17 2-3 3-5 4-6 12-23 23-13 2-4
7-16 3-7 2-5 30-18 28-12 39-8 37-6 15-11 22-21 21-19 0-0 9-14 12-14 34-9 35-10 19-17 24-15 43-22 1-0 17-4 13-1 11-3
20-13 0-0 10-4 6-8 2-9 13-3 15-2 12-7 17-1 8-7 19-1 11-6
1-3 10-17 29-19 37-43 21-28 38-44 18-23 20-26 30-46 11-18 0-0 32-21 22-24 17-10 31-46 12-18 24-35 26-37 2-3 14-15 40-39 13-19 4-2 11-12 9-13 19-31 44-47 21-32 3-1 34-45 23-33 7-8
26-14 25-31 17-29 31-19 22-37 10-21 14-26 1-6 33-8 30-18 8-24 3-3 13-25 11-22 27-16 35-40 2-2 21-38 23-39 29-17 16-30 0-5 12-29 22-35 28-17 9-23
23-4 5-9 8-13 26-2 16-24 18-23 1-16 14-27 0-11 17-24 6-15 13-11 9-7 7-14 31-29 15-25 2-10 3-9 10-5 24-3 13-18 25-2 19-23 22-1 7-8 11-6
28-37 24-30 4-7 9-1 21-21 43-43 5-6 11-2 1-17 16-28 34-42 0-16 2-12 29-35 33-32 22-31 14-22 40-46 23-30 44-52 15-23 2-9 20-21 28-35 10-18 17-24 16-25 12-3 6-4 26-33 7-1 36-50 8-11 6-0 37-51 22-29 35-49 19-20 38-46 21-25 41-45 39-47 21-32 31-41 30-35 3-8 16-27 33-19 27-34
8-13 2-22 4-22 12-16 44-48 58-45 34-29 16-10 20-21 31-36 38-33 7-24 24-5 45-48 10-18 40-28 15-4 28-39 36-31 1-1 13-11 29-38 46-49 0-0 26-26 45-51 47-51 59-52 17-9 43-40 35-30 52-43 14-12 56-46 10-14 37-32 47-50 48-47 11-15 21-7
5-9 7-12 21-28 33-18 25-23 1-2 16-17 30-23 17-19 6-11 29-30 10-13 13-15 35-32 28-20 0-5 2-3 22-29 31-24 27-31 15-14 0-8 11-15 12-15 14-16 23-27
35-34 32-32 10-11 37-36 26-23 12-12 2-5 31-30 53-45 38-37 48-44 50-42 13-12 44-27 16-3 43-28 8-10 9-11 3-6 14-14 36-35 29-26 1-1 42-41 41-39 46-40 0-0 27-24 19-17 30-29 34-33 40-39 25-21 29-25 11-12 24-20 7-9 23-19 21-15 4-6 6-8 39-38 5-7 47-43 20-16
16-6 10-11 13-13 10-17 14-22 25-23 23-30 3-3 12-13 1-5 24-23 0-4 11-18 4-1 19-21 21-26 9-10 15-7 27-31 11-12 22-25 7-0 13-14 23-28
5-4 0-0 12-13 13-14 2-10 3-8 14-12 15-11 1-9 10-1 11-13 18-21 4-2 17-16 17-17 5-3
16-6 5-4 0-0 9-14 3-3 11-10 17-7 15-9 22-16 10-15 2-3 14-8 4-3 12-11 21-5 1-1
2-7 1-3 0-0 4-8 3-8
1-3 14-10 11-11 6-6 7-1 6-0 0-7 1-5 12-11 2-4 10-9 16-12
11-15 5-1 11-17 24-8 16-10 15-25 6-0 0-7 25-26 1-5 12-18 9-11 10-14 20-9 13-19 4-2 2-4 14-22
22-40 7-11 21-39 15-26 5-5 2-9 4-4 6-10 28-35 19-25 27-36 13-20 1-1 9-3 26-37 15-29 30-16 23-38 0-8 25-41 9-2 3-1 17-30 12-19 16-27 33-42 11-15
4-10 5-5 2-9 9-1 3-10 7-6 8-0 11-2 6-3 0-8 13-11
4-7 0-0 3-3 6-8 8-9 9-10 2-2 7-8 1-1 5-8
3-2 0-0 6-9 5-7 2-1 4-3 1-0 7-8
0-0 3-3 4-4 2-2 1-1
1-3 0-0 4-6 6-8 7-9 5-7 2-4 1-1 3-5
3-2 0-0 2-1 4-2 1-0
0-0 3-3 5-5 6-6 4-4 7-10 2-2 1-1
3-3 0-0 1-1 2-2
3-2 0-0 2-1 4-2 1-0 3-4
3-2 0-0 5-4 7-6 9-8 2-1 4-3 8-7 1-1 6-5
1-2 0-0 4-5 2-3 3-4 1-1
8-14 3-2 0-0 16-19 18-15 13-25 20-34 7-13 2-1 11-22 10-21 15-18 17-17 12-23 12-28 1-1
7-1 8-0 0-5 1-6 2-3 5-2 9-7
3-24 1-21 7-14 15-5 0-20 16-4 8-11 7-13 9-10 17-2 2-22 4-25 19-3 23-26 7-17 13-9 22-1 5-23 12-8
0-1 11-10 3-3 5-5 6-6 13-13 4-4 15-0 7-7 9-9 16-1 8-8 12-11 2-2 14-2 20-14 10-9
12-1 33-12 2-8 17-15 13-3 15-0 19-14 31-22 4-10 16-11 11-4 25-18 9-5 34-13 3-9 23-19 30-21 35-23 29-20 0-6 22-18 1-7 21-17 20-16
4-7 1-3 0-2 26-28 18-26 36-34 10-8 13-12 27-33 5-5 3-6 33-29 19-21 24-19 28-31 20-22 29-30 15-10 23-20 12-11 18-25 30-17 22-18 35-9 11-15 2-4
36-29 34-28 4-8 22-26 40-32 12-5 0-3 4-9 19-14 44-31 8-6 25-22 35-36 11-4 46-31 47-30 33-28 25-21 23-24 29-16 24-20 18-10 39-34 22-25 55-37 15-2 17-0 5-7 27-18 32-12 28-15 51-13 26-19
6-4 10-5 0-0 11-10 13-3 8-7 2-2 9-6 14-9 7-8 1-1
5-9 7-12 27-15 21-13 1-2 3-3 6-10 12-6 2-2 15-4 28-16 30-14 24-24 4-11 0-1 11-7 16-5 22-22 32-25 23-23 8-8 25-20 26-19
7-3 24-30 9-1 6-6 25-31 8-0 0-10 12-16 3-7 1-11 15-26 27-29 18-23 5-5 20-21 14-27 17-24 16-25 8-2 10-13 19-24 1-12 23-28 29-32 13-18 11-15
9-26 11-14 15-19 27-2 23-7 3-20 7-24 24-5 26-3 4-13 1-5 10-27 18-9 0-4 5-22 8-25 30-1 17-10 6-23 31-28 3-12 22-8 4-21 20-16
5-9 35-22 4-8 20-20 31-26 29-23 27-29 1-2 19-18 32-27 26-29 6-10 22-16 34-22 36-31 17-14 16-13 18-17 13-6 8-7 30-25 0-1 14-11 28-28 24-21 2-4
1-3 6-6 27-21 0-2 31-19 28-22 39-30 29-23 15-8 21-16 5-1 16-7 4-0 32-20 38-28 48-33 34-32 46-35 30-24 45-34 51-38 22-17 11-9 24-15 23-14 40-29 42-27 12-11 47-37 13-10 26-18 3-5 33-34 7-13 2-4
5-9 27-21 31-19 24-26 2-1 28-22 34-42 29-23 41-36 0-3 16-17 6-7 26-20 14-5 38-33 19-25 8-6 30-24 23-29 25-25 15-10 35-39 1-0 48-46 39-34 40-35 42-37 18-14 34-45 22-18 17-12 37-32 3-4 33-31
8-3 16-11 7-1 9-2 4-4 12-5 13-6 21-9 22-9 5-0 15-9 17-12 19-10 23-13 14-8
19-8 8-3 16-10 7-1 9-2 17-10 21-11 4-4 14-6 12-5 13-6 20-7 5-0 18-9
26-14 30-26 5-6 9-4 17-16 6-7 3-3 16-10 39-32 2-2 31-25 1-1 0-0 38-29 15-10 18-17 23-20 35-31 33-28 34-27 7-9 23-19 10-5 20-24 25-13 22-18 19-23 21-24
1-3 20-25 11-11 21-21 3-0 5-6 23-22 12-12 8-9 36-26 28-19 25-23 6-7 35-17 15-15 30-20 9-10 24-24 0-1 14-16 13-14 29-20 32-18 7-8 34-17
3-15 10-11 7-12 26-23 5-13 16-2 15-5 20-17 11-10 19-18 9-11 29-26 18-20 22-21 0-0 4-14 14-6 1-0 23-24 13-5 24-25 12-8
7-3 8-3 0-0 11-10 16-6 17-5 14-7 18-4 6-2 19-12 12-11 1-0 10-9 13-11
23-4 27-26 89-80 51-58 44-44 53-60 57-57 40-31 61-53 8-9 63-47 35-18 29-23 7-11 3-17 26-25 49-36 67-67 91-78 75-69 36-18 50-46 68-68 47-38 93-76 56-66 85-81 42-32 66-56 83-74 30-24 46-40 52-59 31-20 17-5 54-64 74-73 32-21 34-19 81-69 61-51 98-83 55-61 88-79 93-75 9-10 64-49 19-2 18-6 38-34 77-70 79-71 87-65 1-0 90-77 37-29 48-39 46-37 11-8 5-7 28-28 22-5 21-3 38-35 86-82 6-13 2-15 45-41 78-72 12-8
19-8 2-5 1-2 16-17 12-13 10-12 6-3 9-11 20-9 3-6 18-20 5-4 26-21 25-7 14-15 11-12 0-1 17-18 4-6 13-14 15-16
16-6 29-19 26-23 2-5 20-26 19-18 17-6 21-27 5-12 25-22 22-24 30-20 13-15 1-4 33-28 23-24 12-15 14-16 3-1 7-13 9-9 28-21 8-8 10-14 6-13 0-2
11-10 0-0 2-6 9-14 17-8 22-23 21-1 14-9 1-4 18-17 10-15 7-19 19-2 8-18 12-11 5-22 0-3 4-20
48-36 22-26 52-52 13-17 24-13 23-12 15-19 30-51 34-49 1-2 18-23 5-5 19-29 4-4 20-30 46-44 9-11 51-35 40-38 41-39 43-45 35-47 0-0 29-33 2-3 8-7 39-43 27-9 47-37 21-25 10-10 33-48 38-42 3-8 17-21 13-18 16-20
28-37 39-46 19-41 11-11 34-28 12-12 2-1 0-7 10-15 36-26 35-29 26-39 22-33 33-32 24-42 4-0 1-2 18-23 19-40 13-16 23-35 20-39 29-38 14-19 23-34 30-43 25-45 35-27 15-17 6-8 17-9 34-31 8-22 25-44 24-36 0-6 10-14 26-38
1-2 9-13 5-4 16-6 21-14 4-5 8-10 2-1 15-7 12-8 6-12 0-3 3-4 7-9
24-8 0-7 21-9 9-21 14-18 16-15 18-13 2-6 20-10 22-11 4-2 15-14 1-0 3-5 32-22 11-17 31-7 10-16 6-1 13-18 3-4
16-16 10-11 20-20 0-7 11-23 19-18 8-1 4-4 6-3 24-14 13-24 22-15 2-10 1-9 29-25 12-22 3-5 7-0 9-2 15-21 27-12 18-18 23-13 17-17
50-45 71-58 3-0 47-35 21-28 20-20 45-36 61-53 73-60 13-8 34-25 0-3 40-37 36-30 28-19 6-14 51-43 5-5 49-41 19-29 33-26 57-49 76-46 77-47 79-64 10-12 85-62 12-10 42-32 4-1 58-51 8-15 27-23 64-55 11-9 29-21 1-4 18-17 62-54 35-31 70-57 38-34 63-55 37-33 72-59 74-61 41-38 48-39 60-51 65-56 50-44 25-24 7-13 14-7 26-22 81-63 31-27 54-50 53-42 76-48 86-65 68-52 2-4 23-18
1-21 0-20 14-4 49-33 34-42 21-9 2-22 48-32 20-8 53-38 27-14 56-39 19-7 23-11 47-31 31-49 41-29 44-31 11-1 9-17 4-24 15-4 10-0 40-28 22-10 62-62 12-3 59-58 42-30 13-2 46-31 61-60 43-31 64-56 35-43 7-18 33-47 50-36 68-55 18-6 32-48 63-57 29-25 26-13 69-61 6-19 64-54 55-45 3-22 34-41 65-55 39-27 54-44 67-55 51-37 25-13 28-15 60-59 24-12 38-26 57-54
29-36 8-9 22-19 43-46 38-27 20-17 31-32 3-14 36-30 44-41 46-43 55-4 51-39 4-13 37-26 39-29 1-1 32-34 9-7 41-25 0-0 47-45 48-22 53-5 6-12 15-14 21-18 45-42 28-24 7-8 23-19 58-52 30-35 34-31 5-14 2-15 25-40 57-3 24-21
13-22 7-3 20-25 11-11 6-2 25-27 0-10 9-4 5-1 3-7 12-20 22-16 1-5 24-14 14-23 12-21 2-6 18-24 16-26 21-15 0-9 23-13
5-9 6-9 16-16 4-8 3-0 10-6 1-2 13-12 19-18 21-20 25-26 7-10 22-21 8-11 18-17 27-13 24-24 2-3 14-15 20-19 30-25 0-1 23-23 12-4 9-5
6-4 9-7 0-0 4-5 2-1 3-6 5-2 5-3
23-4 59-55 38-50 58-58 16-9 31-37 45-27 63-76 7-16 15-8 62-69 9-18 21-6 73-56 65-75 30-33 20-12 4-19 33-44 41-53 67-74 52-20 40-52 66-77 46-26 56-66 2-2 6-15 1-1 60-57 11-13 36-40 37-45 34-44 12-11 8-17 35-39 18-10 0-1 42-31 55-68 28-36 57-62 29-32 19-5 5-14 39-51 24-3 32-43 48-23 51-24 70-55 74-78 44-29
5-9 13-1 2-6 0-0 8-2 14-10 4-5 11-3 1-4 9-4 3-7
22-23 11-11 19-19 6-6 13-4 8-9 12-5 17-15 19-18 26-20 23-21 28-13 17-14 30-24 3-2 15-3 9-10 1-0 16-12 0-1 10-10 22-22 7-8 20-16
26-24 6-9 1-3 5-13 28-22 4-12 23-26 31-30 8-14 19-29 22-27 28-23 9-17 7-10 18-20 0-0 30-21 10-16 24-25 15-6 20-28 8-18 11-15 2-4
5-4 0-0 12-14 16-9 17-10 10-13 4-4 19-7 22-15 2-1 6-3 11-14 9-6 7-2 13-11
8-9 10-21 38-27 26-25 17-15 12-20 33-3 11-22 25-26 0-11 37-1 19-6 3-13 26-26 27-24 4-14 34-2 30-25 5-10 14-16 1-12 22-5 7-8 32-23
27-26 56-51 58-53 11-11 65-44 62-46 41-40 12-12 38-31 45-36 2-1 63-47 33-33 33-32 45-9 26-25 29-27 39-41 35-15 60-49 58-54 30-28 20-18 40-38 22-21 21-19 41-39 4-10 44-35 31-29 47-45 9-3 24-24 61-45 1-0 14-2 32-22 10-5 59-52 19-16 51-48 25-24 67-55 23-23 36-14 43-35 7-4 66-42 54-50 17-17
5-9 6-9 11-11 4-8 3-7 13-21 14-22 12-20 15-23 24-18 19-14 1-5 7-10 16-25 30-24 2-6 0-0 17-19 22-17 26-13 8-3 9-2 20-15
14-10 7-0 17-9 12-13 4-4 13-15 10-12 2-1 16-8 6-3 0-6 1-5 9-11 22-14 8-7 5-2 11-13
19-10 14-14 3-3 5-5 7-6 4-4 22-16 2-1 21-9 13-7 20-9 1-9 16-15 2-2 17-12 15-14 0-8 18-11 6-5
53-46 42-49 20-34 9-22 21-35 8-19 10-21 36-3 28-26 6-17 59-54 17-28 41-53 27-25 26-41 12-24 40-52 51-46 2-13 19-32 47-48 1-1 43-45 0-0 24-39 54-47 4-14 7-18 33-5 5-15 30-10 32-4 34-2 23-38 14-11 39-52 48-49 3-12 16-31 38-42 9-23 22-36 18-29 11-20 25-40 58-44
2-29 14-17 33-22 57-43 68-71 72-11 10-6 42-38 6-21 44-37 8-19 35-41 4-22 27-37 17-16 18-30 5-23 54-63 23-36 81-9 51-61 75-8 24-27 1-5 16-15 46-53 66-66 67-70 11-18 45-52 79-9 29-48 76-8 50-54 64-64 9-20 21-33 32-46 23-34 20-32 53-62 12-18 24-35 28-47 4-25 30-49 40-39 44-50 15-14 3-26 37-40 58-57 82-74 19-31 36-41 2-28 70-72 55-60 74-7 56-59 25-13 31-45 65-68 61-58
37-36 15-20 7-25 59-7 24-13 2-12 6-24 33-32 1-11 66-2 16-17 32-33 4-9 44-1 46-44 45-39 36-35 10-22 39-35 0-0 14-19 68-45 35-31 23-14 52-42 58-38 8-26 60-6 31-28 21-15 3-12 67-3 9-23 47-43 65-5 13-18 54-40 50-41 34-34
1-3 10-6 7-11 26-15 4-9 6-10 34-24 27-16 0-4 18-20 19-21 17-19 20-22 25-18 21-23 8-7 5-10 28-17 15-2 3-1 2-0 29-14 9-5 16-13
30-26 15-20 26-28 25-27 11-14 12-16 1-2 18-12 16-22 27-28 0-0 33-25 14-19 43-32 7-5 24-24 17-13 37-29 3-1 5-7 9-9 20-11 38-30 8-8 10-14 13-18 39-31 2-4
11-16 15-13 19-19 4-8 39-30 1-6 28-25 16-14 5-1 30-27 21-20 20-21 14-18 6-3 12-17 29-26 27-23 0-0 31-29 7-1 17-10 3-5 2-7 10-16 9-9 13-18 37-28 18-11
36-29 26-24 27-26 6-2 11-19 10-8 22-20 30-23 13-16 29-22 23-21 12-17 20-9 14-14 8-6 9-7 5-4 0-0 16-11 18-13 24-28 15-10 12-18 3-1 24-25 4-3 17-12
20-13 22-20 6-16 7-15 8-12 16-10 10-12 1-4 14-6 9-12 3-19 12-11 13-8 18-9 19-13 0-3 0-2 2-17
6-9 29-28 22-23 28-29 24-26 25-27 18-19 19-22 0-3 16-17 21-20 20-21 7-10 23-25 4-5 13-15 1-4 11-0 8-7 12-11 27-31 9-6 36-32 17-18 13-14 14-12 27-30 15-16 0-2
5-9 4-7 1-3 16-16 29-28 0-2 31-26 10-15 34-25 25-23 8-14 13-12 9-15 25-22 35-24 17-19 38-29 19-17 15-10 12-11 24-20 14-11 3-5 27-27 7-13 18-18 2-4
28-18 10-11 2-1 19-15 13-8 21-16 23-17 10-12 1-1 6-4 12-7 17-13 5-3 18-14 7-4 2-0 9-5 16-13 0-2 11-6 20-16
8-0 26-40 27-37 24-33 3-7 0-3 28-38 1-2 19-18 2-9 12-13 10-12 26-41 36-27 39-25 40-42 9-11 35-28 17-23 14-14 5-4 15-22 30-34 14-24 2-10 6-5 21-15 33-31 4-6 17-21 16-20 32-30 29-36 20-16
36-26 6-2 12-16 7-11 31-8 33-6 35-7 18-20 19-21 0-0 9-14 15-25 14-19 27-24 10-13 16-23 28-3 27-4 1-0 8-12 21-22 3-1 26-5 13-18 11-15
19-10 3-3 9-8 5-2 8-5 2-1 8-9 18-6 1-0 16-7 3-4 10-9
15-27 49-33 0-7 34-42 28-34 14-26 35-41 17-25 39-37 1-2 4-9 26-29 10-18 33-40 7-10 45-30 11-18 27-28 22-21 50-32 30-47 13-24 18-24 8-11 42-45 31-48 46-36 5-15 0-5 32-48 40-39 6-12 0-8 20-23 21-22 48-35 52-31 12-19 5-14 2-0 53-49
5-1 0-0
13-22 1-21 24-8 20-25 11-11 22-23 14-30 39-0 15-31 16-28 7-16 41-1 10-12 30-5 42-32 8-15 33-2 29-7 9-14 2-20 32-4 16-19 17-27 29-6 35-2 10-10 3-18 23-33 0-9 12-23 27-3 21-24
36-29 26-24 6-9 27-26 32-32 48-36 62-46 17-20 46-38 66-47 33-32 61-48 38-28 6-10 15-0 56-35 28-27 14-14 8-6 19-21 60-50 3-2 10-4 20-22 65-46 9-5 24-15 0-12 34-34 52-42 59-49 39-28 35-39 18-21 16-19 47-37 40-25 45-33 51-41 52-43 67-51 4-3 30-30 21-17 7-8 31-31 23-18
113-82 71-58 29-19 104-86 122-96 12-12 82-68 2-1 59-45 10-15 13-17 69-52 70-52 63-56 60-46 105-87 48-20 89-72 32-40 16-7 80-71 73-64 52-44 62-53 55-49 121-95 56-70 4-4 103-89 27-16 68-54 7-10 73-63 76-61 83-67 90-76 101-94 81-69 57-48 0-0 9-14 47-23 19-6 61-51 36-33 87-60 8-11 102-93 108-83 32-39 91-77 52-42 96-75 82-70 42-27 92-78 74-65 94-80 109-84 78-66 93-79 99-91 26-18 3-5 51-41 53-47 100-92 65-55 41-34 107-85 14-7 52-43 33-37 40-30 43-26 49-22 39-31 25-20 15-9 37-32 11-15 5-2 98-81 114-74
28-18 11-11 13-13 21-21 31-19 12-12 24-26 25-23 22-20 3-3 24-27 14-14 1-1 23-25 0-0 8-2 32-17 18-6 33-28 10-10 19-16 16-8 26-22 15-9 9-5 20-15 2-4
37-2 8-27 38-2 17-14 12-8 24-19 7-27 32-24 36-4 23-20 39-28 25-21 6-26 16-12 0-1 14-11 27-18 5-7 18-14 26-22 10-25 15-9 21-17 20-15 35-5
36-42 27-26 15-13 45-45 52-35 18-15 37-49 2-1 58-41 43-46 28-25 41-50 10-3 48-44 9-0 46-48 31-18 55-31 26-29 59-39 17-14 22-21 13-11 3-2 60-36 8-2 68-51 25-25 1-4 0-5 57-40 56-32 24-20 11-7 20-23 61-40 20-24 19-16 21-22 42-48 49-43 52-34 35-30 34-10 0-6 14-12 30-17 58-39 43-47 16-13 50-52 12-8
22-20 20-23 23-19 21-21 19-16 4-15 16-3 17-0 16-2 18-17 24-26 13-6 5-15 7-11 0-9 6-12 3-14
17-8 18-22 13-13 74-4 36-37 12-12 3-21 40-41 7-16 12-16 38-44 14-9 22-33 70-5 6-14 1-2 30-27 11-10 26-32 38-33 69-7 5-18 44-38 31-25 55-12 39-40 2-20 46-45 41-42 24-35 38-34 27-31 48-39 0-1 27-27 29-29 20-24 71-6 28-28 26-31 75-46 4-21 43-38
8-13 10-11 2-8 32-6 27-17 7-16 16-21 25-19 24-23 12-10 18-20 1-1 23-25 0-0 9-14 22-24 33-5 3-9 5-15 17-22 26-18 31-7 19-27 21-29 38-30 20-28 36-2 6-16 37-3
3-2 7-14 8-12 13-4 16-3 5-13 2-1 9-9 9-10 12-5 17-15 1-0 11-6 6-14
42-5 24-33 6-17 31-32 40-4 1-2 3-10 26-29 16-25 14-23 37-8 19-21 7-14 28-31 21-26 43-36 34-9 39-6 23-34 2-3 13-19 11-12 25-28 4-11 0-1 9-13 22-35 15-24 5-16 29-20 27-30 40-7
5-9 10-17 0-2 23-22 42-16 7-7 28-34 30-31 17-25 19-22 32-37 0-3 16-24 31-30 48-6 4-9 15-23 38-40 3-10 26-29 27-36 33-39 13-20 11-18 49-49 37-41 46-5 1-4 24-15 41-28 29-33 39-43 43-13 44-14 34-41 2-11 12-19 40-50 39-42 17-26 22-32
11-16 35-34 1-3 28-4 25-5 17-25 32-31 31-30 26-6 33-32 23-7 20-21 8-10 9-11 12-17 2-2 4-1 19-21 0-0 18-24 21-23 30-29 34-33 13-19 14-20 7-9 22-22 3-1 15-28 10-14 13-18 17-26
16-9 26-28 8-19 31-23 28-25 18-8 28-26 1-2 17-6 4-13 23-21 12-17 21-5 11-18 20-4 6-15 30-24 22-3 9-20 2-10 0-1 3-12 14-16 24-29 27-27 5-14 10-20 32-30 15-16
4-2 3-2 0-0 2-1
0-0 1-1
0-0 1-1
0-0 3-3 5-5 4-4 2-2 1-1
1-0 0-0 2-1
0-0 1-1
0-0
0-0
1-0 0-0
