0-1 1-3 0-2
0-0 1-1 2-2
0-0 3-3 4-4 2-2 1-1
0-1 1-2 3-3 5-5 4-4 8-10 9-11 5-8 7-9
13-22 5-6 26-28 27-29 12-20 4-4 25-26 1-1 15-15 3-2 7-14 17-10 8-21 6-5 0-1 20-23 22-25 17-9 16-8 14-7 11-20 10-20 19-12 23-27 9-19 18-11 21-24
1-2 6-4 0-0 3-3 10-7 11-9 2-1 7-4 9-6 12-10 8-5
6-9 10-11 30-32 5-6 2-1 5-8 3-3 12-13 22-27 26-29 4-4 18-20 16-18 19-21 3-2 0-0 17-19 20-22 28-31 29-30 9-10 14-15 11-12 15-17 20-23 13-14 23-28 15-16 21-24
6-9 1-3 0-0 4-6 8-12 1-4 7-11 3-7 2-5 0-2 5-8
3-3 4-5 2-1 0-4 1-0
6-4 4-7 0-0 19-18 11-11 12-12 20-20 14-13 17-16 8-9 9-10 18-17 16-15 2-2 15-14 7-8 1-1 6-5 5-3
5-4 0-0 12-13 13-14 3-1 8-10 15-16 8-8 9-11 14-15 4-3 11-12 6-5 9-7
20-13 3-2 0-0 7-21 10-7 11-8 21-22 10-6 17-11 8-20 14-15 19-12 4-3 18-18 9-5 12-9 1-1 13-10
26-24 50-45 1-3 21-21 36-37 42-38 14-13 45-40 7-11 16-14 3-7 31-32 5-8 25-23 30-27 13-12 34-29 12-13 39-36 18-16 23-15 0-0 18-17 9-10 38-34 37-33 46-41 7-9 31-28 43-39 4-6 48-42 27-18 49-43 35-30 28-25 2-4
2-8 29-23 24-13 0-10 19-0 9-15 21-1 7-19 26-17 13-20 15-3 1-4 3-9 26-18 16-5 28-11 10-16 20-2 22-12 27-7 14-21
5-4 4-6 3-3 0-2 7-7 1-1 6-5
14-11 11-7 0-0 16-10 7-1 1-4 2-5 3-6 17-12 13-9 0-3 0-2 12-8
11-11 5-6 18-15 23-22 17-20 8-9 22-19 16-14 20-17 1-2 3-3 12-13 10-12 0-0 4-5 15-7 21-18 7-8 19-16 24-21 2-4
24-30 4-7 32-32 38-36 11-11 12-12 39-37 28-26 33-33 36-34 29-27 1-2 2-2 19-21 21-19 6-4 0-0 27-24 37-38 25-25 30-29 7-5 14-15 35-39 21-18 5-3 35-35 10-10 13-14 22-22 9-9 23-23 8-8 40-40 15-16 31-31
11-16 22-23 8-9 19-22 28-25 30-27 31-31 5-12 12-17 29-26 18-20 16-18 19-21 17-19 24-28 26-30 2-3 15-7 1-0 4-11 12-15 20-24 13-5 10-14 6-13 3-4 0-2 21-24
7-14 17-6 11-11 14-5 10-10 12-13 18-15 12-12 0-7 3-9 8-8 5-1 4-0
6-9 10-11 5-6 7-7 1-2 3-3 12-13 13-16 18-20 16-18 19-21 1-1 0-0 17-19 20-22 4-5 9-10 11-12 15-17 8-8 3-4
34-38 19-19 21-21 28-29 23-22 20-20 8-4 15-12 10-7 25-26 2-2 31-35 32-36 10-9 0-0 36-40 30-34 18-17 29-33 7-5 35-39 9-6 14-11 3-1 28-28 33-37 4-3 18-18 11-15 24-32 16-13 12-8
24-30 4-7 1-3 6-9 14-17 25-31 25-32 23-32 5-8 20-26 28-30 13-16 16-22 17-24 7-10 11-13 28-31 12-14 15-25 8-11 13-15 29-33 16-19 3-5 0-1 4-6 27-30 16-20 19-23 2-4 9-12
11-16 28-37 8-13 31-40 15-20 26-35 10-15 1-6 22-31 8-14 20-26 21-27 16-22 19-25 12-17 27-36 17-23 32-41 29-38 0-0 14-19 18-24 0-5 22-29 6-12 30-39 4-11 2-7 5-10 23-28 15-21 26-34 3-8 13-18 25-33 24-32
14-17 27-26 21-21 5-6 20-20 12-16 28-25 30-27 6-7 1-1 0-0 4-5 13-15 24-24 2-3 16-19 7-9 31-28 9-13 8-12 22-22 23-23 10-14 18-18 3-4 0-2
0-1 5-6 2-3 4-2 1-0 3-5
0-0 8-6 2-1 6-3 7-4 4-2 9-7
19-8 21-14 53-46 30-26 17-7 24-17 27-21 39-33 38-32 30-22 10-15 47-39 41-36 18-8 50-42 37-31 3-3 26-20 43-37 49-41 7-6 25-19 28-23 22-16 29-31 44-38 48-40 56-48 59-50 20-9 2-2 50-43 1-1 52-45 57-48 2-6 0-0 54-47 31-24 33-28 40-35 43-30 20-11 58-49 32-30 23-18
0-1 2-7 1-2 12-15 16-5 6-11 14-4 3-11 15-6 4-3 17-16
3-2 0-0 10-11 15-13 13-14 4-4 2-1 9-10 8-8 4-3 8-7 16-15 11-12 6-5
0-1 1-3 2-4 3-5
4-7 14-17 11-11 6-6 25-31 21-28 28-34 29-35 23-30 27-33 12-13 26-32 13-16 17-24 15-18 3-4 20-27 2-3 22-29 16-19 0-1 12-15 18-25 10-10 9-9 30-36 7-8
7-3 10-8 0-0 4-6 13-11 5-7 8-4 11-9 2-1 15-10 18-14 19-15 20-16 17-12 2-2 20-18 1-0 20-17 21-19 3-5
0-1 1-3 3-1 0-2 4-0
0-1 1-2
0-0 3-3 4-4 2-2 1-1
3-2 11-11 6-6 3-0 10-10 9-9 7-4 1-8 8-7 4-1 5-3
0-0 6-7 3-3 14-16 4-5 5-6 12-13 10-12 18-18 8-9 10-15 9-11 7-10 2-2 11-14 1-1 15-17
4-7 7-7 2-1 14-13 17-16 10-8 11-10 22-20 16-15 5-4 0-0 8-2 9-3 18-17 12-11 20-19 15-14 1-0 21-18 6-5 14-12 13-9
0-1 12-15 2-6 0-0 14-10 16-16 8-12 10-13 15-9 7-7 1-4 11-14 13-8 0-2 3-5
0-0 7-7 2-1 9-9 8-8 4-2 3-4 5-3
26-23 2-1 20-17 7-2 15-12 10-8 4-4 20-18 8-6 25-22 17-14 22-21 9-7 21-19 0-0 11-9 13-10 6-5 24-20 14-11 5-3 16-13
11-11 6-6 7-7 8-9 28-34 19-22 29-35 12-13 31-36 10-12 25-26 32-38 2-2 18-20 16-18 1-1 23-25 27-32 28-31 0-0 17-19 22-24 24-28 4-5 9-10 26-30 2-3 15-17 20-23 14-16 13-14 8-8 3-4
2-7 16-6 0-0 12-1 15-2 18-5 8-10 19-14 3-8 14-12 9-11 11-1 17-3 6-13 7-9
0-1 1-2 4-7 0-0 5-9 6-9 12-14 14-16 8-10 10-12 13-17 2-3 11-13 15-18 2-4 3-5
0-0 11-11 7-6 9-8 8-7 4-2 1-1 6-5 5-3
17-5 4-7 0-0 6-8 12-13 13-14 19-4 8-10 10-12 9-11 14-15 18-6 19-3 2-2 20-18 15-16 1-1 7-9
5-4 0-0 10-6 4-3 2-2 9-5 1-1
0-0 3-3 7-6 4-4 2-2 8-5 1-1 9-7
0-1 6-4 16-10 18-12 17-11 9-5 7-4 13-7 12-8 15-9 19-13 4-2 1-0 11-6 5-3
5-4 3-2 0-0 7-6 2-1 8-7 6-5 5-3
0-1 15-12 5-4 5-5 11-11 6-6 10-10 7-7 14-8 4-2 1-1
24-30 18-22 8-13 28-29 0-7 17-20 5-8 30-33 9-15 13-16 3-6 27-28 19-21 23-25 0-0 12-14 22-24 14-19 21-23 6-12 3-5 26-27 4-6 0-6 2-4
38-36 45-45 6-6 44-44 7-7 17-20 18-19 30-27 3-3 34-32 24-23 2-2 36-35 16-18 1-1 19-21 11-13 42-41 0-0 31-29 12-14 20-22 26-26 4-5 37-38 13-15 43-41 25-25 34-33 39-43 15-17 31-28 38-39 14-16 8-8 40-40 34-34 32-30 9-12 33-31
14-14 3-2 0-0 11-10 13-13 16-16 7-6 9-8 12-12 2-3 8-7 2-4 10-9 1-1 6-5 15-15
14-17 22-23 19-19 21-21 20-20 12-9 1-2 10-8 11-10 7-6 4-4 2-2 15-15 13-11 0-0 25-25 24-24 2-3 8-7 15-14 6-5 17-18 14-16 3-1 16-13
0-1 0-0 17-19 6-8 6-6 13-14 4-4 8-10 10-12 8-8 9-11 11-13 5-3 2-2 14-15 15-17 16-18 3-5
15-12 4-7 0-0 8-3 13-11 6-1 11-9 12-10 14-13 3-8 3-6 16-14 9-5 7-2 8-4
1-2 2-6 0-0 3-3 6-8 10-11 4-5 12-14 14-16 5-7 13-15 16-19 17-20 8-9 9-10 18-21 15-17 1-1 11-13
3-2 0-0 3-3 4-5 2-4 1-1
2-6 3-0 5-2 0-7 6-3 8-9 1-8 7-5 4-1
16-16 10-11 20-20 18-19 19-22 5-1 2-5 6-7 22-21 11-13 0-0 9-10 2-3 14-15 1-0 11-12 15-17 17-18 13-14 6-1 23-23 3-4
0-3 2-5 1-4
10-8 3-3 15-19 13-11 6-1 11-9 12-10 20-20 1-4 14-13 18-17 19-15 7-5 5-0 2-2 8-6 17-16 16-18 9-7
14-17 0-0 3-3 12-14 5-6 12-13 13-15 9-11 15-18 4-2 7-8 1-1
16-13 7-3 10-5 18-15 17-14 15-10 3-8 6-2 1-6 12-9 5-0 9-4 13-7 4-1 16-12
6-4 3-2 0-0 16-11 5-5 7-7 2-1 15-10 4-3 13-8 17-12 8-6 14-9
7-8 10-9 15-13 3-3 11-9 5-2 9-9 14-12 2-3 8-7 12-10 1-0 4-1 2-4 6-5 13-11
17-19 6-8 12-14 14-16 4-5 0-2 5-7 13-15 8-10 10-12 15-17 11-13 3-6 16-20 18-21 0-3 1-1 7-9
26-24 27-26 16-16 19-19 6-6 23-22 28-25 25-23 29-27 20-21 8-10 10-12 9-11 11-13 27-23 5-4 0-0 14-15 4-2 6-5 22-22 13-14 3-1 2-0 4-3 18-18 7-8 17-17
11-16 5-4 3-2 13-12 19-18 17-10 7-6 9-8 2-1 14-13 10-15 12-17 8-7 15-9 18-11 1-1 6-5
3-2 0-0 4-4 1-1 6-5 5-3
18-22 11-11 12-12 31-37 23-32 17-15 29-39 5-5 12-13 22-27 26-36 18-20 6-4 3-2 0-0 28-31 32-21 34-40 19-17 21-23 20-19 18-21 33-34 24-29 10-10 30-35 9-9 16-1 8-8 4-3 1-7 27-30
30-32 28-29 9-8 14-13 12-9 26-25 17-15 25-23 29-31 10-12 18-16 2-2 25-22 1-1 13-11 6-4 0-0 26-26 4-5 29-30 23-20 15-14 13-10 5-3 3-5 23-19 27-27 28-28 24-21 8-8 22-18 21-17 7-8
11-16 5-9 9-13 1-3 0-0 21-25 15-19 4-8 8-12 20-24 6-10 10-15 12-17 13-18 19-22 16-20 7-11 18-21 2-4 3-5
3-3 6-8 5-6 0-2 4-4 11-9 12-10 8-5 1-1 9-7
1-2 13-12 0-0 6-7 4-5 7-6 11-9 8-8 2-3 9-11 12-10 2-4
1-2 9-7 3-2 0-0 13-12 10-6 12-9 8-5 2-4 11-6 5-3
14-11 3-2 0-0 5-4 6-8 11-10 13-12 7-6 10-13 9-9 2-0 15-14 4-3 12-10 1-0 1-1
7-8 6-7 5-5 5-6 8-9 9-10 4-3 2-2 1-0 4-1
7-3 0-0 11-8 3-1 10-6 7-4 6-2 8-7 9-5 4-0
0-1 1-2 1-3 6-7 4-5 5-6 3-11 10-12 8-9 9-10 7-8 2-4
9-13 3-2 1-3 0-0 6-8 14-17 8-12 5-6 17-19 3-1 4-4 13-16 10-14 7-10 19-22 11-15 2-5 18-20
0-1 1-2 0-0 4-6 4-5 1-4
0-0 3-3 4-4 2-2 1-1
0-1 6-9 1-3 12-15 4-6 5-7 10-12 13-16 9-11 7-10 11-14 2-4 3-5
1-2 1-3 0-0 4-6 5-7 2-5 3-4
20-25 15-20 18-23 22-27 16-22 12-17 29-34 3-6 8-15 0-0 21-26 14-19 19-24 9-16 26-30 28-32 4-2 27-31 5-3 0-1 3-5 24-29 6-8 23-28 30-35 17-21 13-18 2-4
16-16 11-11 13-13 9-8 12-12 20-26 21-27 7-6 6-3 19-25 14-14 15-15 10-9 6-4 19-24 0-5 8-7 4-2 18-21 5-3 17-18 3-1 2-0 19-23
1-2 6-4 14-11 0-0 5-6 11-8 2-1 7-5 13-9 4-3 12-10 9-7
6-6 26-23 7-7 14-13 28-22 17-15 11-10 13-12 3-3 5-5 2-2 1-1 15-15 5-4 0-0 24-19 12-11 9-9 22-18 25-20 29-24 21-17 7-8 20-16
3-2 6-6 4-4 8-10 2-1 9-11 0-5 1-0 7-8 7-9
14-17 10-11 6-6 7-7 11-14 19-22 5-5 12-13 4-4 15-18 18-20 1-1 19-21 3-2 0-0 17-19 28-31 26-26 13-15 25-25 9-10 21-30 2-3 22-29 27-27 20-24 23-28 8-8
11-10 10-11 3-3 7-6 4-4 9-8 12-12 2-1 8-7 2-2 1-0 10-9 6-5
3-2 0-0 10-11 5-5 11-10 6-6 13-13 4-4 7-7 2-1 9-9 10-12 8-8 14-15 15-16
7-8 0-0 6-7 4-5 5-6 2-2 3-4 1-1
1-21 3-2 5-4 11-10 13-12 7-6 9-9 2-1 14-13 0-17 2-0 16-22 0-16 4-3 8-7 12-11 15-14 6-5
0-0 6-8 12-14 5-6 5-7 13-15 8-10 10-12 14-18 13-17 9-11 2-3 11-13 15-19 3-4 1-1 7-9
0-1 10-8 3-2 4-5 18-15 7-6 4-4 16-12 17-14 14-13 20-16 21-18 15-11 8-7 13-10 12-9 5-3
14-13 18-19 17-16 1-2 11-10 13-12 6-7 5-5 4-4 16-15 10-9 0-0 20-22 21-23 2-3 12-11 15-14 19-20 9-9 18-18 7-8
1-2 21-19 22-20 0-0 6-8 12-14 4-5 5-6 11-12 19-17 8-10 23-23 9-11 2-3 16-15 20-18 17-16 3-4 1-1 7-9
16-13 11-7 13-11 3-10 7-6 17-14 1-9 5-0 5-1 0-8 10-3 6-5 8-4
0-0 11-11 13-13 6-6 4-5 10-10 12-12 7-7 9-9 8-8 2-3 14-14 3-4 1-1
5-4 3-2 0-0 6-6 2-1 8-9 9-10 4-3 7-8 6-5
0-1 5-9 9-13 2-6 0-0 11-15 4-8 8-12 6-10 1-5 10-14 7-11 12-16 3-7
0-1 9-13 0-0 6-8 8-12 5-7 1-4 10-14 2-3 3-6 7-10 7-11 2-5 0-2
4-7 7-0 4-6 4-8 5-7 9-9 0-4 0-3 0-2 3-5
3-3 5-5 6-6 4-4 7-7 2-1 8-9 2-0 9-10 2-2
6-9 8-13 20-25 29-40 30-32 38-43 42-49 13-17 43-46 12-16 44-48 15-19 7-11 46-52 18-23 37-42 3-3 22-27 4-4 14-18 2-2 32-34 34-36 25-29 28-31 33-35 21-26 39-44 19-24 17-22 0-1 36-41 6-8 23-28 5-7 10-14 45-50 27-30 16-20 35-38 11-15 31-33
38-36 29-28 35-34 18-15 26-23 2-1 32-31 28-25 31-30 33-32 20-17 37-35 15-12 10-8 7-6 17-14 25-22 5-4 3-2 0-0 11-9 30-29 34-33 8-7 13-10 6-5 24-20 14-11 23-19 19-16 24-21 22-18 4-3 16-13
22-26 2-1 14-13 16-14 11-10 13-12 3-3 8-6 10-9 9-7 5-4 0-0 7-5 12-11 4-2 18-21 1-0 17-18 21-25 20-24 21-22 19-23 17-17
0-1 1-2 0-0 6-7 4-5 5-6 10-13 8-8 2-3 11-14 3-4 9-12 7-9
4-7 6-9 23-31 19-26 26-35 20-29 27-37 24-33 28-38 5-8 1-2 21-27 10-18 17-24 7-10 13-20 14-23 8-15 15-22 4-5 9-16 2-3 25-34 0-1 11-17 18-25 12-19 20-28 14-21 24-32 3-4 22-30
22-23 6-6 12-12 2-1 8-9 19-22 1-2 6-7 3-3 5-5 20-21 4-4 9-11 18-20 16-18 11-13 0-0 17-19 24-24 15-17 14-16 10-10 13-14 7-8
1-0 0-0 3-3 2-2
11-16 4-7 6-9 14-17 13-13 22-23 12-12 24-26 18-19 2-5 5-8 1-2 20-21 3-6 7-10 15-18 1-1 23-25 0-0 17-19 8-11 2-3 19-20 21-22 10-14 21-24
25-31 15-20 21-28 2-1 10-15 13-17 16-21 12-16 7-11 18-23 23-30 27-33 6-7 5-5 26-32 14-18 20-27 3-2 0-0 9-14 21-26 19-24 17-22 22-29 8-12 4-3
16-17 5-4 3-2 0-0 11-11 17-19 10-10 13-14 7-6 9-8 12-12 2-1 8-9 14-15 4-3 15-16 18-20 6-5
4-7 20-29 13-17 1-2 7-6 8-10 13-16 16-22 17-24 9-11 21-31 14-19 2-3 3-5 0-1 12-15 18-25 15-21 19-27 13-27 7-8 22-32
11-16 9-13 16-17 1-3 0-0 5-5 8-12 4-4 10-14 7-11 1-7 4-2 15-15
0-1 7-3 2-6 4-8 9-10 6-2 3-7 2-5 2-4
0-1 16-17 19-18 22-20 3-3 6-8 12-13 13-14 11-12 17-16 8-9 9-11 14-15 7-10 2-2 21-19 1-0 3-4 3-5
0-0 11-11 4-8 6-6 10-10 9-9 8-7 4-2 7-8 1-1 5-3
1-2 4-7 0-0 1-6 2-3 2-5 3-4
0-0 3-3 4-4 2-2 1-1
1-2 5-4 0-0 11-11 10-10 7-6 12-12 9-9 14-13 18-16 4-3 8-7 15-14 6-5 17-15
1-3 0-0 11-11 13-13 4-5 5-6 12-12 7-7 9-10 8-8 2-2 3-4 1-1 10-9
14-11 6-4 15-12 0-0 16-13 11-8 17-14 7-5 13-10 4-3 2-2 8-6 12-9 1-1 9-7
0-1 2-7 6-4 4-6 3-3 8-9 7-5 1-0 5-8
2-7 10-4 11-6 7-1 8-1 12-13 6-3 3-9 4-12 6-2 1-0 4-11
0-1 5-4 1-3 3-3 7-6 2-2 6-5
5-4 3-2 0-0 11-11 6-6 10-10 13-14 12-12 7-7 2-1 9-9 14-13 8-8 4-3 15-15
0-0 8-6 10-7 11-8 9-5 2-1 7-4 13-10 4-2 12-9 5-3
9-29 23-32 22-33 16-24 13-21 11-19 12-20 7-6 20-30 21-31 14-23 0-0 19-28 22-34 24-35 2-3 8-7 17-27 6-5 18-25 10-16 3-4 10-2
0-1 11-15 6-9 1-3 7-14 16-19 4-8 8-12 10-13 14-18 9-11 12-16 3-7 2-5 9-6 0-2 15-17
6-4 0-0 10-7 8-11 12-12 15-9 9-5 14-13 12-9 16-15 13-10 4-2 15-14 7-8 1-1 5-3
5-4 0-0 11-11 13-13 10-10 13-14 12-12 17-17 9-9 7-5 14-15 18-19 4-3 2-2 8-7 8-6 15-18 1-1 6-5
14-17 23-22 42-38 38-31 31-26 24-22 36-34 1-2 32-27 35-33 8-10 10-12 13-16 9-11 33-29 1-1 22-21 11-13 32-28 27-23 39-35 0-0 12-14 34-30 2-3 20-19 30-25 16-20 7-9 3-5 12-15 4-6 6-8 5-7 29-24 18-18 41-37 3-4 40-36
0-1 1-2 0-0 4-5 5-6 7-7 8-8 2-3 3-4
0-1 6-9 0-0 4-4 7-7 8-10 8-8 9-11 3-6 2-2 4-3 3-5
36-42 1-3 8-13 34-38 28-29 16-21 30-37 2-5 31-32 36-43 18-23 35-40 3-6 13-20 11-18 27-28 32-34 4-10 0-0 19-28 20-22 33-35 5-11 26-26 25-25 24-24 6-12 27-27 10-16 37-44 12-19 14-21 30-36 0-2 21-24 31-33
5-4 0-0 6-7 10-11 2-2 11-12 8-9 9-10 4-3 3-6 7-8 1-1
4-7 6-9 14-17 2-5 5-8 13-16 9-11 7-10 15-18 18-20 19-21 11-13 2-6 0-0 17-19 23-24 0-1 12-15 20-23 22-22 10-14 3-4 9-12
5-4 10-11 7-6 3-1 9-8 2-0 4-3 8-7 11-14 4-2 10-9 6-5
18-15 9-8 38-32 20-17 34-29 3-3 7-6 4-4 2-2 36-31 17-14 1-1 37-30 0-0 11-9 23-20 31-24 8-7 12-11 25-21 21-18 35-27 6-5 27-22 22-25 10-10 19-16 14-12 16-13
10-8 11-10 0-0 3-3 4-4 7-5 12-9 2-2 9-6 1-1 13-11
20-25 5-13 25-32 7-16 3-7 2-5 24-31 14-22 23-30 15-23 21-27 5-12 9-11 22-28 6-15 12-21 4-10 21-26 18-24 23-29 10-19 1-4 8-17 5-14 11-20 8-18
11-16 28-37 18-15 9-8 26-35 41-54 39-50 16-28 36-48 23-32 24-33 3-7 34-46 22-31 1-2 15-23 33-44 19-29 40-52 27-36 13-20 4-1 30-38 35-47 15-22 0-0 40-53 32-39 21-30 25-34 38-49 6-5 12-19 34-45 14-21
0-1 0-0 3-3 4-4 2-2
3-2 0-0 3-3 4-4 2-1
6-9 0-0 17-19 11-11 4-5 5-6 12-13 5-7 13-14 10-12 16-18 15-16 1-1 2-3 9-11 7-10 14-15 3-4 0-2
3-2 0-0 6-6 4-5 4-4 2-1 5-3
0-1 1-2 4-7 0-0 4-9 6-8 5-6 2-3 7-10 3-4 3-5
11-16 0-0 9-14 5-6 14-19 15-20 8-9 10-15 12-17 13-18 4-3 2-2 7-8 1-1 6-5
11-7 5-4 1-3 0-0 16-10 6-6 9-5 2-1 15-9 4-2 14-8 12-8
6-6 27-21 33-27 31-26 12-9 3-3 5-5 18-12 23-17 7-6 17-11 30-23 22-16 29-22 2-2 8-6 1-1 9-7 5-4 0-0 14-10 25-18 31-24 19-13 20-14 24-20 21-15 11-8 32-25 26-19
15-13 10-11 32-26 41-33 28-29 9-8 33-27 38-32 2-1 46-38 22-19 47-39 17-16 20-17 25-23 50-42 4-4 48-40 16-15 8-6 52-45 0-0 14-10 20-22 23-20 7-5 31-24 4-2 21-18 11-12 5-3 51-41 34-31 37-44 43-35 45-37 44-36 13-9 24-21 42-34
24-30 14-17 25-31 8-9 25-32 19-22 1-2 3-3 5-5 22-27 4-4 10-12 13-16 9-11 29-34 15-18 18-20 11-13 0-0 26-33 23-29 9-10 16-19 21-25 6-8 30-35 17-21 28-33
0-1 2-7 0-0 1-3 3-11 0-2
12-21 5-9 0-0 10-11 4-6 10-17 8-12 13-20 7-13 12-19 9-10 14-22 2-3 11-18 3-4 1-1 5-8 6-14
0-0 6-6 8-9 9-10 4-2 2-5 7-8 1-1 5-3
1-2 9-13 6-9 0-0 4-5 8-11 5-7 10-14 2-3 7-10 11-15 3-4 9-12
0-0 3-3 4-4 2-2 1-1
0-1 1-2 4-7 8-14 11-17 15-23 9-15 6-11 7-12 10-16 7-13 12-19 14-22 2-3 16-24 3-4 13-21 5-8 3-5
2-7 15-13 7-12 6-10 9-11 0-5 1-6 3-7 0-3 5-8
16-9 2-1 10-21 21-16 3-3 18-12 4-4 17-11 11-22 8-20 24-23 0-0 9-20 22-17 12-7 15-10 13-6 1-0 6-5 20-15 14-8 23-18
20-27 9-13 4-8 5-6 14-19 8-10 0-6 6-20 10-14 12-17 1-9 7-11 13-18 3-7 15-26
18-15 9-8 22-19 20-17 15-12 3-3 7-6 2-2 12-10 17-14 1-1 10-9 13-11 5-4 0-0 4-5 23-20 17-13 21-18 11-7 19-16
3-2 0-0 5-5 4-4 4-3 2-2 8-6 1-1 9-7
22-23 9-8 2-1 18-19 15-12 16-17 11-10 20-21 7-6 15-11 1-1 10-9 3-2 0-0 5-4 8-7 19-20 23-24 6-5 17-18 21-22 24-25 4-3
9-8 12-9 20-12 19-14 2-2 8-6 1-1 6-4 16-11 0-0 14-10 15-10 18-17 7-5 17-13 13-10 24-20 5-3 23-19 21-15 22-18
2-7 6-4 0-0 1-5 3-6 4-2 7-8 5-3
0-0 6-7 4-6 3-3 5-5 4-4 2-2 1-1
5-4 3-2 0-0 11-10 6-6 9-8 7-7 4-3 8-7 1-1 10-9
14-11 17-13 5-4 0-0 6-6 16-12 17-14 2-1 18-16 4-2 7-8 15-15 10-9 9-7
26-24 15-13 26-23 22-19 3-7 20-17 10-3 30-27 19-18 11-5 8-1 12-6 18-16 23-21 7-10 16-15 33-29 25-22 29-26 13-11 11-4 34-30 23-20 15-14 1-0 31-28 6-8 9-2 14-12 28-25
1-2 6-9 0-0 10-11 3-3 4-5 7-7 9-10 8-8 2-2 11-12 2-4
0-1 6-4 3-3 4-5 5-6 7-7 8-8 2-2 1-0
7-3 10-5 16-11 8-2 15-9 2-1 13-7 5-0 9-4 12-10 14-8 11-6
1-2 0-0 5-5 4-3 2-4
21-14 7-3 30-26 27-21 24-17 39-33 42-38 28-22 19-15 6-2 29-23 10-8 32-27 27-20 22-16 33-29 36-31 41-39 18-13 0-0 25-18 11-9 5-2 15-10 12-11 30-25 9-6 39-34 16-12 31-28 42-37 40-36 43-40 3-1 35-30 38-35 37-32 26-19 8-4
27-26 1-3 29-28 43-43 28-29 36-37 11-14 32-31 33-33 31-32 2-4 5-8 26-25 1-2 6-7 8-10 10-12 18-20 16-18 19-21 34-36 0-0 37-38 13-15 39-39 34-34 7-9 0-1 9-13 3-5 4-6 14-16 27-27 21-22 35-35 25-24 42-42 23-23 41-41 40-40 30-30 17-17
14-17 1-3 21-24 7-11 4-4 8-10 13-16 15-18 2-2 1-1 19-21 11-13 0-0 20-22 4-5 14-19 7-9 12-15 20-23 6-8 5-7 10-14 16-20 9-12
78-81 34-38 30-32 75-75 58-58 5-6 28-29 41-40 69-70 24-26 50-49 57-57 8-9 83-79 25-27 64-66 19-22 79-83 40-37 63-64 1-2 16-17 43-42 51-50 54-52 3-3 59-59 70-71 20-21 52-53 57-56 60-60 10-12 39-36 46-44 9-11 33-39 62-62 27-28 18-20 32-34 11-13 23-25 42-41 45-43 47-45 48-48 12-14 22-24 53-51 4-5 29-30 60-61 13-15 21-23 68-69 85-87 67-68 66-67 56-54 16-19 81-77 49-47 0-1 17-18 6-8 78-80 72-76 74-74 61-63 65-65 73-73 82-78 26-31 38-35 80-84 71-72 84-80 15-16 2-4 31-33
6-6 7-7 17-20 19-22 23-26 12-13 24-27 4-4 14-18 9-11 1-1 3-2 0-0 2-3 16-19 18-21 11-12 6-5 15-17 12-15 20-23 22-25 14-16 10-10 13-14 9-9 8-8 21-24
31-40 11-11 25-31 0-2 29-36 18-19 33-41 19-22 30-37 0-3 12-13 10-12 28-35 17-17 16-18 19-21 0-0 26-33 23-29 32-39 14-15 8-7 19-20 3-5 7-8 20-23 22-25 31-38 4-6 20-24 13-14 9-9 23-27 27-34 24-32 15-16 2-4
14-11 0-0 10-7 11-8 7-4 6-2 2-3 12-9 9-6 8-5 1-1 13-10
21-14 7-3 30-26 27-21 24-17 42-38 28-22 19-15 6-2 29-23 49-45 44-41 48-44 46-43 10-8 32-27 27-20 50-46 22-16 33-29 36-31 41-39 18-13 0-0 25-18 11-9 5-2 15-10 12-11 30-25 9-6 45-42 39-34 16-12 31-28 40-36 43-40 3-1 35-30 38-35 37-32 26-19 8-4
14-17 17-20 8-9 15-19 6-7 3-3 5-5 20-21 4-4 8-10 10-12 13-16 9-11 2-2 1-1 11-13 0-0 24-24 12-15 21-22 23-23 10-14 13-18 7-8
18-22 10-11 6-6 21-28 17-20 32-37 43-46 24-31 34-39 20-26 25-30 3-3 5-5 12-13 22-27 26-32 4-4 31-36 45-48 19-25 2-2 1-1 46-49 0-0 42-45 23-29 19-24 33-38 8-7 39-43 18-21 16-19 11-12 37-40 15-17 36-41 14-16 10-10 13-14 30-35 38-42 9-9 27-34 7-8 41-44
29-28 11-11 19-19 6-6 21-21 9-8 20-20 7-7 8-9 36-34 38-37 37-35 19-18 5-5 12-13 35-33 18-16 34-32 28-27 2-2 17-14 1-1 22-21 0-0 26-26 25-25 24-24 32-29 10-10 22-22 36-36 23-23 4-3 30-30 3-4 33-31
14-17 1-3 34-38 30-32 5-6 21-24 22-26 44-44 17-20 33-36 19-22 35-37 43-42 6-7 28-30 26-29 29-31 37-39 8-10 9-11 41-43 15-18 27-28 42-41 0-0 10-13 13-15 18-21 16-19 32-35 7-9 0-1 3-5 20-23 22-25 6-8 40-40 23-27 2-4 9-12 31-33
13-13 19-19 18-15 9-8 12-12 20-20 23-26 17-16 11-10 7-6 4-4 24-27 26-29 14-14 16-18 10-9 22-24 8-7 12-11 4-2 6-5 15-17 5-3 25-28 22-25 21-22 3-1 2-0 27-30
13-13 6-6 7-7 2-1 22-19 29-23 20-17 17-15 10-8 24-18 18-16 12-10 13-11 3-2 0-0 5-4 11-9 23-20 25-21 15-14 1-0 19-16 14-12 4-3
0-1 1-2 6-9 11-11 13-13 5-6 4-4 12-12 8-10 14-14 7-8 3-5
68-71 15-13 52-57 18-15 7-7 49-54 13-8 21-16 48-51 50-53 12-9 31-32 66-69 25-23 32-33 35-37 39-41 69-72 36-38 38-40 4-4 37-39 41-43 59-62 67-70 8-6 63-67 17-14 34-36 43-45 46-49 0-0 33-35 44-46 53-58 26-26 19-17 45-47 62-66 49-52 65-68 23-20 61-65 24-24 57-59 60-64 4-2 6-5 5-3 0-1 14-11 23-19 33-34 27-27 29-29 40-44 52-56 55-60 58-61 22-18 47-50 30-30 51-55
16-16 22-23 21-21 9-8 24-26 14-13 6-2 18-19 20-17 11-10 19-18 3-3 10-9 23-25 0-0 7-5 8-7 12-11 15-14 25-28 22-22 3-1 14-12 23-27 2-4
7-3 30-26 21-16 12-9 30-27 10-7 19-14 2-2 33-29 1-1 32-28 27-23 16-11 0-0 18-13 24-19 22-17 25-21 29-25 13-10 28-24 11-8 26-22 17-12 9-5 20-15 23-18 8-4
54-55 45-45 53-53 92-93 12-12 18-19 83-86 5-5 84-85 7-6 50-50 27-28 1-1 38-38 77-79 85-87 12-11 55-56 69-67 22-25 35-35 42-42 36-36 46-46 24-21 47-47 16-16 13-13 26-23 20-26 11-10 58-59 10-9 6-4 52-54 76-78 68-66 23-24 79-81 37-37 78-80 57-58 64-62 59-60 33-33 17-17 74-75 70-70 28-29 9-8 87-90 88-91 93-95 39-40 82-84 48-48 86-88 71-69 8-7 4-2 80-83 43-44 89-92 5-3 67-65 73-73 66-64 72-72 34-34 18-18 51-51 52-52 57-57 70-71 28-30 61-61 29-31 37-39 14-14 25-22 15-15 49-49 0-0 60-61 74-77 90-94 62-63 44-43 19-20 81-82 41-41 71-68
21-14 30-26 19-15 29-23 14-9 8-5 32-27 10-7 25-19 15-11 12-10 33-29 1-1 6-4 26-21 22-17 17-13 4-2 37-33 9-6 27-22 16-12 5-3 28-24 36-32 11-8 24-25 2-0 38-35 34-34 20-16
10-11 6-6 28-29 2-1 8-9 31-30 16-17 6-7 5-5 12-13 20-21 30-28 14-14 18-20 5-4 3-2 17-19 26-26 13-15 25-25 9-10 24-24 1-0 11-12 17-18 7-8 27-27 22-22 23-23 4-3 15-16
30-32 15-20 9-8 13-17 19-23 16-21 2-12 12-16 8-5 35-37 43-42 27-33 45-44 28-30 22-27 29-31 37-39 6-3 19-25 1-10 8-6 4-1 32-34 34-36 25-29 0-0 21-26 33-35 3-13 14-19 24-28 46-45 17-22 44-43 20-24 39-38 9-9 41-41 7-4 40-40 11-15 5-2
6-9 0-0 12-15 3-3 4-5 8-11 5-7 10-13 14-18 13-16 9-12 12-17 7-10 2-2 11-14 3-4 1-1 5-8
6-9 7-12 38-43 19-22 12-16 40-46 30-33 25-30 37-42 7-10 2-2 38-45 22-28 23-27 1-1 36-39 0-0 21-26 33-35 39-44 34-40 8-11 16-23 31-34 28-32 14-20 9-13 21-25 24-29 4-6 6-8 20-24 5-7 15-21 26-31 10-14 13-18 35-38 32-36 11-15 3-4
1-2 0-0 4-9 5-10 8-13 6-11 7-12 3-8 10-15 9-16 10-14 11-18 9-17 3-7 2-5 2-4
11-16 20-25 22-23 9-8 11-14 23-26 9-11 2-2 1-1 6-4 0-0 18-24 10-13 7-5 17-22 8-7 13-19 14-20 5-3 12-15 4-6 15-21 9-9
6-2 0-0 2-1
11-10 0-0 13-12 15-13 4-5 5-6 7-7 8-8 12-11 2-2 16-14 3-4 1-1 10-9
16-16 10-11 5-6 18-19 1-2 3-3 4-4 10-12 15-18 2-2 11-13 12-14 14-15 19-20 6-5 0-1 10-10 9-9 8-8 7-8 17-17
1-2 7-8 0-0 6-7 4-5 5-6 10-13 8-10 2-3 3-4 9-12 7-9
18-22 20-25 13-17 11-14 12-16 15-19 22-27 14-18 7-10 2-2 1-1 0-0 21-26 4-5 8-11 10-13 19-24 7-9 6-8 23-28 5-7 17-21 16-20 24-32 3-4 9-12
6-4 0-0 10-10 13-11 9-8 14-13 7-5 12-9 2-2 8-6 11-12 1-1 5-3
0-1 1-2 0-0 4-9 5-10 8-13 4-8 6-11 7-12 2-3 3-6 3-5
15-12 18-13 5-5 3-3 6-6 10-10 0-2 11-11 4-4 7-7 9-9 19-15 8-8 16-14 1-1
26-24 11-11 13-13 6-6 12-12 7-7 28-26 17-16 25-23 29-27 22-20 19-18 3-3 5-5 4-4 27-25 30-28 23-21 14-14 2-2 25-22 1-1 15-15 0-0 31-29 18-17 35-31 20-19 36-32 10-10 9-9 8-8 32-30
15-13 30-26 42-43 45-45 36-37 44-44 22-19 40-41 29-23 16-14 17-16 33-32 10-8 16-15 8-6 12-10 25-22 35-36 39-40 9-7 13-11 6-4 32-28 0-0 27-24 37-38 11-9 19-17 18-17 34-33 23-20 41-42 7-5 4-2 21-18 5-3 38-39 3-1 14-12 31-27 34-34 24-21 33-31
11-10 0-0 13-12 3-3 5-5 6-6 9-8 4-4 14-13 8-7 2-2 12-11 16-14 1-1 10-9 17-15
26-24 16-16 10-11 19-19 23-22 20-20 2-1 5-5 12-13 7-6 15-18 6-4 3-2 0-0 21-23 18-17 9-10 14-15 25-21 1-0 11-12 13-14 8-8 4-3
22-23 19-19 30-32 28-29 17-15 10-8 19-18 20-21 29-31 25-26 18-16 2-2 8-6 27-28 9-7 4-5 11-9 26-30 12-11 23-24 13-10 0-1 26-27 21-22 7-4 14-12 24-25 4-3 16-13
27-26 15-13 11-11 26-23 7-7 28-25 16-14 17-15 29-27 3-3 18-16 2-2 8-6 20-18 25-22 1-1 21-19 5-4 0-0 27-24 19-17 23-20 6-5 10-10 9-9 14-12 24-21
6-4 0-0 8-5 2-1 9-6 2-2 5-2 5-3
27-26 29-28 22-23 48-43 6-7 3-3 5-5 12-13 20-21 4-4 39-36 9-11 49-44 33-29 16-18 1-1 10-9 46-40 2-6 0-0 17-19 26-26 35-32 38-38 44-39 34-30 41-35 25-25 9-10 24-24 14-15 19-20 11-12 39-34 15-17 43-39 14-16 27-27 37-37 13-14 21-22 48-42 8-8 45-41 36-33
48-43 7-7 51-47 39-37 32-31 16-14 2-5 0-3 44-41 49-45 17-15 15-12 10-8 30-27 54-52 55-49 42-39 35-33 50-46 34-32 3-6 5-0 25-22 29-26 9-7 27-23 26-21 39-35 59-53 11-9 60-54 1-4 38-34 61-55 4-2 29-25 13-10 37-29 41-38 24-20 14-11 23-19 28-24 31-28 40-36 45-42 56-50 43-40 6-1 57-51 22-18 21-17 20-16
29-28 53-53 9-8 24-26 14-13 40-41 18-19 46-47 32-31 51-54 59-60 31-30 33-32 49-50 54-52 13-12 56-61 36-38 58-59 20-21 7-6 42-44 28-27 14-14 39-40 16-18 47-48 23-25 0-0 22-24 44-46 11-9 30-29 41-42 50-51 8-7 12-11 4-2 19-20 55-56 6-5 15-17 17-18 5-3 48-49 38-39 35-35 37-37 10-10 21-22 54-54 60-62 3-1 36-36 57-58 34-34 51-55 15-16 33-33
36-42 14-17 39-46 5-6 33-36 10-15 32-37 38-44 45-53 36-43 25-30 3-3 5-5 4-4 6-10 13-16 15-18 2-2 31-35 43-50 1-1 27-32 0-0 36-40 14-19 18-24 8-11 30-34 37-45 29-33 49-57 40-49 48-56 7-9 46-54 9-13 12-15 22-25 24-29 6-8 36-41 47-55 42-48 44-51 17-21 35-38 16-20 23-27 9-12
14-17 18-22 40-45 51-51 53-53 5-6 15-20 52-52 74-70 77-73 70-66 46-47 23-26 67-61 69-65 5-8 6-7 3-3 64-60 24-27 8-10 10-12 9-11 2-2 50-50 31-35 76-74 60-57 1-1 11-13 23-25 58-56 36-39 0-0 38-41 12-14 44-46 59-58 4-5 39-44 13-15 30-34 66-62 29-33 67-63 28-32 16-19 34-37 49-48 65-64 25-28 7-9 37-40 48-49 61-59 74-69 75-71 14-16 78-75 54-54 38-42 26-31 17-21 71-68 27-30 32-36 35-38 19-23 56-55 3-4 21-24 65-63
14-17 18-22 6-6 15-20 25-31 26-35 2-1 15-19 1-2 3-3 5-5 30-36 10-7 12-13 22-27 4-4 29-34 16-18 27-32 0-0 21-26 26-33 24-28 23-29 14-16 20-24 13-14 9-9 17-21 19-23 7-8
5-4 0-0 2-1 6-2 3-4 5-3
10-11 22-23 4-8 25-27 19-22 23-26 16-17 6-7 12-13 20-21 8-10 14-14 2-2 3-4 15-15 18-20 1-1 0-0 17-19 11-12 7-9 17-18 3-5 4-6 24-25 15-16
13-13 9-8 7-7 17-20 28-34 25-32 35-41 18-19 23-26 30-37 24-31 16-17 37-42 35-40 14-14 3-4 33-39 1-1 19-21 0-0 20-22 22-24 26-33 11-9 13-15 21-23 2-3 12-11 39-43 32-35 6-5 17-18 31-38 4-6 40-44 23-27 29-36 15-16
0-1 0-0 1-3 6-7 11-11 4-5 5-6 8-10 8-8 2-2 3-4 10-9
5-6 15-20 24-26 26-28 10-15 25-27 11-14 12-16 7-11 2-5 27-29 1-2 11-5 8-10 12-17 23-25 28-31 14-19 16-30 10-13 18-24 2-3 7-9 0-1 6-8 5-7 15-21 13-18 3-4 9-12
14-17 30-32 3-11 5-13 17-20 24-26 26-28 4-12 34-35 19-22 33-33 38-37 6-14 27-29 11-18 32-34 8-15 28-31 0-0 22-24 29-30 21-23 25-25 1-4 2-10 16-19 18-21 0-1 10-16 39-38 36-36 23-27 0-2
1-2 9-7 12-20 17-19 12-14 14-16 10-10 5-6 4-5 11-12 13-15 2-3 11-13 18-21 15-17 3-4 16-18 7-9
4-7 1-3 6-9 14-17 30-32 36-37 26-28 17-20 33-36 25-27 1-6 30-31 19-22 23-26 7-11 2-5 27-29 34-39 13-16 15-18 32-34 0-0 29-30 21-23 19-24 16-19 18-21 32-35 37-40 0-1 9-13 12-15 22-25 5-10 6-8 8-12 10-14 35-38 3-4 31-33
14-17 1-3 22-23 11-11 12-12 24-26 18-19 10-8 6-7 12-13 20-21 7-6 8-10 2-2 3-4 1-1 23-25 0-0 13-15 7-5 19-20 17-18 26-27 21-22 25-24 9-9 15-16
10-11 5-6 8-9 23-26 12-16 0-3 2-4 6-7 31-36 26-29 10-12 29-34 22-28 18-20 16-18 1-1 11-13 19-21 0-0 17-19 12-14 20-22 4-5 9-10 14-15 27-31 15-17 22-25 30-35 28-33 27-30 23-27 7-8 0-2 21-24
0-1 1-2 13-12 14-11 15-13 5-5 6-6 7-7 9-9 8-8 2-3 12-10 3-4
5-6 22-19 17-16 20-17 12-9 10-8 26-29 19-14 6-3 15-11 16-15 2-2 24-23 8-6 4-1 9-7 18-13 0-0 23-20 21-18 13-10 6-5 25-24 7-4 14-12
3-2 0-0 5-4 7-5 4-3 2-2 8-7 1-1
36-29 26-24 30-26 2-1 14-13 24-22 33-30 25-23 10-8 22-20 37-31 23-21 12-10 8-6 20-18 17-14 15-15 21-19 13-11 6-4 3-2 9-7 32-28 11-9 7-5 1-0 0-1 19-16 14-12 31-27 4-3
22-23 19-19 6-6 9-8 20-20 23-22 7-7 17-16 11-10 5-5 12-13 29-31 18-16 16-15 2-2 1-1 10-9 22-21 0-0 26-26 25-25 21-30 24-24 2-3 15-14 27-27 28-28 14-12 13-18 3-4
1-3 18-22 20-25 2-5 6-14 20-26 7-15 21-27 5-12 10-18 9-17 3-6 8-16 28-31 0-0 14-19 29-33 26-30 22-29 28-32 25-28 4-11 17-21 27-30 16-20 19-23
0-0 3-3 4-5 5-6 7-7 9-10 8-8 2-2 1-1 7-9
0-1 3-2 11-11 13-13 10-10 9-8 12-12 9-9 7-4 4-3 8-6 1-0
16-16 11-11 13-13 19-19 21-21 9-8 12-12 20-20 2-1 28-26 33-30 7-6 27-25 10-9 32-28 5-4 3-2 0-0 8-7 15-14 6-5 29-29 10-10 22-22 31-27 4-3 18-18 17-17
16-16 22-23 19-19 20-20 42-38 25-27 36-34 2-5 31-32 40-37 37-35 1-2 28-30 12-13 20-21 26-29 29-31 8-10 39-36 9-11 34-33 2-3 14-15 11-12 23-24 7-9 0-1 43-39 4-6 6-8 13-14 21-22 5-7 24-25 18-18 3-4 17-17
30-26 8-5 27-20 3-3 16-10 18-12 10-7 28-23 4-4 17-11 29-22 2-2 8-6 1-1 23-25 0-0 22-17 19-13 20-14 21-15 24-16 28-21 15-9 26-19 12-8
