1-2 4-10 5-9 0-0 13-12 7-6 9-8 3-11 12-5 2-3 8-7 1-1
0-0 3-3 5-5 6-6 4-4 8-7 2-2 1-1 7-9
13-22 6-9 14-17 16-16 30-32 26-28 28-34 24-33 3-7 5-8 27-33 29-31 34-43 25-26 1-5 7-10 22-38 15-15 18-42 12-21 0-0 2-6 31-29 19-39 8-11 10-19 1-4 21-37 15-14 20-36 0-1 33-24 17-35 11-20 0-2 9-12
5-9 14-17 7-12 15-20 33-41 11-14 30-37 22-33 10-8 34-43 13-16 28-35 2-2 1-1 9-7 0-0 26-26 4-5 6-11 25-25 16-23 23-34 32-39 37-45 36-44 17-27 9-6 12-15 31-38 21-32 25-24 7-13 15-21 18-29 29-36 3-4 19-30
9-26 43-48 17-8 45-54 30-32 5-6 28-29 36-37 2-1 33-36 22-9 8-28 6-7 12-24 44-42 13-20 16-18 1-1 51-53 47-59 15-22 0-0 25-11 23-10 4-5 7-27 29-30 40-43 10-19 42-45 46-58 50-51 19-13 48-56 20-14 38-39 35-35 49-55 27-12 42-46 45-50 52-60 14-21 34-34 21-17 20-15 11-25 3-4 31-31 41-44
1-3 18-15 3-11 14-13 20-29 33-32 24-42 7-20 23-36 13-12 25-43 5-18 31-47 36-49 19-25 1-1 2-6 0-0 21-26 8-21 34-33 27-39 32-48 29-46 15-14 6-19 22-35 4-17 9-23 28-44 34-34 26-38 16-13 33-31
0-0 3-4 1-1 2-2
15-27 6-9 10-17 14-30 32-50 16-21 36-57 26-39 3-7 11-19 5-8 22-45 34-53 31-47 28-35 30-48 7-10 17-23 24-43 2-6 0-0 12-14 18-24 8-11 13-15 21-33 25-38 1-4 37-58 29-46 33-52 3-5 0-1 19-31 35-56 21-32 23-42 25-37 11-20 27-34 0-2 9-12
5-9 8-13 10-11 4-8 20-34 21-35 17-25 30-37 3-7 6-14 18-23 7-15 28-30 10-12 1-5 16-22 12-17 2-2 25-29 9-10 19-24 2-3 13-19 20-33 0-6 22-36 14-21 17-26 23-27 24-32
24-30 17-7 36-37 14-4 9-8 22-26 2-1 1-2 8-14 11-10 3-3 33-29 27-28 39-40 10-9 19-21 41-39 28-31 0-0 20-22 37-38 21-23 30-34 5-15 31-34 32-35 11-12 6-19 22-25 42-42 34-31 6-20 15-6 7-17
1-2 16-17 17-18 0-0 6-7 4-5 5-6 13-14 11-9 21-24 22-26 23-27 8-8 2-3 19-13 12-10 18-21 3-4 14-20 15-17
8-14 5-8 9-15 7-13 12-16 0-6 13-17 3-9 2-3 2-2 4-11 1-7
5-9 4-7 1-3 15-27 7-16 14-22 3-3 17-28 6-10 2-2 13-20 11-18 0-0 15-25 3-5 9-13 8-12 12-19 10-14 7-17 3-4
9-18 4-7 7-21 18-15 10-16 16-12 11-9 12-10 14-13 19-25 0-4 4-3 3-6 5-0 5-22 2-5 6-24 8-17 15-14 13-11
7-3 3-2 10-11 6-6 4-4 2-1 9-10 8-8 1-0
0-5 4-3 2-2 1-0 1-1
13-33 6-9 54-66 22-23 56-60 33-45 53-65 16-28 37-47 35-51 3-7 5-8 26-15 56-61 17-28 19-29 51-70 15-35 53-64 36-49 47-74 27-16 7-10 14-34 40-48 30-38 2-6 0-0 31-39 34-50 8-11 10-13 20-31 48-72 1-4 52-63 32-42 43-53 23-24 44-54 3-5 0-1 24-20 28-36 45-55 25-17 41-44 21-22 12-26 29-41 57-58 32-43 58-75 42-52 19-30 55-59 46-73 11-25 0-2 9-12
10-11 23-31 5-6 21-28 13-17 12-16 0-3 6-14 20-26 8-10 17-24 15-22 4-5 14-19 1-4 16-23 11-21 7-9 18-25 3-1 19-27 2-0 13-18 25-33 6-13 24-32 22-30
4-7 15-22 13-20 6-1 10-12 1-4 8-19 9-16 9-17 3-6 5-0 0-9 7-11 2-5 14-21 11-13
4-7 5-6 9-22 33-36 18-19 17-16 7-20 25-30 3-3 37-42 24-27 15-11 2-2 34-47 22-28 39-40 1-1 0-0 14-10 38-38 36-50 19-17 8-21 21-23 22-29 28-32 31-34 27-31 30-25 32-35 35-49 37-33 26-31 29-24 35-48 13-9 41-51 3-4
28-37 12-12 2-1 20-29 22-33 16-24 11-19 1-2 3-3 5-5 4-4 6-10 20-30 10-18 21-31 9-17 26-36 16-25 25-35 29-38 15-22 0-0 22-34 13-15 9-16 18-28 17-27 13-14 11-20 14-21 24-32 7-8
1-2 12-21 12-20 15-23 3-10 8-9 4-12 0-5 2-3 13-18 11-15 16-24 7-8 1-1 4-11 14-22
15-12 16-13 10-5 2-19 17-14 3-20 0-18 0-17 9-10 13-7 17-15 4-3 12-8 18-21 12-9 6-16 8-4
5-9 22-23 13-13 10-17 18-15 7-7 24-26 15-8 27-37 1-2 13-12 5-5 26-36 16-18 23-25 0-0 14-10 20-32 9-16 2-3 12-11 17-27 23-24 19-31 26-34 18-29 25-20 3-4 4-32
0-1 4-7 1-3 6-9 8-11 10-13 9-12 3-6 7-10 2-4 5-8
6-9 15-20 43-57 26-35 22-19 13-17 12-16 43-56 3-7 5-8 24-31 18-23 20-26 23-30 29-39 35-37 36-38 30-46 31-47 41-60 16-22 19-25 27-36 7-10 2-6 0-0 34-50 8-11 33-49 1-4 19-24 32-48 39-55 21-18 40-58 14-29 3-5 0-1 17-21 10-14 25-33 44-62 38-54 11-15 24-32 0-2 9-12
7-3 20-25 15-20 9-8 29-36 7-7 45-49 25-27 16-21 38-37 18-23 33-44 37-48 36-47 28-35 41-29 2-2 42-30 21-26 12-14 23-10 26-33 14-19 43-31 19-24 17-22 32-42 35-46 0-1 4-6 31-41 44-32 39-38 30-40 34-45 10-14 13-18 24-12 11-15 27-34 3-4
1-3 10-11 24-26 16-21 18-30 12-9 28-19 1-2 8-14 9-15 6-10 21-34 23-25 0-0 22-24 21-33 20-32 17-22 15-17 0-1 19-31 3-5 4-6 14-16 30-35 29-20 5-7 7-13 18-29 12-8
5-9 4-8 9-22 28-34 23-26 11-24 3-7 2-5 7-20 27-33 26-32 7-19 15-11 12-17 20-4 17-14 6-15 1-1 25-29 0-0 24-28 8-21 19-2 10-23 32-35 22-25 14-16 30-30 16-13 31-31
6-14 18-23 0-0 12-22 4-6 7-15 11-21 17-10 5-13 8-18 10-20 2-2 8-17 13-8 14-9 9-19 1-1 3-5
1-2 0-0 3-3 5-5 6-6 13-14 4-4 10-12 9-10 8-8 11-13 12-9 9-7
0-0 6-8 4-5 5-6 13-11 11-22 15-10 16-27 14-26 7-16 8-18 10-20 2-2 12-9 7-17 3-4 1-1 9-12 9-7
0-0 9-1 10-4 3-13 9-2 11-8 4-14 5-15 7-5 2-12 8-7 12-10 15-17 6-16 13-11
1-2 6-4 0-0 10-9 3-10 11-12 2-3 9-6 8-5 4-11 9-7
0-1 1-2 4-7 0-0 4-6 5-3 2-4 3-5
5-9 8-13 23-31 33-45 9-22 26-28 36-48 7-16 23-32 24-33 15-26 17-37 29-39 20-35 18-27 12-24 1-5 30-42 32-41 34-47 14-23 16-18 0-0 6-11 35-43 1-4 8-17 6-12 16-19 20-36 0-1 2-7 21-29 27-38 28-40 3-8 19-34 0-2 22-30
0-1 5-4 0-0 5-5 7-15 2-11 3-8 1-6 4-3 4-2 6-14
5-4 0-0 4-9 9-2 7-6 11-3 2-1 3-8 8-7 12-10 6-5
5-13 7-7 15-26 17-15 1-2 8-14 9-21 18-9 10-22 1-1 0-0 19-28 13-24 4-5 12-18 2-3 10-23 11-17 5-10 4-6 6-8 14-25 16-27 3-4
0-1 1-2 6-9 10-11 3-3 4-5 8-10 12-6 14-12 13-7 7-10 2-4 5-8
11-16 14-17 1-3 15-20 10-15 16-21 15-19 3-7 1-2 4-9 14-18 7-10 0-0 9-14 13-24 18-28 17-27 12-22 6-5 0-1 9-13 8-12 17-26 2-4
0-1 5-9 11-16 1-3 8-13 4-6 9-14 4-8 6-11 8-12 10-15 7-10 2-4 3-5
18-22 29-40 33-36 31-43 30-42 3-4 32-41 25-35 8-2 15-34 22-24 6-11 16-30 21-23 12-18 13-28 26-37 2-3 34-44 19-20 3-5 0-1 9-13 11-17 28-36 4-6 10-16 5-7 12-19 27-38 17-21 10-14 14-32 23-27 7-8
3-2 0-0 6-7 10-5 11-6 12-12 8-9 9-4 7-8 1-1 4-11 5-3
4-8 2-1 3-8 0-4 3-6 2-2 1-0
25-31 7-16 3-7 5-8 18-23 22-27 6-10 14-18 10-12 9-11 13-20 12-21 2-6 0-0 21-26 10-13 1-4 17-22 8-17 16-19 0-1 24-29 23-28 11-20 0-2
24-30 23-31 22-26 7-7 25-27 19-22 13-21 16-17 23-30 4-9 26-32 7-6 8-10 10-12 18-16 9-11 11-13 5-4 12-14 1-0 6-5 12-15 20-23 22-25 3-1 18-18 21-24
19-26 7-16 6-17 12-9 16-7 21-27 17-24 2-2 1-1 0-0 10-13 2-3 13-10 14-11 18-25 15-6 10-14 8-18 4-21 9-19 3-4
26-15 8-3 17-8 14-5 22-13 25-12 20-10 15-6 23-14 9-4 18-9 1-0 16-7 4-1 7-2
17-8 30-26 34-28 5-6 33-27 38-31 35-29 18-8 36-30 22-20 6-7 10-12 43-33 2-2 20-18 37-34 1-1 8-15 21-19 27-23 0-0 40-34 4-5 19-17 41-35 13-6 2-3 12-11 25-21 7-9 9-13 32-25 26-22 44-36 37-32 3-4
0-0 6-7 2-9 4-5 8-11 2-10 7-8 1-1 5-3
15-13 12-27 5-6 25-32 16-14 13-21 24-31 17-15 39-41 40-46 23-30 6-7 35-44 37-42 31-36 32-38 2-2 33-39 22-28 13-20 9-24 1-1 0-0 26-33 4-5 14-19 34-40 18-17 20-10 11-26 2-3 21-11 36-41 8-12 10-25 9-23 8-8 43-47 27-34 3-4
1-2 7-3 6-9 2-6 0-0 5-10 10-5 4-8 11-11 9-4 3-7 1-1
0-1 6-7 3-3 5-5 4-4 8-9 2-2 1-0 7-8
6-9 39-46 25-31 21-28 29-36 18-26 16-21 17-25 3-7 5-8 27-33 35-44 26-32 34-43 28-35 40-52 7-10 38-45 2-6 0-0 36-50 8-11 10-13 13-15 1-4 37-51 12-18 32-42 13-19 14-20 30-39 3-5 0-1 11-17 15-24 31-41 19-27 20-37 27-34 0-2 9-12 22-30
1-3 23-32 11-14 9-18 24-33 16-24 22-31 13-21 14-22 2-9 19-29 3-6 14-23 20-27 4-10 5-11 10-13 21-30 8-17 6-12 0-1 12-19 16-20 17-26 0-2
22-23 6-6 7-7 17-20 11-14 5-5 20-21 4-4 14-18 8-10 10-12 13-16 9-11 1-1 11-13 3-2 0-0 19-17 16-19 23-24 12-15 21-22
11-7 5-4 0-0 8-13 9-14 6-6 10-12 14-15 4-3 2-2 12-8 7-11 1-1 3-5
21-28 26-35 25-27 15-19 1-2 23-30 6-10 4-13 25-26 17-24 8-6 14-23 9-7 2-3 22-29 7-9 0-1 3-5 12-15 5-14 24-25 19-34 13-18 16-20 3-4 18-33
1-2 12-21 7-14 0-0 5-10 4-6 10-17 13-22 14-19 15-23 7-13 11-18 9-16 3-9 2-3 2-4 2-5 1-1 8-15
11-16 9-14 8-12 6-11 4-4 5-7 2-1 10-15 3-6 1-10
20-29 6-2 5-1 3-7 4-4 21-31 24-34 1-10 13-20 14-23 2-6 19-28 0-12 12-18 9-16 1-9 16-26 17-27 3-5 11-17 15-24 7-13 12-19 4-3 23-33 22-30
2-7 6-19 9-18 12-22 10-13 6-21 3-8 1-5 4-3 5-0 8-17 7-11 11-14 0-2
7-8 11-10 1-3 0-0 6-7 10-17 9-15 5-6 11-11 12-13 12-14 14-19 18-25 8-9 17-21 13-18 2-5 16-24 3-4
1-3 0-0 3-1 4-2 2-4
5-9 13-26 24-37 42-61 37-53 11-24 7-11 39-54 18-30 45-62 41-57 23-36 31-43 40-56 33-44 6-10 17-33 1-5 16-32 30-42 3-6 38-48 20-27 0-0 14-19 12-25 1-4 27-39 10-23 35-46 0-1 2-7 9-13 19-31 22-35 36-51 8-12 29-41 44-58 28-40 3-8 34-45 40-59 26-38 15-16 0-2
1-2 13-12 0-0 16-16 3-3 7-1 4-5 5-6 9-8 4-4 11-9 17-17 8-7 14-14 20-19 12-10 15-15 13-11
5-6 7-12 9-8 22-31 14-22 3-3 20-30 17-23 2-2 13-20 16-18 1-1 10-9 27-32 7-14 0-0 19-28 26-26 4-5 18-24 25-25 8-7 16-19 11-17 21-29 23-27 6-16
14-17 22-23 25-27 30-18 10-8 20-21 27-16 8-6 1-1 9-7 6-4 3-2 0-0 15-10 7-5 28-20 17-13 23-24 16-12 5-3 31-28 12-15 21-22 18-14
29-28 22-23 11-11 13-13 21-21 12-12 8-9 18-19 33-32 16-17 3-3 5-5 28-30 4-4 35-33 36-35 2-2 1-1 0-0 26-26 30-29 14-15 19-20 23-24 17-18 6-8 27-27 10-10 13-14 24-25 34-34 15-16 31-31
0-1 1-2 5-4 0-0 3-3 12-14 6-6 4-5 10-10 13-13 7-7 8-8 11-12
34-38 22-23 10-17 2-8 12-12 14-13 35-41 18-19 30-31 5-1 16-14 36-34 31-32 26-25 32-33 34-39 9-15 8-10 11-18 39-40 6-4 3-2 0-0 26-26 24-24 12-11 19-20 7-9 27-27 29-29 21-22 28-28 38-35 33-37 4-3 1-7
18-19 11-14 5-8 25-23 3-3 12-13 4-4 6-10 10-12 9-11 24-23 2-2 22-28 1-1 20-27 23-25 26-21 0-0 28-31 27-24 21-30 7-5 19-20 15-17 17-18 14-16 11-15
1-2 0-0 3-3 7-6 4-4 7-7 7-5 1-1 6-5
29-40 25-31 40-55 0-2 19-26 5-19 38-62 49-63 25-32 32-37 36-57 11-14 3-7 48-44 18-23 29-39 25-30 44-52 39-58 24-27 34-43 19-25 37-59 31-35 43-50 32-36 47-48 48-45 13-11 30-38 2-6 0-0 6-18 38-60 42-51 1-4 13-10 12-22 3-5 0-1 6-19 9-13 36-56 17-9 38-61 29-41 7-17 33-42 11-15 27-34 41-51 14-8 21-24
7-3 24-30 10-17 5-13 17-20 0-10 6-14 20-26 19-29 14-18 1-5 8-16 15-15 23-25 3-2 2-6 19-28 21-23 16-19 23-24 11-17 22-22 17-21 0-9 21-24
0-0 4-6 6-8 12-7 13-5 2-1 14-13 4-3 2-2 3-4 9-12 13-11
0-1 1-2 5-4 0-0 7-21 10-5 4-19 14-10 15-13 19-7 21-22 8-21 18-7 5-20 2-3 9-4 20-8 13-9 11-6 16-12
11-16 1-3 0-0 5-5 8-13 6-6 9-15 12-20 4-12 10-14 2-4 3-7 11-19 0-2 7-9
6-14 4-10 3-2 7-15 8-21 5-13 2-1 8-20 10-19 11-22 9-17 9-18 1-0 4-11 0-3
4-7 11-17 13-14 10-16 6-10 13-15 14-13 12-18 2-3 3-6 15-19 1-0 7-8 0-2 9-12 3-5
4-10 4-7 10-3 3-12 7-1 12-13 2-11 11-3 1-9 5-0 9-6 7-2 8-4
7-8 0-0 6-7 4-6 4-5 2-3 3-4 1-1
28-37 18-26 3-7 16-24 13-21 6-14 23-36 10-8 5-12 14-18 34-43 25-39 24-34 12-10 22-28 8-15 7-14 2-6 0-0 15-22 11-9 1-4 16-23 29-33 9-16 34-44 27-40 0-1 21-25 31-41 19-27 36-45 30-30 33-42 26-38 0-2
9-13 3-2 0-0 23-19 5-6 8-15 11-8 4-4 12-7 10-12 2-1 15-10 18-17 25-21 13-9 7-11 17-16 20-18 6-5 24-20
26-24 6-6 0-3 17-15 15-12 10-8 25-23 22-14 18-16 3-4 12-10 1-1 13-11 4-5 11-9 19-17 23-20 8-7 20-19 29-25 21-18 27-22 24-21 2-0 16-13
1-3 6-7 5-5 8-11 3-1 4-4 10-12 0-2 7-9
0-0 3-3 5-5 6-6 12-14 14-16 19-19 4-4 11-12 13-15 17-20 21-18 22-22 9-11 2-2 18-21 7-8 1-1 10-9 15-17
17-18 0-0 5-16 11-5 5-17 4-15 3-1 8-11 9-8 12-6 16-3 6-13 7-10
16-16 30-26 13-13 5-6 12-12 19-22 28-25 11-19 36-30 1-2 34-29 10-18 23-35 9-11 14-14 22-34 4-5 21-33 27-24 37-38 20-32 2-3 14-15 18-21 15-17 0-1 25-37 24-36 26-31 31-27 8-8 11-20 3-4 17-17
0-1 11-7 10-5 3-3 14-19 4-4 5-13 8-10 9-9 7-16 12-17 13-18 2-2 16-21 14-20 11-6 6-14
4-7 0-0 5-6 5-7 2-4 4-2 1-1 3-5
6-9 25-36 27-46 35-55 21-28 3-7 11-19 15-26 17-15 5-8 22-32 28-48 32-51 34-53 38-63 38-64 44-38 10-18 18-16 36-58 40-61 7-10 29-47 45-65 2-6 0-0 28-49 13-24 8-11 20-31 1-4 23-34 24-35 26-37 19-13 12-22 33-52 3-5 0-1 35-56 37-62 14-25 31-45 11-20 39-60 30-50 0-2 9-12 44-40
56-73 44-66 1-3 18-22 19-19 25-36 48-74 50-76 21-28 49-75 36-52 2-4 23-30 40-56 57-72 15-23 43-63 47-67 29-31 41-60 24-34 16-25 58-77 20-27 35-47 0-0 9-14 55-69 46-62 30-67 33-49 38-53 27-39 39-55 22-29 3-5 12-15 41-59 5-10 4-6 44-65 8-12 31-41 25-37 54-70 14-7 28-40 26-31 32-43 10-14 34-45 7-17 13-9 42-61 6-16
25-31 37-49 21-28 39-50 34-42 28-34 42-53 43-55 18-23 20-26 23-30 27-33 29-39 3-3 5-5 9-15 40-56 26-32 45-57 4-4 10-18 16-22 17-24 19-25 2-2 42-54 1-1 7-14 0-0 33-35 41-52 12-7 35-43 22-29 13-19 14-20 38-46 31-41 44-58 15-21 9-9 30-40 36-45 7-17 11-6
5-6 6-2 14-26 2-12 13-25 19-36 10-18 1-1 8-15 6-4 0-0 18-35 4-5 16-30 17-32 10-19 9-16 3-9 11-21 12-22 7-13 3-8 15-28 20-37 12-23
21-14 24-17 2-8 1-6 30-37 15-26 9-33 26-20 19-14 7-10 14-23 10-35 20-13 0-0 23-16 15-25 22-15 3-9 4-2 27-22 5-3 11-36 8-31 28-21 16-27 19-12 1-7 18-11
11-15 12-20 6-6 8-11 14-18 9-22 15-21 1-4 16-25 11-18 14-12 2-5 12-17 10-23 5-1 0-3 7-8
0-0 3-3 6-8 4-5 5-7 2-3 2-2 1-1
6-9 18-22 25-36 29-40 30-41 14-13 20-29 13-17 27-42 23-32 24-33 3-7 26-39 16-24 22-31 15-26 5-8 12-20 33-44 24-34 7-10 17-23 14-14 11-18 2-6 0-0 8-11 1-4 21-30 3-5 0-1 10-16 19-27 32-43 0-2 9-12
10-11 13-13 5-6 18-15 24-26 28-34 29-35 20-17 22-20 11-10 32-27 23-21 17-14 1-1 25-29 5-4 3-2 0-0 33-25 26-33 21-18 7-9 16-5 6-8 33-23 19-16 30-35 36-36 14-7 4-3 9-12
0-0 5-10 4-6 11-8 8-11 14-18 15-21 18-26 7-16 12-9 17-25 2-2 16-24 6-15 1-1 9-12 3-5
2-7 7-3 8-14 11-17 15-22 1-12 9-15 3-0 10-16 16-23 12-18 0-11 6-2 1-9 14-21 13-19 17-25 13-20 16-24 4-1
5-6 1-2 22-20 6-7 14-18 8-10 25-26 9-11 19-25 21-19 15-22 0-0 12-14 18-24 13-15 16-23 11-12 7-9 0-1 3-5 6-8 2-4
6-9 21-21 10-6 3-11 16-28 25-32 24-31 23-30 15-23 5-12 6-10 16-29 4-13 17-24 27-36 2-2 1-1 29-38 12-7 26-37 14-15 20-19 18-25 22-22 3-8 25-33 8-4
0-1 11-10 13-12 5-17 17-14 5-18 9-9 1-4 4-16 14-13 18-19 12-11 16-14 3-7 2-5 7-8
7-7 14-26 11-14 28-38 1-2 22-20 19-18 29-39 3-3 26-32 14-27 23-21 20-18 21-19 25-29 5-4 0-0 15-25 24-28 16-23 18-17 27-35 6-5 9-13 12-15 10-10 30-40 26-31 8-8
21-14 15-27 7-7 8-9 14-26 18-12 23-17 13-25 4-4 8-10 11-22 22-16 19-25 2-2 24-28 6-0 19-24 2-3 0-5 21-11 19-13 0-6 17-21 10-20 12-23
8-14 4-7 6-9 11-17 9-15 10-16 3-1 7-13 0-6 2-0 1-6 12-10 5-8 13-11
6-9 22-13 15-20 37-49 26-35 36-48 12-31 33-41 47-68 3-7 5-8 34-39 38-51 52-58 45-66 40-42 22-14 35-40 50-61 23-15 7-10 29-38 51-62 2-6 0-0 21-26 11-30 44-64 14-19 8-11 1-4 16-23 19-24 54-69 53-56 43-53 42-55 14-20 46-67 3-5 0-1 30-44 32-47 20-24 24-16 31-45 13-18 28-33 27-34 10-29 0-2 9-12
14-17 0-0 12-20 3-3 5-5 6-6 8-11 10-13 13-16 15-8 16-21 11-14 2-2 1-1 9-12 7-9
11-16 5-4 3-2 0-0 17-19 7-6 9-8 13-15 15-9 2-1 10-18 14-13 14-12 15-11 4-3 8-7 6-5
0-1 1-2 0-0 13-13 6-6 4-5 10-10 9-8 11-12 7-7 2-3 14-14 3-4
12-15 2-6 10-11 18-13 15-19 6-6 14-18 7-7 1-4 8-10 9-9 13-16 19-25 0-5 16-21 5-0 17-12 11-24 4-2 7-8
1-3 9-22 0-7 23-26 11-24 18-8 4-0 7-20 12-13 24-27 26-29 20-9 3-2 8-21 15-10 14-15 10-23 25-28 16-12 3-5 22-25 6-1 13-18 27-30 2-4
7-21 11-11 13-13 19-26 12-12 6-24 16-17 3-3 5-5 22-27 4-4 2-2 7-23 1-1 0-0 17-19 14-15 8-7 17-18 18-25 10-10 8-22 9-9 6-20 20-6 15-16
5-9 3-2 0-0 7-14 10-11 11-5 6-10 12-6 2-1 9-11 13-7 4-3 15-16 14-8 8-15
4-9 5-10 6-8 3-6 2-4 1-0 1-1 0-3
13-13 31-50 23-41 8-9 22-40 3-7 37-60 21-39 5-8 12-20 20-35 35-54 6-10 10-12 11-22 13-16 27-45 9-11 28-46 38-59 29-47 33-53 2-6 0-0 32-52 20-31 13-15 25-38 1-4 16-23 12-18 30-49 26-42 34-58 0-1 18-32 15-24 13-14 17-30 12-19 24-36 19-34 36-55 0-2
13-22 7-3 31-40 25-31 5-6 9-8 2-1 34-42 33-41 30-37 29-35 17-16 11-19 12-20 26-32 22-14 23-15 2-2 21-12 14-23 10-9 30-38 0-0 24-28 18-17 8-7 22-11 6-5 28-36 15-24 24-29 16-27 27-34 3-4
1-2 5-9 12-21 2-6 1-3 15-24 19-31 4-8 6-11 10-16 7-13 13-27 18-26 13-28 0-5 17-25 3-7 11-19 8-15 14-22
5-9 4-7 24-30 25-31 0-2 18-19 11-14 23-26 2-5 14-22 30-33 6-10 13-16 3-6 15-18 22-28 34-36 33-35 8-11 10-13 1-4 21-25 12-15 20-24 29-32 19-23 27-34 7-8 17-17 9-12
0-1 4-7 0-0 6-8 1-4 2-5 3-6 0-3 0-2 7-9
0-1 1-2 7-14 0-0 1-3 10-5 3-10 5-12 9-8 4-16 6-13 8-7 2-4
22-19 16-24 26-25 12-33 27-20 1-5 3-6 24-23 10-22 8-15 29-17 0-0 9-14 5-11 13-35 1-4 6-12 30-39 0-1 2-7 16-38 5-10 23-28 14-36 7-13 21-29 3-8 11-32 19-34 28-21 23-27 15-37 0-2 18-33
30-41 10-15 8-19 19-22 13-32 5-8 15-30 32-51 18-27 20-37 9-17 22-38 16-25 26-45 31-42 12-34 0-0 24-39 6-11 14-24 15-29 17-26 29-46 12-35 0-1 28-50 7-13 21-36 27-49 11-20 8-18 4-3 1-7 14-21 19-23 25-40 3-4 26-48
10-17 7-12 18-19 2-5 8-14 19-29 6-10 14-27 1-5 16-22 3-6 4-1 8-15 5-11 16-23 9-16 4-2 0-8 12-26 7-13 13-27 15-28 17-21 0-9
3-11 8-9 17-25 16-24 11-19 14-22 19-29 5-12 18-27 8-10 10-18 2-2 13-20 14-23 7-14 1-4 4-16 0-5 18-28 4-17 3-8 0-6 6-13 17-26
11-16 6-9 23-31 5-6 18-26 19-22 5-8 1-2 17-28 16-29 9-11 12-17 7-10 4-5 14-19 10-13 16-30 2-3 0-1 20-23 5-7 15-21 10-14 13-18 3-4 9-12
3-0 16-35 22-26 0-7 17-34 20-29 27-37 7-15 16-36 6-10 10-18 9-17 24-23 8-16 4-1 13-11 26-21 14-19 1-9 12-11 0-8 11-12 5-3 18-32 21-25 15-24 23-28 26-22 0-6 25-20 23-27 5-2 2-4
29-28 1-3 23-31 10-17 6-6 0-2 22-26 9-22 7-7 14-13 24-37 25-32 31-30 11-19 13-12 4-9 5-5 9-21 10-18 32-38 16-15 17-23 28-27 8-16 30-29 19-24 15-14 0-1 21-25 24-36 26-34 25-33 2-4
10-8 1-3 0-0 13-13 13-14 7-6 3-1 4-4 11-9 12-12 14-15 2-2 6-5 9-7
14-13 20-29 9-4 19-33 1-2 13-12 12-6 16-15 6-22 7-23 10-9 23-34 21-30 4-25 5-21 18-28 15-14 17-27 0-1 10-10 11-8
3-2 0-0 6-7 11-10 9-8 5-13 1-4 7-7 4-3 8-6 2-5 10-9
6-9 27-26 23-31 10-17 29-19 19-37 14-33 20-38 3-7 13-32 5-8 34-39 12-2 24-18 26-29 31-22 7-10 28-27 2-6 0-0 15-34 8-11 32-23 25-25 1-4 3-5 0-1 33-24 30-21 16-34 18-36 17-35 9-12
0-1 9-13 7-14 0-0 1-3 10-8 4-5 5-6 11-9 13-18 2-4 12-10 6-17 0-2
16-16 22-23 19-19 9-8 20-20 4-0 6-7 12-13 1-5 15-15 10-9 5-4 2-6 8-2 7-1 26-26 0-5 14-15 25-21 11-12 23-24 10-10 13-14 21-22 24-25 18-18 17-17
29-36 0-7 23-26 36-43 3-3 2-9 5-5 26-29 4-4 8-10 28-35 16-22 33-40 9-17 17-23 13-20 11-18 20-13 24-28 18-24 22-15 7-0 34-41 25-37 6-1 35-42 10-25 12-19 0-6 1-8 19-12 14-21 30-30 27-34 31-31
5-9 42-49 4-8 31-37 29-35 7-11 34-46 39-41 30-36 33-44 38-40 12-13 6-10 40-42 41-43 14-14 25-35 18-20 16-18 1-1 19-21 0-0 8-2 10-4 20-22 22-24 32-39 26-30 28-32 11-12 2-7 8-3 31-38 37-44 23-23 3-8 24-25 25-20 35-48 9-5 27-34 15-16 17-17
4-9 5-7 1-4 1-5 2-0 3-6 0-2
46-60 6-9 25-31 19-26 21-28 24-37 41-54 17-20 45-58 47-61 43-56 15-19 3-7 5-8 26-32 14-18 49-62 40-52 23-35 51-66 30-42 12-17 7-10 28-39 31-42 2-6 0-0 20-22 39-53 18-24 44-57 1-4 37-51 48-65 34-44 22-29 42-55 35-49 3-5 0-1 9-13 38-46 36-51 8-12 29-41 19-27 27-38 32-43 10-14 13-18 11-15 38-47
7-20 3-15 9-7 0-0 11-16 15-12 16-10 17-8 13-14 22-24 19-4 21-2 12-18 2-3 6-23 5-22 4-21 8-6 1-1 3-5
5-9 4-7 1-3 10-11 19-26 21-28 12-16 18-30 14-22 8-10 10-12 23-35 16-25 6-15 20-27 11-13 9-20 22-29 13-19 3-5 0-1 15-24 4-6 2-0 13-18 14-21
0-1 14-14 19-18 0-0 6-7 16-16 5-6 18-15 4-4 17-17 7-7 8-8 2-3 20-19 2-2 12-10 1-1 10-9 11-13
5-9 7-3 0-0 11-17 17-23 1-12 3-13 4-8 10-16 18-24 6-10 20-25 9-5 13-18 19-22 16-20 2-15 3-7 2-14 8-4
32-54 33-56 1-3 35-67 17-29 20-43 37-64 36-65 28-38 8-14 38-68 29-39 34-60 22-45 9-15 6-10 10-27 25-46 5-0 34-57 18-31 19-32 23-44 27-41 16-18 26-50 33-53 32-52 6-11 24-48 14-24 1-4 3-9 11-21 21-44 12-22 15-17 2-7 13-23 31-51 17-30 30-40 3-8 34-55 26-48 0-2
0-0 6-7 5-5 7-6 8-5 9-9 2-3 3-4 1-1
13-13 25-31 5-6 7-7 2-1 17-20 19-22 0-3 8-5 4-9 21-27 14-14 12-10 16-18 3-2 10-4 20-22 24-24 14-15 22-29 16-19 18-21 15-17 23-28 2-0 22-30
5-9 0-0 8-13 6-10 3-8 1-6 2-3 7-16 9-17 2-4
24-30 18-22 31-40 5-6 17-20 28-34 11-14 27-33 26-32 14-18 10-12 13-16 3-4 32-41 29-38 4-5 10-13 19-17 9-10 2-3 16-19 30-39 0-1 12-15 20-23 22-25 23-28 7-8 0-2 21-24
0-1 1-2 3-3 4-5 2-0 3-4 5-8
4-7 6-9 32-31 2-5 33-32 5-8 27-20 31-36 41-53 16-29 8-10 10-12 36-49 9-11 3-6 29-26 11-13 30-38 0-0 12-14 25-18 27-19 1-4 30-39 38-46 20-23 22-25 25-17 34-41 40-44 19-16 17-30 35-52 37-50 13-27 15-28 28-15 34-45 39-42 33-33 21-24
15-20 18-26 28-34 29-44 1-6 17-25 5-8 4-0 11-10 21-41 20-39 27-36 0-4 18-31 8-16 14-23 10-9 3-2 9-14 23-43 14-24 21-40 24-35 0-5 8-17 6-12 22-42 2-7 9-13 25-37 18-29 26-38
28-37 7-3 44-15 34-38 40-55 4-8 21-28 29-44 6-2 33-41 19-22 12-16 5-1 39-54 32-40 20-17 36-52 27-29 23-36 15-23 26-32 45-57 18-27 0-11 5-0 43-14 16-25 41-56 38-48 10-9 19-21 11-13 31-46 2-10 35-53 13-19 14-20 22-35 1-12 37-50 26-31 17-26 30-45 8-4
1-2 22-20 0-0 6-7 5-6 12-13 3-1 4-4 10-12 13-15 19-17 8-9 9-10 14-15 21-19 7-8 20-16
4-7 14-17 22-13 20-8 15-19 2-5 10-18 6-3 3-6 21-12 1-1 12-21 0-0 17-10 24-15 9-16 23-14 13-23 19-9 25-24 7-4 11-20
5-9 1-3 10-15 11-14 27-37 2-5 1-2 29-31 4-13 7-19 13-29 24-34 26-36 25-35 23-39 0-0 15-25 6-11 14-24 16-26 28-32 6-12 18-21 17-27 30-40 8-18 19-23 3-4
2-7 8-14 12-2 5-10 4-9 13-3 7-13 3-8 16-22 19-23 1-6 18-18 14-3 6-12 17-16 17-17
1-2 7-14 2-6 4-9 7-15 10-11 5-7 12-12 8-10 13-16 3-8 0-5 6-13
0-0 3-3 6-8 5-6 4-4 2-2 1-1 6-5
6-9 26-14 22-13 15-20 16-21 24-13 11-24 3-7 20-17 5-8 27-25 10-18 7-10 2-6 0-0 8-11 1-4 13-19 3-5 0-1 21-15 12-23 23-13 0-2 9-12
14-11 6-4 15-12 0-0 16-13 10-7 11-8 3-1 12-10 13-9 2-2 8-6 4-1 6-5 5-3
3-15 39-50 2-12 22-40 12-16 48-58 33-32 16-24 13-21 10-8 20-35 53-64 41-53 14-18 1-14 32-45 24-47 36-27 40-52 52-62 2-13 20-39 56-66 55-65 8-6 42-54 44-60 9-7 6-4 0-0 28-43 15-25 14-19 49-61 11-9 30-34 51-56 7-5 17-22 23-38 37-29 0-1 34-31 46-59 23-46 31-45 4-3 20-37 26-48 43-57 19-30
15-12 7-3 19-18 3-0 9-8 18-17 1-5 2-0 6-2 8-7 0-4 16-15 20-18 17-16 4-1 21-19 10-9 13-11
9-13 5-5 6-8 8-11 4-4 2-3 3-7 1-0 0-2 7-9
51-40 9-1 41-33 11-2 17-20 30-22 39-37 18-19 31-23 50-38 3-7 2-5 0-3 33-30 42-35 15-12 26-15 43-42 8-1 12-13 20-21 4-4 36-27 54-46 27-16 50-39 42-26 48-45 29-17 2-6 6-0 1-4 46-45 35-31 28-14 13-10 14-11 17-18 47-44 44-36 37-28 12-8
4-7 11-10 16-16 8-2 18-13 6-1 14-9 19-17 1-4 0-6 5-0 17-12 2-5 10-3 15-15 13-11
1-3 0-0 4-6 8-23 18-12 15-15 17-10 6-21 10-18 14-13 19-24 5-20 9-17 15-14 13-9 7-22 11-19 3-5
15-27 22-30 10-17 7-16 18-23 26-32 4-13 29-34 11-18 6-15 12-21 24-19 13-24 9-3 0-5 17-22 7-9 24-20 3-12 14-25 2-11 21-29 5-14 20-28 28-33 1-7 8-4
2-7 9-13 2-6 6-8 8-10 10-14 5-0 7-10 3-4 11-15 4-1 0-2
3-25 7-21 10-11 0-20 6-28 14-4 22-44 28-41 36-46 19-0 15-5 23-45 35-37 12-2 17-6 20-30 29-43 33-40 21-31 27-36 8-16 8-15 1-23 10-13 29-42 8-17 2-24 13-10 27-35 31-38 26-34 18-7 4-26 25-33 5-27 9-12
17-7 26-23 22-19 18-8 2-5 4-0 13-16 15-11 3-6 0-4 20-18 25-22 4-1 14-10 12-14 23-20 9-13 19-9 24-21 21-17 5-2
4-7 0-0 8-3 4-6 6-11 5-12 7-9 2-2 1-1 3-5
6-9 23-26 3-7 5-8 24-27 7-10 16-18 11-13 23-25 26-21 2-6 0-0 17-19 22-24 8-11 13-15 21-23 1-4 19-20 27-22 15-17 0-1 3-5 14-16 28-28 10-14 9-12
1-3 31-40 0-2 19-26 10-15 16-21 29-35 7-11 22-32 21-31 7-10 13-20 20-27 11-13 30-38 25-29 0-0 31-39 15-25 14-24 9-16 17-22 32-42 3-5 0-1 28-36 4-6 6-8 8-12 5-7 26-34 23-33 2-4
11-16 15-27 8-13 19-19 7-12 13-26 16-28 10-15 24-33 7-11 5-8 6-10 1-7 12-21 0-0 9-14 20-31 14-24 2-3 17-22 25-34 4-6 21-32 18-18 3-4
6-9 60-63 10-11 40-45 3-0 15-20 19-26 38-43 46-51 33-36 42-47 13-17 49-54 55-58 2-5 0-3 44-41 57-60 65-66 8-14 62-65 36-38 17-28 12-13 14-18 37-39 29-34 7-10 0-4 16-25 31-35 59-62 4-1 20-27 41-46 39-44 47-52 68-69 9-16 24-24 48-53 66-67 34-37 11-12 50-55 54-57 52-56 43-40 56-59 15-21 58-61 23-23 61-64 28-33 1-7 67-68
6-9 13-13 10-6 43-46 26-16 45-53 5-8 36-43 3-3 23-17 22-27 38-28 4-4 39-45 8-10 24-14 25-15 2-2 28-39 1-1 31-42 0-0 21-26 41-52 14-19 34-33 12-11 27-31 32-35 16-20 44-47 31-41 37-44 15-21 30-40 35-30 40-50 18-18 19-23 29-36
9-13 4-1 0-0 14-19 13-15 8-10 9-12 10-14 2-3 12-17 1-7 11-18 3-4 6-5 7-9
13-22 21-28 8-9 20-29 1-6 16-17 14-14 3-4 15-15 12-21 21-26 4-5 6-11 18-24 20-31 2-3 0-1 17-18 5-10 11-20 15-16 22-32 9-12
5-9 6-9 0-0 4-8 2-3 3-6 2-4 1-1
18-22 25-36 3-11 5-13 30-37 3-7 11-19 6-14 12-20 7-15 10-18 15-11 23-35 19-25 9-17 27-28 2-6 0-0 22-34 21-33 20-31 1-4 3-5 0-1 26-27 14-16 21-32 29-29 0-2
36-42 37-43 24-37 18-26 20-29 26-40 2-12 11-14 35-51 26-39 28-45 22-31 4-9 15-23 31-47 1-5 17-24 38-52 27-41 16-18 0-0 19-28 3-13 5-11 6-11 34-50 25-38 33-49 1-4 21-30 24-35 10-1 9-6 12-22 18-25 8-8 14-21 23-33
0-1 1-2 8-14 6-8 17-23 9-15 4-5 7-12 20-24 5-7 15-21 10-18 16-22 2-3 9-17 13-19 14-20 3-4 19-11 18-10
25-32 4-12 1-6 17-25 16-24 32-40 24-31 20-26 22-27 31-36 29-34 2-2 12-10 27-28 8-15 15-22 6-18 23-29 16-23 0-5 33-38 13-19 9-13 5-16 34-41 30-35 3-8 10-14 28-33 14-21 1-7
11-16 5-9 9-14 4-8 8-12 6-10 15-21 2-1 10-15 1-5 12-18 3-6 0-4 7-11 13-20
0-1 1-2 0-0 4-6 7-7 2-3 3-4
6-9 23-37 36-46 20-29 13-17 40-51 17-25 15-19 3-7 5-8 18-23 27-33 26-32 34-43 40-52 21-31 7-10 39-49 25-35 29-38 2-6 0-0 8-11 10-13 1-4 21-30 12-18 24-35 16-26 32-42 43-53 19-20 3-5 0-1 31-41 42-48 37-44 30-40 22-36 11-15 27-34 38-47 0-2 9-12
4-7 42-49 4-8 21-28 28-41 3-11 0-16 13-21 14-22 25-43 7-15 40-33 10-18 2-13 9-17 16-25 34-36 20-27 5-4 30-47 23-29 31-48 38-34 26-42 27-40 29-46 1-0 35-39 5-3 15-24 6-1 12-19 11-20 35-38 17-26 24-32
6-4 4-7 0-0 11-17 4-6 10-12 12-18 9-16 3-9 13-19 7-11 5-2 1-1 8-15
0-1 3-2 0-0 1-3 6-8 11-11 15-24 4-5 5-6 10-13 14-19 7-7 9-9 18-26 19-27 13-17 17-25 12-16 16-20 2-4
15-12 4-10 0-0 4-9 11-11 16-16 12-13 13-14 13-15 3-6 9-4 8-5 1-1 10-2
15-22 1-3 0-0 4-6 5-11 7-12 11-8 6-10 12-19 16-23 18-26 13-17 17-24 10-14 14-21 2-5 2-4
10-8 7-14 0-0 11-7 3-3 5-5 8-12 5-6 6-11 14-16 4-4 2-2 12-10 1-1 10-9 15-17
1-3 15-13 29-40 6-6 17-29 30-41 26-35 13-17 25-32 27-37 28-38 24-31 15-12 29-39 4-9 5-5 6-7 8-10 26-36 7-10 16-25 18-20 3-2 0-0 9-14 19-24 18-21 14-11 21-22 17-30 23-23 13-18 25-33 11-15 2-4
6-9 1-3 8-13 9-14 15-23 5-6 7-12 5-7 12-19 10-18 13-21 2-0 17-25 16-24 3-4 0-2 14-22
3-2 4-3 5-5 2-1
13-22 5-9 46-60 24-37 48-55 8-19 11-14 26-39 49-59 13-21 36-43 23-36 12-20 47-56 53-64 19-29 51-61 6-10 52-62 1-5 9-11 3-6 33-29 14-23 29-48 0-0 22-34 21-33 10-13 34-30 14-24 1-4 43-53 40-49 54-65 38-46 0-1 2-7 39-47 21-32 32-25 35-42 37-44 27-38 45-59 3-8 15-28 42-52 7-17 41-51 0-2
19-19 26-23 0-2 33-27 42-38 44-40 28-25 16-14 37-35 46-43 10-8 3-3 12-13 30-28 49-44 25-22 29-26 21-19 9-7 5-4 31-29 27-24 36-33 8-11 11-9 13-15 34-30 48-41 23-20 35-31 7-5 9-6 45-42 0-1 43-39 14-16 8-12 22-18 41-37 24-21 17-17 40-36
14-17 24-26 0-7 8-9 16-21 11-14 19-11 18-23 21-20 13-16 15-18 1-1 23-25 6-4 10-13 17-22 20-19 4-2 5-3 12-15 0-6 7-8 9-12
13-22 7-3 10-11 20-25 3-0 0-7 19-15 6-2 16-21 18-19 11-14 12-16 4-0 15-23 2-9 21-27 22-28 11-13 21-26 23-29 17-18 15-24 0-6 1-8 16-20 17-17 8-4
1-12 9-19 7-18 10-15 2-3 0-10 5-0 6-13 0-9 5-1 7-16 1-11 8-17 11-20 3-5
0-1 1-2 6-9 0-0 4-8 8-11 5-7 10-13 12-17 3-6 7-10 11-15 2-5 2-4 9-12
10-6 7-7 27-37 17-16 22-33 28-38 8-10 20-30 23-35 21-31 24-34 16-15 2-2 1-1 5-4 0-0 19-28 29-42 14-24 13-19 12-22 13-23 18-25 15-21 19-27 4-3 6-13 9-5
34-35 23-26 18-8 30-4 1-2 7-20 31-5 10-12 13-16 45-48 41-43 20-9 4-24 29-3 35-36 11-13 27-32 25-29 16-11 0-0 37-41 46-49 24-28 36-40 5-17 42-45 26-30 2-3 40-39 47-51 6-19 33-34 12-15 22-25 44-47 39-38 15-21 38-42 21-10 8-18 28-33
24-30 8-13 30-32 4-8 7-12 13-4 25-27 29-35 3-7 16-24 1-2 4-9 20-21 22-27 14-18 10-12 33-40 32-34 12-3 15-22 2-6 9-14 21-26 23-29 27-39 19-20 0-1 28-36 5-10 18-25 27-38 26-31 7-17 6-16 31-33
1-3 0-0 4-6 4-5 5-7 2-1 3-4
6-9 27-21 35-45 16-35 26-28 3-7 5-8 30-27 33-17 32-16 13-29 7-10 18-31 29-26 17-36 14-43 2-6 0-0 24-28 8-11 1-4 12-18 14-44 25-28 3-5 0-1 28-24 21-32 10-14 15-40 11-15 0-2 9-12
21-24 22-26 5-13 36-46 0-16 27-37 28-38 6-14 10-8 29-39 33-44 18-34 10-7 37-48 7-6 3-20 17-33 15-15 31-42 25-29 11-4 24-28 3-23 8-11 1-19 26-30 19-35 20-36 14-2 2-17 16-31 30-40 32-43 34-45 4-3 23-27 38-47 9-12
30-26 22-13 6-6 26-23 7-7 1-2 5-5 13-16 10-18 15-11 9-17 4-1 25-22 27-23 0-0 9-14 27-24 20-10 24-20 16-12 23-19 12-15 19-9 15-21 31-27 8-8 28-25 2-4
9-34 4-27 10-21 24-13 29-35 23-12 17-15 5-30 13-25 19-7 26-8 3-6 2-2 15-18 22-10 5-29 1-1 0-0 4-28 7-32 13-24 8-33 16-19 27-9 12-22 25-10 28-36 14-16 6-31 20-11 3-4
6-9 29-28 28-29 36-37 23-26 17-16 33-30 16-17 19-18 21-20 30-33 3-3 10-7 8-10 2-2 1-1 23-25 0-0 22-24 4-5 35-32 8-11 37-38 14-15 20-19 31-34 25-21 27-22 9-13 13-14 32-36 7-8 11-6
14-17 34-38 21-21 6-6 38-43 24-26 17-20 46-47 11-14 47-49 6-7 3-3 5-5 36-38 31-36 4-4 10-12 13-16 9-11 15-18 2-2 18-9 1-1 37-41 0-0 48-48 44-46 36-40 42-45 30-34 20-10 29-33 28-32 27-31 32-35 35-39 23-24 25-28 12-15 22-22 24-25 33-37 7-8 41-44
0-0 7-6 3-1 9-3 2-2 4-2 2-5
24-41 6-9 33-22 22-37 13-17 12-16 15-19 3-7 5-8 30-33 31-31 14-18 23-40 25-39 7-10 37-23 18-20 21-45 19-21 32-28 2-6 0-0 29-30 8-11 1-4 21-44 38-49 27-35 35-27 3-5 0-1 28-36 29-32 26-34 10-14 11-15 0-2 9-12
18-22 26-14 27-15 13-26 2-1 22-9 21-16 12-16 10-7 7-6 15-30 29-31 16-25 5-4 3-2 0-0 17-19 28-10 19-24 14-29 6-5 11-8 13-27 4-3 24-12 23-13
4-7 2-5 3-6 0-4 1-0 5-8 0-3
1-2 4-7 0-0 11-17 6-8 10-16 7-9 8-11 1-4 9-10 12-18 14-14 15-19 3-5
9-13 14-17 5-10 11-11 8-12 12-7 2-1 1-5 10-14 7-16 3-6 0-4 13-8 4-2 6-15
6-9 16-16 5-6 36-37 7-7 33-36 18-19 34-35 26-25 25-23 1-2 11-10 35-33 32-34 13-11 26-26 4-5 27-24 24-15 2-3 19-13 10-32 15-14 0-1 17-18 6-8 29-29 22-22 14-12 30-30 3-4
1-2 5-5 13-13 7-6 9-8 2-3 8-7 12-10 3-4 10-9
26-24 27-26 22-23 30-32 24-37 30-31 11-14 5-8 26-25 8-10 10-12 9-11 3-6 2-2 15-18 31-35 18-20 1-1 19-21 0-0 17-19 12-14 20-22 10-13 13-15 25-38 32-39 31-34 16-19 7-9 14-16 29-29 5-7 28-28 2-4
29-28 17-20 3-7 7-2 5-5 15-23 30-36 26-29 16-22 1-10 25-35 5-4 0-0 22-34 12-14 28-31 10-13 13-15 20-19 8-3 1-12 19-16 6-1 2-11 14-21 11-15 21-24
26-23 9-8 30-31 16-24 31-32 6-14 1-2 33-26 14-27 18-16 3-4 8-6 15-15 10-9 21-19 14-28 0-0 12-7 19-17 34-33 7-5 2-3 25-21 29-25 13-10 4-11 23-19 22-18 6-13 5-2
1-3 3-1 2-0 0-5 4-2
6-9 12-16 3-7 5-8 20-26 21-17 16-32 19-25 7-10 2-6 0-0 8-11 1-4 18-28 14-20 3-5 15-24 17-30 10-14 23-33 11-15 0-2 9-12
15-27 8-9 21-16 19-18 7-6 4-4 10-12 9-11 23-15 2-2 1-1 24-10 11-13 0-0 12-14 13-24 18-17 20-19 6-5 5-3 25-28 14-25 3-8 17-21 16-20
1-3 14-37 22-26 2-1 0-7 19-44 39-54 38-51 26-20 37-48 47-67 13-36 3-10 11-34 28-23 10-18 49-68 18-42 26-21 41-52 24-28 5-17 32-46 36-50 40-53 1-4 4-16 20-32 33-47 15-38 50-71 6-12 35-49 42-60 12-35 27-22 48-70 17-40 7-13 20-33 9-9 43-61 2-0 29-45 31-55 44-62 46-64 23-27 45-63 16-39
28-37 6-9 31-40 9-8 21-28 14-13 25-32 7-11 5-1 0-3 11-19 24-31 4-0 16-17 18-23 13-12 12-20 23-30 1-5 19-25 16-15 32-41 20-27 12-21 29-38 2-6 23-29 17-22 22-29 15-14 30-39 27-35 33-42 3-4
0-1 1-2 4-7 5-4 6-8 9-15 7-12 10-13 11-9 3-6 12-16 2-5 9-12
19-22 1-2 22-20 4-4 8-10 10-12 9-11 17-23 22-21 11-13 0-0 12-14 18-24 13-15 2-3 16-19 14-16 5-7 24-25 7-8 23-18
1-2 5-9 4-7 0-0 2-3 3-6 1-1 6-5
58-79 6-9 49-70 43-69 55-75 45-58 14-13 31-44 13-17 56-78 54-71 39-63 12-16 3-7 51-74 34-46 36-52 5-8 29-39 37-48 60-80 45-57 18-27 32-45 11-22 23-35 30-42 7-10 16-25 35-47 46-49 2-6 0-0 19-28 22-34 21-33 8-11 20-31 1-4 20-32 38-56 11-21 27-40 44-61 3-5 0-1 42-66 48-70 15-24 61-83 25-37 24-36 53-73 59-81 56-77 10-20 41-68 47-50 17-26 9-12
3-15 29-28 20-25 2-1 22-37 25-32 7-16 4-22 5-23 12-2 24-34 0-0 11-4 31-29 26-26 17-10 5-24 16-23 21-30 32-39 8-17 23-38 16-12 6-19 9-13 27-27 19-5 18-7 10-14 14-3
22-31 6-14 27-29 25-30 3-3 7-15 28-30 5-12 4-4 14-18 24-27 9-17 19-32 8-16 30-38 15-22 26-26 21-33 10-19 16-23 11-21 1-0 23-24 29-37 5-10 5-7 18-36 17-26
3-0 22-26 8-9 19-22 13-21 17-15 1-2 25-30 7-6 10-12 18-16 27-32 4-5 21-23 9-10 2-3 11-17 24-29 6-8 23-28 5-7 12-19 26-31 16-13
11-16 32-54 23-31 43-43 33-55 21-28 2-1 30-51 35-58 29-49 43-42 4-9 0-15 28-48 44-45 1-16 6-3 34-57 8-6 39-40 20-27 9-7 42-41 6-4 15-22 38-38 18-24 39-39 16-23 12-18 28-47 7-5 45-60 31-52 13-10 27-35 11-17 32-53 37-37 3-1 21-29 12-19 26-34 10-14 25-33 14-21 30-50 5-2 35-59
0-0 14-10 8-2 10-4 16-9 1-13 6-1 7-6 1-14 9-3 12-7 17-20 15-11 3-18 13-8 2-15 3-17
11-11 19-19 26-23 14-13 16-17 6-7 3-3 20-21 22-27 25-22 1-1 0-0 21-26 8-2 23-29 15-14 6-5 4-6 9-9 7-4 14-12 24-25 27-30 18-18 7-8 17-17
4-9 4-8 3-0 5-6 7-10 0-3 1-1 6-5
6-9 20-25 24-37 34-52 29-44 12-16 3-7 28-38 5-8 25-30 33-54 21-27 35-59 41-49 7-10 42-65 2-6 0-0 14-19 8-11 1-4 16-23 23-34 39-48 38-56 22-29 29-46 27-31 36-63 19-20 37-66 0-1 15-24 32-47 31-41 30-40 17-21 38-57 10-14 13-18 40-50 11-15 0-2 9-12 36-64
1-3 19-19 0-2 24-37 23-26 7-11 5-8 6-14 27-33 25-30 26-32 12-44 15-42 9-17 7-10 28-46 6-15 25-29 0-0 16-37 24-28 12-45 3-5 20-23 4-6 17-30 10-25 8-18 14-41 2-4 21-24
15-27 5-6 21-28 17-20 14-26 16-17 8-10 10-12 13-16 9-11 2-2 1-1 11-13 0-0 17-19 12-14 20-22 4-5 2-3 18-21 7-9 12-15 6-8 19-23 3-4
7-20 5-9 16-11 1-3 8-24 13-13 18-25 3-0 9-21 11-8 6-10 0-7 15-16 7-19 12-18 17-17 10-22 4-1 2-4
0-0 4-6 6-8 7-12 5-7 2-10 1-9
1-3 7-12 33-45 19-26 39-50 22-19 6-2 3-7 2-5 34-46 4-9 12-13 13-16 17-24 36-53 40-48 32-34 20-27 31-42 29-38 4-10 15-22 35-47 9-14 5-11 16-23 36-54 38-56 28-32 27-31 37-55 29-37 42-60 0-1 41-59 4-6 18-25 25-17 21-29 30-40 32-43 20-28 38-57 11-15 2-4 23-18
0-1 1-2 12-15 2-6 4-9 5-10 9-20 4-8 5-11 7-12 10-13 13-21 10-14 8-17 3-7 2-4
6-9 10-21 12-16 7-11 3-7 5-8 14-22 17-28 4-4 6-10 3-6 2-2 16-25 1-1 0-0 2-3 17-27 9-13 11-17 15-24 8-12 13-14 18-29 10-20
23-37 7-7 20-17 28-38 1-2 23-36 11-10 15-23 22-27 26-29 18-16 16-25 0-0 21-26 12-14 13-15 2-3 25-28 0-1 5-10 4-6 15-24 17-21 8-8 14-21 27-30
1-2 7-14 1-3 8-15 2-8 3-10 5-12 1-4 0-6 9-16 3-9 6-13 1-0 4-11
22-13 14-30 15-31 7-25 26-40 26-39 7-24 17-33 1-5 16-32 30-42 13-29 3-6 6-22 18-9 19-10 12-28 21-12 25-35 27-41 0-0 5-17 25-38 1-4 24-15 23-14 6-23 29-37 0-1 2-7 10-16 20-11 3-8 8-27 9-19 0-2
5-9 1-15 12-5 13-17 7-2 5-12 14-18 1-14 13-16 17-24 0-0 21-26 10-4 16-23 20-19 0-1 8-3 18-25 15-21 19-27 3-8 6-13
34-48 22-23 0-14 31-37 13-8 14-9 20-47 4-19 1-16 15-11 16-22 33-40 29-34 18-42 25-29 8-2 17-41 7-1 26-26 12-7 9-3 6-0 32-39 26-30 28-32 27-31 18-43 23-24 2-17 16-12 0-13 24-25 3-18 5-20 30-36 11-6
0-1 1-2 6-9 16-16 4-6 8-12 6-11 13-14 10-13 5-7 2-3 7-10 14-20 18-21 3-4 17-17 9-12
17-19 4-6 6-8 12-14 14-16 7-9 5-7 13-15 8-10 10-12 15-17 9-11 11-13 15-18 2-4 7-11 0-3 1-1 3-5
32-54 6-9 4-8 5-6 30-45 10-15 20-29 23-32 24-33 15-26 24-31 1-2 32-55 29-43 37-46 7-10 0-4 27-41 1-1 35-47 19-28 13-24 34-50 8-11 10-13 29-42 31-48 21-30 16-26 18-28 38-56 17-27 12-22 33-52 3-5 13-23 25-37 14-25 5-7 24-36 26-38 9-12 22-30
11-16 6-9 38-50 21-21 31-37 46-56 13-17 37-47 23-26 5-8 36-43 30-33 3-3 42-44 40-52 33-40 7-10 15-18 24-23 27-28 18-20 1-1 43-45 28-31 0-0 17-19 20-22 4-5 8-11 32-39 32-35 19-20 9-13 12-15 22-25 26-27 34-41 45-46 25-24 35-42 29-32 39-51 10-14 27-30
0-1 1-2 21-25 18-22 2-9 20-24 13-14 3-11 7-7 17-20 17-21 4-12 8-8 14-15 9-4 19-23 10-3 16-18 15-17
2-7 0-0 4-9 5-10 8-2 10-4 7-6 9-3 3-8 1-1 6-5
26-24 6-9 33-45 41-40 32-44 23-26 30-37 3-7 5-8 25-23 34-39 27-25 21-34 13-16 16-22 12-17 7-10 19-32 2-6 0-0 24-28 8-11 1-4 14-20 0-1 18-32 22-35 24-29 15-21 17-30 20-33 38-42 10-14 42-46 11-15 29-36 0-2 9-12
6-9 14-17 28-29 7-7 25-32 8-5 5-8 24-31 1-2 16-17 17-11 3-4 27-28 18-20 19-21 22-24 26-33 29-30 10-13 9-10 2-3 31-34 0-1 20-23 4-6 23-28 30-35 12-19 10-14 15-16
24-30 6-9 18-22 4-8 2-1 28-38 21-34 12-37 1-5 27-16 3-6 26-17 16-25 10-35 19-21 0-0 9-14 22-34 21-33 8-11 20-31 23-29 1-4 13-19 14-20 17-27 5-10 11-36 7-13 17-26
6-9 1-3 10-11 4-8 5-6 26-23 22-26 13-17 23-26 15-19 12-13 8-15 27-23 7-14 0-0 17-32 17-31 29-33 9-16 11-12 3-5 0-1 21-25 24-20 28-21 16-27 18-29 2-4
34-38 11-11 23-31 21-28 29-36 9-18 1-2 15-12 23-30 27-33 12-13 26-32 31-36 6-10 8-20 25-26 37-41 2-6 12-14 36-40 13-15 10-19 19-24 22-29 18-21 32-35 30-39 5-3 0-1 2-7 3-5 14-16 24-25 33-37 11-20 7-17 27-34
0-1 1-2 6-9 12-15 9-14 14-17 16-19 5-13 13-16 4-12 7-10 15-18 3-7 2-5 2-4
5-9 14-17 12-1 0-14 19-26 10-6 23-32 22-31 18-23 13-3 1-16 24-27 19-25 15-18 9-7 13-2 20-22 16-37 4-5 6-11 30-20 21-30 27-39 3-12 31-41 11-8 21-29 28-40 26-38
0-1 16-11 6-7 12-14 14-16 5-6 7-9 10-13 13-15 8-10 2-3 17-17 1-0 7-8 0-2 3-5
25-31 17-20 15-19 7-11 19-33 1-2 4-9 26-32 14-18 13-16 0-4 29-26 2-6 12-14 22-24 14-19 10-13 21-23 0-5 18-21 5-10 24-29 27-27 30-35 28-28 3-8 11-15 9-12
22-23 11-11 19-26 28-41 33-36 31-44 16-21 26-39 24-31 1-2 23-30 3-3 7-15 36-38 2-2 27-41 4-1 0-0 29-42 37-45 30-43 12-18 17-22 13-19 25-34 14-20 34-37 22-25 11-17 5-10 21-29 20-28 6-13 3-4 9-12
0-0 4-5 3-8 6-3 2-2 3-7 1-1
5-9 4-8 7-12 18-26 9-18 7-11 3-7 13-21 11-19 12-13 6-10 14-23 8-15 15-22 2-6 0-0 12-14 22-24 1-4 20-32 8-17 3-5 0-1 19-31 18-29 10-20 23-33 0-2 19-30
10-8 0-0 6-18 3-3 6-16 7-12 5-13 12-5 9-11 8-7 2-2 6-17 3-4 1-1 13-19
1-3 30-22 22-19 4-0 15-12 11-5 12-6 19-14 18-16 29-26 20-13 5-4 3-2 27-24 23-20 2-3 8-7 25-21 13-10 7-9 14-11 17-18 21-15 6-1 31-27 28-25
16-6 0-0 11-17 14-5 10-10 13-14 2-8 12-12 7-4 8-9 6-2 9-11 1-7 11-18 19-20 4-1 11-19
1-3 5-6 12-12 20-26 6-7 9-15 21-27 19-25 17-23 3-4 11-13 0-0 4-5 18-24 8-11 16-19 13-10 15-17 14-16 10-14 7-8
6-14 1-3 4-6 10-16 7-9 5-7 8-10 9-11 2-4 6-15 0-2 5-8 3-5
13-13 5-6 16-28 8-9 18-19 2-12 17-16 1-11 14-22 12-2 6-7 20-21 11-1 16-25 10-0 3-4 4-5 9-3 23-29 19-20 15-24 16-27 22-18 7-8
2-7 0-0 9-9 6-3 3-8 7-5 8-6 4-1
10-8 6-7 15-2 11-9 1-14 0-12 14-6 2-13 0-11 14-1 5-0 7-10 15-4 9-5 16-15
5-9 6-9 0-0 9-14 11-2 10-6 4-17 7-10 3-16 1-1
6-9 27-26 20-34 13-17 25-32 11-14 18-41 3-7 16-24 5-8 23-36 15-23 28-48 21-34 13-16 7-10 2-6 0-0 24-39 26-33 8-11 10-13 1-4 26-30 19-42 23-38 3-5 0-1 22-35 12-19 17-35 14-21 0-2 9-12
0-1 2-7 3-2 9-13 5-10 4-8 6-11 8-12 2-5 1-0
11-16 43-74 27-52 46-95 8-23 50-76 62-99 17-29 56-91 20-43 10-15 49-88 66-109 66-104 26-49 3-7 44-92 38-68 48-75 4-9 15-30 63-101 23-40 27-51 24-47 59-83 6-3 1-5 67-110 16-32 60-84 35-61 41-70 37-67 14-28 53-89 0-0 9-20 21-43 63-100 28-53 64-102 40-72 65-103 68-117 21-44 46-98 34-58 0-1 52-80 25-48 5-10 4-6 16-31 30-35 8-22 12-26 7-13 32-56 28-54 39-71 13-27 3-8 35-63 40-73 10-14 60-86 31-55 33-60 7-17 45-94 55-90 49-80 9-19 61-87 18-33 36-64
9-26 14-17 1-3 32-37 18-30 9-25 23-50 24-51 8-24 12-13 3-10 5-18 33-40 30-42 10-27 6-22 4-1 7-23 13-15 25-34 10-28 2-7 5-16 21-32 13-14 34-41 22-47 35-52 11-20 26-43 29-45 28-44
11-16 23-51 30-65 10-17 20-20 15-43 3-28 16-21 5-32 9-37 8-36 19-7 2-30 14-18 25-70 15-42 38-63 12-17 4-24 3-27 28-56 10-40 2-31 6-33 36-59 24-68 29-56 2-14 9-6 22-0 32-66 18-10 37-62 7-35 33-67 39-71 7-34
9-26 18-0 4-27 10-15 22-9 11-14 1-33 23-36 8-24 33-44 30-52 21-8 2-35 12-17 34-47 36-53 7-23 5-29 8-25 17-10 27-50 3-30 13-19 6-12 7-22 5-28 14-20 25-41 29-51 20-2 13-18 35-48 25-40 19-1
6-9 10-15 26-40 27-37 7-11 1-2 31-43 22-27 28-42 16-29 15-22 9-14 21-26 2-3 13-19 14-20 25-41 3-5 0-1 20-23 4-6 8-12 29-41 17-30 27-38 2-4
3-16 6-9 8-13 12-1 11-5 9-2 15-25 0-18 11-3 16-28 19-24 20-29 17-23 2-15 9-6 5-8 14-22
3-3 0-0 1-1 2-2
11-16 34-48 6-9 13-13 10-17 33-45 32-50 17-20 31-44 35-51 15-19 3-7 5-8 22-32 39-58 19-29 21-27 24-38 30-52 40-59 28-35 7-10 15-18 34-47 36-53 23-39 2-6 0-0 12-14 21-26 26-33 18-24 8-11 20-31 1-4 16-23 14-15 37-55 3-5 0-1 28-36 29-41 38-57 25-40 0-2 9-12
8-13 10-17 5-6 18-26 40-51 7-11 6-17 38-44 34-49 10-8 6-7 15-23 4-19 37-42 5-12 39-45 17-33 35-50 16-32 23-21 2-2 12-10 28-39 37-41 0-0 36-40 11-9 31-48 1-4 33-47 26-37 13-10 3-5 24-20 15-24 6-8 8-22 10-16 19-27 21-29 27-38 20-28
30-32 12-12 33-36 18-19 34-35 23-26 15-5 35-37 1-2 11-10 4-4 29-31 6-3 16-15 32-34 10-9 23-25 28-31 31-29 20-22 22-24 21-23 12-11 2-14 0-1 17-18 27-27 8-8 17-17
1-2 9-13 4-7 0-0 5-4 6-8 13-22 15-24 11-9 10-12 12-18 7-16 3-6 8-17 14-23 1-1
31-40 17-20 18-26 8-9 22-19 19-22 29-35 16-14 20-17 24-31 30-33 10-12 13-16 9-11 2-2 3-4 1-1 11-13 0-0 25-38 27-39 26-37 28-32 21-18 3-5 4-6 5-7 17-21 23-27 7-8
5-9 14-14 0-0 10-11 4-6 20-17 12-13 6-10 21-18 3-8 18-16 9-11 2-4 15-19 16-20 11-12 1-1 22-21 17-15
4-7 1-3 6-9 2-1 18-26 23-32 9-18 5-8 7-10 13-20 8-16 15-22 0-0 16-30 10-13 17-31 12-11 11-12 20-23 22-25 19-27 10-14 14-21 3-4 21-24
11-16 3-2 0-0 9-14 6-8 10-5 8-12 8-11 5-7 12-17 13-18 4-3 1-1 7-9
2-7 0-0 5-2 3-8 1-5 6-3 1-6 4-1
17-8 10-17 6-21 31-44 3-7 24-31 13-12 23-30 7-24 29-34 11-18 8-15 16-11 2-6 0-0 14-10 19-28 1-4 9-16 6-23 26-42 3-5 18-25 30-35 21-29 5-20 28-33 27-43 25-40
10-11 25-31 21-28 26-35 2-1 28-34 27-37 18-30 30-33 3-3 5-5 21-27 4-4 22-28 16-18 11-13 3-2 12-14 20-22 31-39 13-15 9-10 24-24 16-19 15-17 14-16 23-23 27-38 29-32 24-25 0-6 8-8 1-7
13-22 31-50 18-26 2-5 19-29 8-10 9-11 30-48 23-44 29-47 12-21 0-0 6-18 15-25 32-52 23-43 10-13 27-39 3-9 18-28 22-42 0-1 6-19 5-16 25-37 4-15 14-25 31-51 28-40 21-36 10-14 24-45 1-7 26-38
8-13 4-6 9-14 3-0 4-5 7-12 6-3 0-11 0-10 1-7 5-1
18-23 8-2 10-4 7-1 11-5 0-14 2-8 9-3 0-13 6-0 12-6 13-15 14-16 15-20 16-22 19-25 17-23 15-19 20-24
3-15 7-3 2-8 20-29 14-26 11-19 23-36 12-20 2-9 18-34 7-6 10-18 16-22 21-31 9-17 1-10 0-0 19-28 4-16 21-30 8-7 6-12 17-27 0-1 13-23 5-16 14-25 15-21 22-32
1-2 8-14 6-9 0-0 11-15 5-6 10-19 13-21 3-8 4-13 12-16 9-17 7-10 10-20 7-11 2-5 1-1
0-1 4-10 7-3 0-0 16-17 2-9 1-12 11-5 12-13 13-14 15-20 7-4 3-9 14-15 18-21 15-19 17-16 9-7
3-2 0-0 6-6 2-8 7-6 4-4 8-7 1-1
24-30 6-9 25-31 17-29 21-24 19-22 3-7 11-19 5-8 18-23 26-32 28-35 10-18 7-10 13-20 23-25 2-6 0-0 22-24 8-11 1-4 29-37 3-5 0-1 12-15 31-38 15-28 14-21 27-34 0-2 9-12
30-26 13-4 3-11 32-44 20-29 4-12 8-14 9-0 16-43 15-23 14-5 23-35 19-25 5-22 12-3 8-15 22-34 17-41 18-24 21-33 25-38 2-10 26-30 1-9 5-21 27-31 0-8 6-19 25-37 28-28 24-36 31-27 7-17 10-2
5-6 3-1 1-4 2-0 0-5 4-3
3-2 0-0 4-9 5-5 4-8 6-10 2-1 5-3
13-22 28-37 25-36 3-0 0-7 8-19 15-23 17-28 26-41 4-1 30-38 12-21 31-39 9-20 5-11 20-31 7-18 2-10 0-5 1-9 32-42 27-40 4-2 0-8 23-24 21-32 16-34 24-25 18-29 10-14 11-15 6-16 19-30
0-0 6-7 5-6 4-4 9-9 2-3 2-2 7-8 1-1 3-5
6-4 4-7 9-13 9-14 3-3 11-17 17-10 10-16 0-6 12-18 15-11 18-21 2-2 14-20 1-0 13-19 5-8 7-9
15-27 1-3 2-8 5-19 11-23 14-26 7-16 21-42 6-17 23-36 4-9 7-15 28-30 13-25 26-29 8-10 12-24 29-43 1-5 9-11 18-38 20-40 10-22 7-14 0-0 2-6 24-28 19-39 1-4 16-33 3-1 16-34 5-20 17-35 9-12
15-13 9-22 2-1 23-32 17-25 7-11 22-31 11-19 4-9 3-3 5-5 6-10 18-27 13-16 10-18 2-2 12-21 0-0 19-28 13-15 16-23 8-17 5-7 21-29 14-12 11-20 3-4 22-30
18-22 11-4 12-1 3-13 2-8 15-3 4-14 7-18 10-12 17-21 8-19 5-15 0-5 9-11 1-7 19-23 6-17 14-2 6-16
7-3 33-56 36-60 4-8 5-6 42-71 18-37 11-28 3-11 13-26 17-20 20-29 32-50 47-64 6-2 25-47 22-33 26-44 44-67 14-22 4-9 28-48 3-10 10-18 27-45 31-49 21-31 11-27 35-61 0-0 24-39 30-53 1-13 48-72 14-24 40-62 16-19 23-38 39-61 2-17 34-58 46-63 41-65 21-32 29-51 43-66 15-21 42-70 18-36 30-54 38-57 2-15 9-5 35-59 19-30 8-4
10-11 22-23 3-0 5-6 19-26 17-20 8-9 0-3 11-19 16-17 6-7 4-4 11-18 1-1 20-22 18-24 9-10 14-15 7-8 13-14 23-28 19-27 15-16 0-2
6-9 0-0 3-3 4-5 4-4 2-2 1-1 5-8
6-9 31-40 30-32 10-17 25-31 25-36 14-26 3-7 15-26 5-12 29-34 7-10 11-18 8-16 18-20 19-21 2-6 0-0 13-24 21-23 1-4 27-39 16-26 17-27 3-5 0-1 9-13 24-29 6-8 23-28 30-35 12-19 28-33 26-38 0-2
23-4 7-12 20-20 2-1 16-24 8-5 14-22 10-7 26-29 18-27 3-2 0-0 19-28 6-11 22-17 9-6 21-15 15-24 5-14 24-3 13-18 17-26 12-8
9-13 4-7 6-9 18-22 22-24 8-11 3-1 12-12 21-23 13-16 17-20 10-15 23-25 1-6 7-10 0-4 16-19 11-12 5-8 15-17
18-23 11-15 14-17 0-0 16-19 5-6 9-8 3-1 6-10 1-4 17-20 12-16 17-21 7-11 8-7 11-14 4-2 2-5 15-18
6-9 19-19 5-6 23-22 14-13 11-14 1-2 13-12 7-15 24-23 12-10 16-18 20-27 8-15 13-11 22-21 0-0 21-26 26-33 4-5 9-16 2-3 19-20 18-32 25-24 20-28 3-4
7-21 11-11 1-26 10-3 4-19 12-13 9-17 16-25 21-4 18-6 2-24 0-23 3-22 13-14 20-2 17-0 22-5 5-20 15-9 23-27 14-8
4-7 3-0 5-6 3-1 1-4 2-2 0-3
6-9 37-56 23-32 12-16 3-7 38-44 5-8 22-20 33-54 30-36 20-21 36-47 12-17 24-34 7-10 33-53 2-6 0-0 15-25 14-19 34-50 8-11 1-4 16-26 18-28 42-55 39-43 17-27 27-35 29-37 3-5 0-1 9-13 31-38 38-39 36-51 21-22 41-41 32-49 18-29 10-14 13-18 25-33 11-15 19-30
10-11 3-0 25-32 7-16 12-9 1-2 27-20 24-27 29-31 20-30 19-25 0-4 14-23 21-26 0-5 13-19 8-17 15-24 4-6 6-8 23-28 5-7 28-21 8-18 11-15 26-19
4-10 7-14 15-23 5-11 17-29 10-19 2-1 0-7 8-20 1-5 13-27 13-28 16-24 11-27 6-17 0-8 6-16 14-22
1-2 4-7 6-6 8-15 13-11 7-9 15-20 12-19 9-10 2-0 11-18 14-12 0-4 0-3 5-8 3-5
22-44 5-19 14-26 1-2 15-23 13-25 17-33 24-47 12-24 21-41 20-39 16-32 18-38 7-10 12-28 4-5 5-17 16-30 19-46 4-16 17-31 15-29 6-12 9-6 6-5 0-1 23-42 10-10 13-27 3-8 2-0 11-20 19-45
13-22 24-30 10-15 14-22 15-23 19-29 21-27 10-18 3-6 22-28 1-1 12-21 0-0 16-26 23-24 4-11 7-9 9-13 6-8 8-12 5-7 11-20 2-4
3-2 6-9 8-12 4-5 5-6 2-1 4-3 8-7 7-11 1-0
41-58 6-9 14-17 28-29 22-44 24-46 3-7 23-45 5-8 29-39 43-63 47-53 52-62 13-16 36-27 44-56 42-59 48-50 7-10 17-23 15-18 31-35 2-6 0-0 20-22 8-11 34-30 29-42 51-49 1-4 45-51 37-33 16-19 49-48 42-60 3-5 0-1 39-47 34-31 40-54 30-40 33-37 10-14 26-43 32-36 11-15 35-26 0-2 21-24
7-21 4-8 7-25 13-17 8-19 12-16 3-7 15-26 1-2 17-28 19-36 24-34 4-10 0-0 18-35 5-11 16-30 2-3 6-12 0-1 9-13 27-38 26-5 10-14 23-33 20-37 11-15 22-32
19-19 12-27 14-30 21-21 20-20 15-32 15-31 24-37 1-6 9-25 6-14 25-39 13-29 24-34 6-15 0-0 6-18 22-24 21-23 11-26 13-28 8-12 5-7 3-1 27-38 28-40 23-33 26-38 2-4
6-6 20-34 23-22 17-20 13-17 11-14 18-27 19-36 25-39 12-17 15-18 2-2 18-31 19-32 1-1 22-21 6-4 5-4 0-0 10-13 3-9 19-35 8-7 23-24 14-16 3-8 24-25 4-3 11-15 9-12
36-60 38-50 14-30 16-35 11-28 15-31 18-26 41-61 6-17 26-44 3-3 4-4 23-40 8-10 36-58 13-29 17-23 2-2 24-43 1-1 30-38 25-42 7-14 0-0 6-18 35-57 4-5 10-19 12-25 33-49 32-48 34-54 29-37 37-62 28-36 20-24 27-47 7-13 9-9 15-33 39-51 21-24
6-6 9-8 1-17 18-26 11-19 15-23 19-29 3-10 5-12 0-4 10-0 13-20 19-28 8-2 7-1 21-30 2-14 6-5 4-11 20-24 14-21
0-1 1-2 6-9 2-6 15-12 5-5 10-17 11-11 13-13 4-4 10-19 14-13 3-8 4-3 7-10 9-19 17-14 18-20 8-15
0-1 1-2 4-7 5-4 4-9 3-11 2-12 6-5
13-22 26-47 6-9 31-37 18-26 20-29 12-16 28-45 3-7 22-31 5-8 29-39 30-36 17-24 12-17 7-10 15-18 14-23 2-6 0-0 8-11 27-44 1-4 21-30 25-34 16-19 3-5 0-1 9-13 8-12 29-41 33-48 19-27 32-49 10-14 20-28 23-33 11-15 22-32
28-37 1-3 15-32 17-34 11-23 14-26 9-18 26-44 19-29 5-12 21-41 20-39 27-36 25-35 1-1 4-10 0-0 19-28 13-24 5-11 21-40 16-33 3-9 11-21 8-17 23-38 2-7 12-15 14-25 7-13 10-20 27-43 29-45
4-7 1-3 31-50 38-67 11-23 27-42 42-53 22-33 7-2 32-55 8-14 26-41 45-70 36-58 0-11 21-31 39-69 29-47 14-28 34-61 2-6 35-57 28-43 41-52 18-46 23-34 20-32 39-68 24-35 30-49 17-13 44-54 14-29 16-12 15-17 37-62 12-26 6-1 25-37 40-64 13-27 10-20 33-60 19-45 0-9 9-19 3-4
14-17 15-13 9-8 2-1 25-32 16-14 24-31 11-10 23-30 21-27 7-6 14-18 12-10 18-20 10-9 19-21 13-11 6-4 0-0 17-19 8-7 4-2 6-5 5-3 20-23 22-25 21-29
18-22 20-25 24-26 17-20 8-9 12-5 36-43 6-14 28-30 26-29 10-12 9-11 15-18 1-1 32-34 30-38 3-2 0-0 13-15 29-42 9-10 35-31 34-44 16-19 32-35 30-39 15-17 11-7 14-16 27-27 7-13 17-21 4-3 19-23 21-24 31-33
0-1 1-2 8-14 0-0 5-11 4-5 2-8 14-19 7-13 9-22 12-25 15-20 10-24 13-17 13-18 16-26 6-12 3-4 8-15
25-36 18-26 17-25 2-5 16-24 1-2 8-14 15-23 9-15 19-29 3-10 18-27 20-30 23-35 12-17 0-0 22-34 14-19 20-32 26-37 3-9 6-12 4-11 10-16 7-13 27-38 11-20 13-18
34-48 14-17 42-43 43-60 7-7 45-58 8-9 40-41 37-53 31-32 34-49 46-61 18-23 22-20 13-12 32-33 9-15 23-40 33-40 35-50 27-36 26-36 34-47 20-18 1-1 21-19 22-24 24-39 39-44 38-54 44-57 6-0 19-24 41-42 17-22 12-11 19-20 3-5 29-29 36-51 23-28 10-16 25-37 15-21 16-27 30-30 2-4
5-9 0-0 19-28 6-16 3-13 4-8 14-25 15-26 11-22 12-19 10-24 11-23 2-12 7-17 9-18 8-6 13-20 17-27 1-1 3-14
1-2 0-0 5-5 6-6 2-3 4-1
15-27 6-9 54-66 53-65 20-20 16-21 18-19 3-7 49-45 55-70 5-8 36-61 31-43 54-67 22-32 33-44 53-64 46-57 13-16 7-10 14-14 39-49 25-35 36-62 38-48 30-38 47-59 2-6 0-0 45-56 15-25 8-11 1-4 23-34 48-60 27-39 26-37 51-69 17-22 32-42 43-53 44-54 35-46 3-5 0-1 12-15 51-68 28-40 40-50 42-52 50-63 21-17 44-55 41-51 38-47 0-2 9-12
0-1 1-2 5-9 4-8 6-6 13-25 3-10 7-13 10-19 3-11 15-26 18-27 9-16 2-3 9-17 11-20 16-21 17-22 12-23 8-15
24-30 6-9 1-3 15-20 16-21 5-8 24-31 1-2 20-26 21-27 26-32 16-22 19-25 7-10 17-23 22-28 14-19 18-24 8-11 10-13 23-29 12-18 3-5 0-1 11-17 4-6 10-16 13-18 2-4 9-12
20-25 23-31 31-40 6-6 18-15 9-8 27-42 16-24 1-2 34-39 15-23 30-46 10-12 7-10 32-41 13-20 11-13 9-7 35-47 5-4 21-26 26-33 4-5 2-3 33-38 0-1 19-16 12-19 28-44 27-43 14-21 29-45 24-32 3-4 17-17 22-30
14-4 11-19 1-2 2-9 14-5 3-10 5-12 10-18 16-22 13-7 17-23 8-15 12-3 7-14 0-0 18-24 4-11 0-1 18-25 15-21 19-27 20-28 11-20 6-13
0-1 1-2 14-11 14-10 9-14 10-4 3-22 5-16 11-5 15-12 4-15 12-6 16-23 3-21 8-20 7-19 13-7 2-3 6-17
18-26 31-44 44-63 17-25 11-14 30-37 7-11 2-5 16-24 39-54 34-49 1-2 15-23 32-45 20-30 35-50 37-52 40-61 6-15 15-22 2-6 5-17 10-13 20-31 21-33 38-53 12-18 13-19 26-42 14-20 23-38 25-41 29-37 42-60 0-1 22-35 24-40 28-36 36-51 8-12 4-17 19-27 33-46 3-8 41-62 27-43 43-57
14-17 21-28 25-32 15-8 24-31 8-14 20-26 23-30 9-15 21-27 5-12 1-5 19-25 0-4 13-20 16-18 4-10 6-11 3-9 22-29 2-24 12-22 10-16 7-13
11-16 13-22 0-0 5-5 6-6 9-2 7-6 4-4 2-11 9-3 10-13 12-19 3-8 16-23 2-12 8-7 11-15 13-20 1-1 15-17
13-12 1-3 0-0 4-6 9-14 10-10 15-22 14-18 7-16 12-11 17-23 14-20 16-19 6-15 2-4 3-5
1-2 2-6 0-0 5-10 4-8 1-5 3-9
6-9 46-69 33-55 55-81 54-80 64-99 62-92 23-32 37-53 71-106 66-98 24-33 3-7 35-58 73-101 17-46 22-31 5-8 65-97 52-77 59-87 67-88 72-100 27-20 45-66 20-35 74-107 57-82 32-51 11-22 43-64 30-28 7-10 34-57 10-22 63-96 42-63 2-6 0-0 32-52 38-54 8-11 58-86 31-48 69-103 1-4 60-85 47-70 51-76 21-37 68-89 12-42 39-61 16-45 14-40 29-16 3-5 0-1 26-18 48-70 53-78 44-65 70-105 18-47 46-68 69-102 25-13 28-15 41-62 62-95 19-30 36-56 40-59 26-19 0-2 9-12 61-91
13-13 3-42 17-20 9-29 19-23 5-26 11-24 25-8 12-9 1-2 10-30 8-32 7-37 14-14 17-19 20-22 7-36 18-21 0-1 23-5 8-34 24-7 2-40 26-43 5-27 3-39 15-16
8-14 10-11 11-8 12-7 5-18 4-16 9-10 6-20 0-4 3-6 2-2 5-21 1-1 14-22
13-22 65-85 14-17 45-76 11-28 50-100 28-34 62-92 66-86 48-79 10-26 16-14 34-56 1-11 13-21 9-25 54-85 21-46 29-49 56-105 68-88 34-53 44-71 38-63 58-99 51-101 41-74 69-89 11-27 15-18 16-15 1-10 18-31 9-24 26-36 47-78 19-43 21-45 23-39 27-32 33-53 5-4 20-44 53-103 57-48 7-1 32-52 67-87 59-82 71-109 6-0 36-59 35-60 12-29 17-13 70-90 25-41 43-70 34-58 2-7 39-67 40-68 24-40 42-75 61-92 8-12 22-47 46-77 3-8 28-33 4-3 52-102 49-80 30-50 31-64 37-61 39-66
41-58 52-76 45-45 50-69 26-35 5-13 34-52 18-26 10-15 37-56 33-51 23-32 43-65 58-81 11-24 42-64 38-58 22-31 16-17 28-42 5-12 54-79 20-30 29-43 31-49 16-22 47-38 27-36 40-61 55-71 2-2 38-59 8-6 1-1 49-68 0-0 9-14 19-28 12-25 35-53 41-63 25-34 14-20 57-73 4-11 17-18 53-78 56-72 6-8 43-66 15-21 19-27 36-55 46-46 39-60 3-4 51-75
30-50 7-12 18-26 38-55 0-3 19-33 8-14 29-49 4-9 15-23 9-15 22-27 39-62 28-46 27-5 16-25 36-53 29-47 31-60 24-39 6-11 12-18 13-19 14-20 11-17 5-10 34-51 10-16 35-52 21-29 3-8 17-21 37-54 25-40 1-43 32-61 0-2
0-0 6-6 4-5 2-3 2-2 7-8 2-4
6-9 23-37 22-44 11-14 3-7 5-8 14-22 19-40 27-29 25-30 13-16 7-10 29-26 17-36 2-6 0-0 8-11 31-46 1-4 16-23 18-39 24-24 28-32 14-20 27-31 29-25 15-17 0-1 3-5 12-15 30-35 20-42 27-30 0-2 9-12
13-22 5-9 30-50 67-89 25-36 2-8 18-37 41-54 56-69 65-81 47-75 64-80 66-86 54-67 67-88 9-15 51-64 52-65 63-79 31-49 40-52 62-74 24-34 30-48 34-47 28-39 47-78 14-23 20-27 29-48 48-76 37-41 72-91 45-56 15-25 6-11 36-40 23-29 57-70 59-71 34-44 43-53 42-55 4-2 16-19 70-83 15-24 50-63 19-38 8-12 10-16 61-73 3-1 7-13 33-46 38-42 53-66 60-72 0-6 32-43 39-51 11-20 65-82 4-3 1-7 17-26 68-90 69-84 24-32 22-30
24-30 13-13 25-31 15-20 19-22 8-14 12-13 22-27 7-19 2-2 16-25 1-1 10-9 0-0 26-33 23-29 18-21 11-12 3-5 20-23 4-6 6-8 10-10 5-7 7-17 17-26 27-34 21-24
9-26 4-18 17-29 19-4 7-7 5-19 3-17 0-15 15-11 19-3 1-32 8-25 2-16 2-31 7-5 14-2 16-12 13-1 9-27 6-20 22-8 23-33 1-30 13-0
6-9 1-3 4-5 7-6 6-10 0-4 1-0 0-2 5-8
6-9 15-13 32-50 29-54 13-17 16-14 3-7 33-30 5-8 17-15 12-20 24-38 26-32 14-18 29-53 31-49 22-41 11-1 28-52 30-48 7-10 33-29 2-6 0-0 8-11 1-4 21-40 10-24 11-26 18-28 25-34 20-36 3-5 23-42 34-55 11-25 0-2 9-12
0-1 8-14 16-6 17-8 4-19 2-9 9-15 10-16 7-13 3-11 5-20 12-4 15-7 18-21 6-12 0-3
4-10 6-4 2-6 0-0 8-13 2-8 4-12 7-5 3-7 5-2 1-1 5-3
18-22 10-11 4-8 20-29 7-2 25-26 3-6 1-1 11-13 0-0 12-14 13-15 21-30 16-19 23-24 8-3 5-7 9-9 19-27 24-25 17-21 26-31 15-16 8-4
0-1 1-2 4-7 0-0 5-9 3-3 6-8 7-11 2-5
17-18 18-23 0-0 15-19 4-5 5-6 7-7 10-12 13-21 8-9 12-16 16-18 8-8 9-11 2-2 11-15 3-4 1-1 14-22
5-9 10-17 7-12 2-5 13-21 12-20 11-18 14-23 8-15 9-14 6-11 1-4 9-16 0-1 2-7 15-24 4-6 16-27 18-29 4-3 17-26 19-30
0-1 1-3 4-6 6-8 7-9 5-7 8-11 12-16 10-14 2-4 11-15 0-2 9-12 3-5
0-0 6-7 5-6 7-12 8-8 2-3 11-13 7-10 4-2 1-1 3-5
7-3 18-22 13-13 19-19 3-7 18-23 11-10 6-3 16-15 1-1 0-0 3-9 15-14 14-11 10-5 4-6 20-24 17-21 16-20 5-2 8-4
2-16 5-4 0-0 8-3 14-10 1-12 2-18 3-13 8-1 7-6 11-9 4-14 6-5 15-11 13-8 16-19 12-9 2-17 9-7
1-2 9-13 11-10 0-0 3-3 8-12 5-6 4-4 7-7 10-14 13-7 12-9 15-15 6-5
3-2 0-0 4-8 2-1 7-4 9-6 8-5 1-1 5-3
11-16 6-9 13-13 24-26 10-15 3-7 5-8 17-37 26-20 18-34 25-19 18-33 19-25 7-10 14-14 16-18 20-27 26-21 2-6 0-0 8-11 21-23 1-4 27-40 23-24 15-17 0-1 3-5 19-31 17-39 0-2 9-12
22-23 23-31 13-4 21-28 2-1 9-18 12-9 1-2 20-26 14-5 10-7 5-12 8-16 8-15 7-14 0-0 16-30 19-24 15-29 18-25 17-21 6-13 12-8
18-22 20-25 11-11 3-0 12-12 6-2 0-4 4-1 16-18 2-6 21-26 13-15 8-7 16-19 15-17 14-16 10-10 20-24 9-9 17-21 19-23 7-8
6-6 3-0 4-5 5-7 8-8 0-4 7-11 1-1 9-12
23-37 10-17 17-29 27-42 29-44 13-8 39-54 43-25 11-19 3-3 44-27 9-15 50-57 24-38 46-57 51-61 21-34 49-62 26-41 25-39 35-50 37-52 2-2 18-31 19-32 1-1 47-59 15-22 0-0 9-14 28-43 31-46 16-23 38-53 48-60 46-58 14-20 7-9 3-5 22-35 11-17 45-55 4-6 32-47 8-12 36-51 5-7 17-30 20-33 22-36 42-24 25-40 30-45
8-14 0-0 4-9 5-10 6-11 7-12 10-13 3-8 2-3 9-17 3-6 2-4 11-18 1-1 8-15
29-28 5-6 31-26 8-9 10-15 13-17 30-31 32-37 12-16 24-33 11-19 27-29 1-2 15-12 28-30 20-21 26-36 3-4 25-35 1-1 23-25 16-13 0-0 22-24 4-5 21-23 9-10 2-3 19-20 14-11 18-14 7-8
6-9 4-7 10-17 23-11 21-8 16-22 17-23 13-20 11-18 22-10 26-12 27-28 2-6 9-14 1-4 16-23 24-11 0-1 7-26 20-24 12-19 14-21 19-23 8-27
5-9 10-5 0-0 9-3 8-10 4-13 3-6 2-2 11-14 1-1
15-27 7-14 5-10 3-3 4-6 7-15 11-21 13-25 11-22 8-20 10-18 12-24 14-26 9-17 6-13 2-2 0-9 0-8 3-4 1-1
1-2 4-7 1-3 2-0 0-5 3-6
33-66 6-9 14-17 45-76 25-36 15-20 45-58 31-54 50-60 15-19 3-7 40-80 49-59 30-56 5-8 52-82 29-49 39-75 51-61 30-52 42-77 27-45 46-70 41-80 34-67 7-10 17-23 22-38 31-53 23-39 35-69 10-31 2-6 0-0 36-70 8-11 13-15 44-57 1-4 11-26 24-35 28-47 21-44 12-22 10-28 3-5 0-1 34-68 38-73 26-46 14-16 18-25 47-65 20-42 19-34 13-18 46-64 21-43 37-65 16-13 9-12
17-29 13-26 8-19 18-30 24-31 14-22 29-39 9-21 5-12 12-24 23-35 0-11 11-27 3-6 2-2 16-25 22-38 12-28 4-10 7-18 3-9 21-37 1-0 20-36 26-34 3-8 6-13 7-17 2-4
10-17 7-11 1-2 18-23 6-10 13-20 11-18 8-15 15-22 0-0 4-5 9-16 2-3 17-13 16-12 0-1 4-6 5-7 12-19 14-21 3-4
8-3 10-9 3-13 11-9 1-17 14-6 7-4 17-21 1-19 6-2 13-7 5-0 12-11 16-15 9-5 2-14 4-1 1-20
6-9 1-3 30-32 42-49 46-51 0-2 43-60 26-28 49-54 33-21 16-10 32-20 44-45 17-11 21-34 29-31 34-22 15-18 28-27 56-62 24-19 38-41 9-14 55-48 47-52 13-15 18-17 51-56 37-25 48-53 19-35 36-24 39-43 3-5 0-1 50-55 54-57 53-47 4-6 14-16 35-23 5-7 7-13 43-61 45-50 20-37 2-4 31-33
1-3 0-0 6-18 9-8 15-21 3-11 12-6 13-16 5-14 14-12 7-5 8-7 6-17 4-20 13-10 2-4 10-9
13-22 4-7 10-11 29-50 4-8 20-34 8-9 2-4 5-8 26-44 23-36 29-49 12-20 25-43 33-54 19-29 28-48 1-5 3-6 18-31 16-25 21-38 14-23 11-13 25-42 19-28 32-52 39-57 9-10 22-39 38-56 0-1 18-32 24-40 15-24 31-51 36-55 7-17 17-26 6-16
26-35 24-33 18-30 11-19 1-2 15-23 22-27 19-32 22-28 0-0 12-14 8-11 10-13 13-15 23-29 25-34 7-9 0-1 19-31 21-25 6-8 14-16 20-24 5-7 17-21 4-3 16-20 9-12
0-0 4-6 5-5 7-7 8-10 2-3 6-12 1-1 7-9
28-37 6-9 40-45 0-2 48-62 20-20 27-42 42-61 18-19 3-7 46-52 34-46 5-8 29-39 37-48 26-32 47-53 22-14 14-27 7-10 35-47 2-6 0-0 11-30 8-11 1-4 24-15 31-34 38-49 25-28 0-1 45-55 15-24 44-58 30-40 32-36 10-29 13-31 16-13 17-17 9-12
13-33 6-9 8-13 40-55 29-44 47-61 17-25 26-39 7-11 16-24 5-8 44-67 1-2 12-20 15-23 9-15 28-42 18-27 46-70 43-64 48-59 36-53 11-18 19-28 34-50 31-46 45-69 39-57 24-35 2-3 38-56 20-19 27-40 3-5 0-1 42-66 13-34 4-6 32-47 49-71 25-37 33-48 35-52 21-29 41-62 37-54 30-45
5-9 10-11 4-8 20-29 43-55 30-37 19-33 15-26 1-2 17-28 41-53 26-41 40-52 23-35 36-58 3-6 37-59 18-31 19-32 34-47 42-54 6-15 12-21 22-34 32-46 38-60 33-49 21-30 27-39 2-3 39-61 0-1 35-56 31-38 13-23 14-25 25-44 28-40 16-27 11-20 8-18 26-43 7-17 44-62 29-36 9-19 2-4
8-13 19-19 21-21 22-23 7-12 11-14 23-26 12-9 31-32 1-2 8-14 9-15 16-18 25-29 24-28 4-5 26-30 28-20 20-19 27-31 30-25 13-10 15-17 0-1 17-18 6-8 10-16 5-7 29-24 23-27 3-4
6-9 30-41 26-35 34-42 25-32 14-26 28-45 7-11 20-17 1-2 22-20 14-27 23-21 7-10 11-13 21-19 12-14 16-30 13-15 27-44 32-39 17-31 2-3 33-38 29-37 35-46 0-1 4-6 18-25 5-7 17-30 15-28 32-36 3-4 20-16
4-2 0-0 1-1 3-3
5-9 23-37 8-13 10-21 7-16 3-7 22-33 16-24 11-19 15-26 19-29 6-10 21-34 9-17 18-31 28-39 14-23 2-6 0-0 30-47 1-4 6-12 17-27 12-22 25-41 3-5 0-1 26-46 17-30 27-38 28-40 20-28 26-43 10-20 0-2
1-2 11-16 20-27 0-0 1-3 17-23 2-9 15-25 5-6 7-12 3-10 4-4 10-13 3-11 16-22 8-18 13-19 11-15 14-20 15-26
24-30 3-0 0-7 7-2 11-10 10-9 19-21 23-25 17-19 20-22 4-5 13-15 12-11 16-20 15-17 9-13 14-16 6-1 0-6 8-8 18-18 21-24
2-8 14-13 7-16 27-37 1-2 23-36 13-12 25-30 3-3 6-10 18-27 24-34 5-4 19-28 12-14 26-33 21-23 10-19 8-17 16-20 0-1 4-6 20-24 23-28 15-9 17-26 11-15
0-1 1-2 18-22 11-11 12-14 4-5 5-6 10-13 7-7 9-9 15-16 17-21 2-3 14-15 13-19 19-23 16-20 3-4 15-17
33-56 38-50 5-6 37-49 20-20 23-41 36-48 28-34 25-32 14-26 2-12 15-19 3-7 17-16 1-11 8-5 34-46 31-43 27-33 4-9 20-21 32-51 29-31 23-40 13-29 16-15 12-10 11-13 40-57 33-53 35-47 0-0 12-14 18-17 19-35 19-20 9-2 21-22 6-1 14-25 7-4 34-45 22-30
1-0 2-3 0-2 3-5
5-9 19-19 11-28 28-41 16-21 37-53 38-55 36-52 15-26 21-20 41-60 10-18 29-43 1-5 35-50 42-59 24-34 0-0 31-48 1-4 39-57 27-39 24-35 17-22 38-56 8-17 6-12 26-38 40-58 0-1 2-7 25-37 14-25 7-13 33-46 3-8 32-49 18-29 12-30 23-33 13-31 18-11 22-32 30-45
11-16 5-9 4-7 1-3 20-25 18-22 7-12 15-20 22-26 16-21 1-2 8-14 9-15 14-18 12-17 3-6 25-29 6-11 13-19 0-1 5-10 23-28 19-23
5-4 0-0 11-11 12-7 8-9 9-10 14-12 4-3 2-2 13-8 1-1 6-5
4-7 6-9 8-13 10-17 18-26 11-24 7-11 22-31 15-23 19-29 20-30 7-10 0-4 2-2 6-15 1-1 23-34 21-30 9-16 24-35 17-22 0-5 16-19 23-33 14-25 17-21 13-18 16-20 22-32
11-16 5-6 15-20 18-26 16-21 6-7 3-3 4-4 8-10 9-11 12-17 2-2 22-28 1-1 20-22 14-19 10-13 21-23 7-9 6-8 19-27 10-14 13-18
25-36 24-26 33-36 5-1 17-16 22-33 32-40 28-38 4-0 38-51 36-38 10-49 26-29 11-55 16-15 1-10 41-56 8-46 39-35 12-52 31-39 9-47 6-11 21-23 20-32 38-34 6-12 34-37 3-5 13-43 19-31 33-48 14-45 27-30 35-38 0-9 2-4
6-9 1-3 25-36 17-29 3-7 22-33 7-15 17-28 18-38 2-2 11-18 12-21 0-0 15-25 4-5 8-11 20-31 10-19 14-24 23-34 27-39 24-35 26-37 9-13 13-23 4-6 21-32 3-8 16-27 10-20 19-30 2-4 9-12
5-6 7-12 3-11 22-37 32-50 35-51 21-39 36-52 1-2 8-14 18-23 6-7 9-15 3-10 16-29 31-47 28-35 19-25 13-20 22-34 4-5 18-24 27-44 31-48 21-40 33-49 12-18 2-3 23-38 25-41 0-1 11-17 6-8 10-16 17-30 20-33 15-28 26-43 14-32 30-45
7-3 10-3 0-0 6-8 3-1 5-7 4-2 9-6
6-9 14-17 20-20 18-19 22-40 11-14 41-36 3-7 36-34 5-8 38-28 35-33 13-16 27-45 42-50 34-32 7-10 15-18 16-25 23-44 28-27 2-6 0-0 20-22 31-29 8-11 1-4 22-39 0-1 12-15 25-48 40-35 24-49 17-26 32-30 0-2 9-12 33-31
18-22 20-25 2-1 18-19 8-4 17-16 17-15 26-32 15-11 23-27 3-2 0-0 14-10 21-26 24-28 12-7 7-5 6-5 25-28 13-9 4-3 19-23 17-17 11-6 22-30
4-7 2-9 5-6 13-14 10-12 1-4 9-10 8-8 11-13 12-11 7-8 0-2 3-5
4-7 32-26 22-19 29-23 41-36 5-8 1-2 34-29 37-31 12-13 38-33 6-10 3-6 0-0 18-17 23-20 7-5 2-3 14-15 33-28 30-25 21-18 39-34 36-32 40-35 42-37 13-14 35-30 7-4 31-27 29-24 15-16
16-16 8-13 23-31 15-20 2-8 19-26 21-28 1-6 18-19 33-41 24-33 4-9 3-3 31-36 13-25 20-27 0-0 13-24 27-39 26-37 22-29 25-34 6-12 2-7 17-18 30-35 28-40 10-14 32-36 11-15 12-23 26-38
5-9 0-0 3-3 4-8 7-6 8-10 2-2 1-1 6-5
13-22 5-9 24-30 16-16 38-36 47-54 28-29 39-37 17-16 22-33 11-19 36-43 27-29 45-53 12-20 44-52 7-6 4-4 26-29 30-28 16-15 34-47 29-26 1-1 0-0 6-11 14-24 2-3 31-34 40-39 15-14 32-35 41-38 9-13 13-23 43-49 8-12 42-48 35-42 33-46 44-51 23-33
0-1 1-2 3-12 6-7 6-8 8-11 4-14 5-13 10-15 7-10 9-5 2-4
9-26 14-17 26-35 31-44 24-33 22-33 32-40 4-9 3-3 19-29 30-46 37-39 20-30 13-16 21-31 15-18 8-6 8-16 7-14 10-24 18-28 11-21 25-34 34-37 23-33 33-43 12-22 3-5 0-1 28-36 1-8 11-20 29-45 6-13 1-7 35-38 12-23 38-47 2-4
43-48 36-42 37-36 13-13 10-17 41-33 5-6 38-43 40-32 2-1 8-9 34-46 38-37 27-29 18-23 6-7 37-39 10-18 25-26 1-5 16-15 14-14 34-47 19-21 23-25 3-2 0-0 17-19 22-24 1-4 9-10 32-35 16-12 26-27 35-42 28-28 39-31 30-30 7-8 21-24 42-34
10-11 28-29 2-8 15-32 31-26 31-30 32-40 16-39 17-37 10-12 6-3 25-35 1-1 11-13 2-16 6-4 0-0 27-23 23-29 4-14 9-10 24-35 7-5 13-19 30-25 27-22 29-29 28-28 3-18 19-34 14-21 5-2 18-33
8-13 25-31 18-26 2-12 17-25 12-16 9-18 14-22 23-30 4-9 5-5 6-3 1-1 27-32 0-0 16-23 29-33 25-34 11-17 15-24 24-29 30-35 2-11 19-27 3-8 7-4 20-28 28-33 10-20 22-30
7-3 10-11 19-26 31-37 28-34 43-55 35-41 32-37 29-35 43-56 3-7 16-17 27-33 2-9 50-66 20-21 26-32 41-53 4-4 34-43 43-54 42-50 25-26 11-13 0-0 41-46 50-67 7-1 25-18 17-31 48-60 42-56 55-73 24-24 14-15 18-28 33-38 49-57 54-72 45-64 4-6 39-47 13-14 21-22 37-44 5-7 46-50 23-23 51-68 24-25 1-8 52-71 15-16
17-18 16-11 9-14 6-8 3-0 5-7 8-10 12-16 1-5 13-17 2-3 0-4 11-15 4-1 7-9
17-18 20-23 0-0 13-13 9-20 4-5 5-6 9-21 3-1 6-10 19-17 11-22 8-19 2-3 1-9 14-15 18-18 7-11 15-16 12-22
6-4 8-3 9-1 3-11 0-7 2-10 1-8 4-12 7-5 5-0
39-46 40-45 5-6 52-64 13-8 22-33 14-9 16-7 1-2 37-42 3-3 33-44 51-19 24-27 28-23 10-12 20-30 42-50 23-35 32-38 48-59 41-49 15-18 19-32 25-22 1-1 8-15 30-24 27-23 7-14 0-0 21-26 45-56 36-40 58-65 55-61 9-16 46-58 39-48 43-53 29-37 44-54 61-69 45-55 57-62 60-68 34-41 49-60 17-21 64-70 6-13 65-71 50-63 59-66
4-7 31-40 20-20 43-60 30-37 48-51 5-8 8-14 52-44 19-29 20-21 40-42 36-58 49-53 53-63 40-61 32-41 38-59 11-18 47-48 27-32 35-57 15-34 45-56 21-23 1-4 49-52 9-16 27-31 6-12 33-43 50-55 22-22 3-1 7-13 12-19 24-25 0-6 2-0 28-33 41-62 23-27 29-36 47-47
43-48 4-7 1-3 6-9 18-22 20-25 41-40 32-37 5-8 34-39 12-13 31-36 24-27 36-47 42-44 44-49 7-10 14-14 16-15 37-41 8-11 22-17 30-34 40-43 29-33 26-30 28-32 27-31 39-43 21-18 25-28 3-5 0-1 23-19 35-46 38-42 17-21 19-23 15-16 2-4 9-12
13-13 25-31 23-8 28-34 51-47 39-37 5-1 8-5 36-30 27-33 44-45 10-12 6-3 31-22 41-43 22-7 35-28 16-18 1-1 34-26 0-0 12-14 19-6 33-25 48-41 14-15 18-11 4-2 16-19 50-40 43-44 35-27 45-42 24-20 49-38 9-9 7-4 37-21 46-46 30-36 15-16 32-23
